-------------------------------------------------------------------------------
Test set: asg06.TestExpression
-------------------------------------------------------------------------------
Tests run: 13, Failures: 0, Errors: 13, Skipped: 0, Time elapsed: 0.513 sec <<< FAILURE!
testSubtractionToString(asg06.TestExpression)  Time elapsed: 0.081 sec  <<< ERROR!
java.lang.StackOverflowError
	at asg06.Expression.<init>(Expression.java:4)
	at asg06.Expression.<init>(Expression.java:4)
	at asg06.Expression.<init>(Expression.java:4)
	at asg06.Expression.<init>(Expression.java:4)
	at asg06.Expression.<init>(Expression.java:4)
	at asg06.Expression.<init>(Expression.java:4)
	at asg06.Expression.<init>(Expression.java:4)
	at asg06.Expression.<init>(Expression.java:4)
	at asg06.Expression.<init>(Expression.java:4)
	at asg06.Expression.<init>(Expression.java:4)
	at asg06.Expression.<init>(Expression.java:4)
	at asg06.Expression.<init>(Expression.java:4)
	at asg06.Expression.<init>(Expression.java:4)
	at asg06.Expression.<init>(Expression.java:4)
	at asg06.Expression.<init>(Expression.java:4)
	at asg06.Expression.<init>(Expression.java:4)
	at asg06.Expression.<init>(Expression.java:4)
	at asg06.Expression.<init>(Expression.java:4)
	at asg06.Expression.<init>(Expression.java:4)
	at asg06.Expression.<init>(Expression.java:4)
	at asg06.Expression.<init>(Expression.java:4)
	at asg06.Expression.<init>(Expression.java:4)
	at asg06.Expression.<init>(Expression.java:4)
	at asg06.Expression.<init>(Expression.java:4)
	at asg06.Expression.<init>(Expression.java:4)
	at asg06.Expression.<init>(Expression.java:4)
	at asg06.Expression.<init>(Expression.java:4)
	at asg06.Expression.<init>(Expression.java:4)
	at asg06.Expression.<init>(Expression.java:4)
	at asg06.Expression.<init>(Expression.java:4)
	at asg06.Expression.<init>(Expression.java:4)
	at asg06.Expression.<init>(Expression.java:4)
	at asg06.Expression.<init>(Expression.java:4)
	at asg06.Expression.<init>(Expression.java:4)
	at asg06.Expression.<init>(Expression.java:4)
	at asg06.Expression.<init>(Expression.java:4)
	at asg06.Expression.<init>(Expression.java:4)
	at asg06.Expression.<init>(Expression.java:4)
	at asg06.Expression.<init>(Expression.java:4)
	at asg06.Expression.<init>(Expression.java:4)
	at asg06.Expression.<init>(Expression.java:4)
	at asg06.Expression.<init>(Expression.java:4)
	at asg06.Expression.<init>(Expression.java:4)
	at asg06.Expression.<init>(Expression.java:4)
	at asg06.Expression.<init>(Expression.java:4)
	at asg06.Expression.<init>(Expression.java:4)
	at asg06.Expression.<init>(Expression.java:4)
	at asg06.Expression.<init>(Expression.java:4)
	at asg06.Expression.<init>(Expression.java:4)
	at asg06.Expression.<init>(Expression.java:4)
	at asg06.Expression.<init>(Expression.java:4)
	at asg06.Expression.<init>(Expression.java:4)
	at asg06.Expression.<init>(Expression.java:4)
	at asg06.Expression.<init>(Expression.java:4)
	at asg06.Expression.<init>(Expression.java:4)
	at asg06.Expression.<init>(Expression.java:4)
	at asg06.Expression.<init>(Expression.java:4)
	at asg06.Expression.<init>(Expression.java:4)
	at asg06.Expression.<init>(Expression.java:4)
	at asg06.Expression.<init>(Expression.java:4)
	at asg06.Expression.<init>(Expression.java:4)
	at asg06.Expression.<init>(Expression.java:4)
	at asg06.Expression.<init>(Expression.java:4)
	at asg06.Expression.<init>(Expression.java:4)
	at asg06.Expression.<init>(Expression.java:4)
	at asg06.Expression.<init>(Expression.java:4)
	at asg06.Expression.<init>(Expression.java:4)
	at asg06.Expression.<init>(Expression.java:4)
	at asg06.Expression.<init>(Expression.java:4)
	at asg06.Expression.<init>(Expression.java:4)
	at asg06.Expression.<init>(Expression.java:4)
	at asg06.Expression.<init>(Expression.java:4)
	at asg06.Expression.<init>(Expression.java:4)
	at asg06.Expression.<init>(Expression.java:4)
	at asg06.Expression.<init>(Expression.java:4)
	at asg06.Expression.<init>(Expression.java:4)
	at asg06.Expression.<init>(Expression.java:4)
	at asg06.Expression.<init>(Expression.java:4)
	at asg06.Expression.<init>(Expression.java:4)
	at asg06.Expression.<init>(Expression.java:4)
	at asg06.Expression.<init>(Expression.java:4)
	at asg06.Expression.<init>(Expression.java:4)
	at asg06.Expression.<init>(Expression.java:4)
	at asg06.Expression.<init>(Expression.java:4)
	at asg06.Expression.<init>(Expression.java:4)
	at asg06.Expression.<init>(Expression.java:4)
	at asg06.Expression.<init>(Expression.java:4)
	at asg06.Expression.<init>(Expression.java:4)
	at asg06.Expression.<init>(Expression.java:4)
	at asg06.Expression.<init>(Expression.java:4)
	at asg06.Expression.<init>(Expression.java:4)
	at asg06.Expression.<init>(Expression.java:4)
	at asg06.Expression.<init>(Expression.java:4)
	at asg06.Expression.<init>(Expression.java:4)
	at asg06.Expression.<init>(Expression.java:4)
	at asg06.Expression.<init>(Expression.java:4)
	at asg06.Expression.<init>(Expression.java:4)
	at asg06.Expression.<init>(Expression.java:4)
	at asg06.Expression.<init>(Expression.java:4)
	at asg06.Expression.<init>(Expression.java:4)
	at asg06.Expression.<init>(Expression.java:4)
	at asg06.Expression.<init>(Expression.java:4)
	at asg06.Expression.<init>(Expression.java:4)
	at asg06.Expression.<init>(Expression.java:4)
	at asg06.Expression.<init>(Expression.java:4)
	at asg06.Expression.<init>(Expression.java:4)
	at asg06.Expression.<init>(Expression.java:4)
	at asg06.Expression.<init>(Expression.java:4)
	at asg06.Expression.<init>(Expression.java:4)
	at asg06.Expression.<init>(Expression.java:4)
	at asg06.Expression.<init>(Expression.java:4)
	at asg06.Expression.<init>(Expression.java:4)
	at asg06.Expression.<init>(Expression.java:4)
	at asg06.Expression.<init>(Expression.java:4)
	at asg06.Expression.<init>(Expression.java:4)
	at asg06.Expression.<init>(Expression.java:4)
	at asg06.Expression.<init>(Expression.java:4)
	at asg06.Expression.<init>(Expression.java:4)
	at asg06.Expression.<init>(Expression.java:4)
	at asg06.Expression.<init>(Expression.java:4)
	at asg06.Expression.<init>(Expression.java:4)
	at asg06.Expression.<init>(Expression.java:4)
	at asg06.Expression.<init>(Expression.java:4)
	at asg06.Expression.<init>(Expression.java:4)
	at asg06.Expression.<init>(Expression.java:4)
	at asg06.Expression.<init>(Expression.java:4)
	at asg06.Expression.<init>(Expression.java:4)
	at asg06.Expression.<init>(Expression.java:4)
	at asg06.Expression.<init>(Expression.java:4)
	at asg06.Expression.<init>(Expression.java:4)
	at asg06.Expression.<init>(Expression.java:4)
	at asg06.Expression.<init>(Expression.java:4)
	at asg06.Expression.<init>(Expression.java:4)
	at asg06.Expression.<init>(Expression.java:4)
	at asg06.Expression.<init>(Expression.java:4)
	at asg06.Expression.<init>(Expression.java:4)
	at asg06.Expression.<init>(Expression.java:4)
	at asg06.Expression.<init>(Expression.java:4)
	at asg06.Expression.<init>(Expression.java:4)
	at asg06.Expression.<init>(Expression.java:4)
	at asg06.Expression.<init>(Expression.java:4)
	at asg06.Expression.<init>(Expression.java:4)
	at asg06.Expression.<init>(Expression.java:4)
	at asg06.Expression.<init>(Expression.java:4)
	at asg06.Expression.<init>(Expression.java:4)
	at asg06.Expression.<init>(Expression.java:4)
	at asg06.Expression.<init>(Expression.java:4)
	at asg06.Expression.<init>(Expression.java:4)
	at asg06.Expression.<init>(Expression.java:4)
	at asg06.Expression.<init>(Expression.java:4)
	at asg06.Expression.<init>(Expression.java:4)
	at asg06.Expression.<init>(Expression.java:4)
	at asg06.Expression.<init>(Expression.java:4)
	at asg06.Expression.<init>(Expression.java:4)
	at asg06.Expression.<init>(Expression.java:4)
	at asg06.Expression.<init>(Expression.java:4)
	at asg06.Expression.<init>(Expression.java:4)
	at asg06.Expression.<init>(Expression.java:4)
	at asg06.Expression.<init>(Expression.java:4)
	at asg06.Expression.<init>(Expression.java:4)
	at asg06.Expression.<init>(Expression.java:4)
	at asg06.Expression.<init>(Expression.java:4)
	at asg06.Expression.<init>(Expression.java:4)
	at asg06.Expression.<init>(Expression.java:4)
	at asg06.Expression.<init>(Expression.java:4)
	at asg06.Expression.<init>(Expression.java:4)
	at asg06.Expression.<init>(Expression.java:4)
	at asg06.Expression.<init>(Expression.java:4)
	at asg06.Expression.<init>(Expression.java:4)
	at asg06.Expression.<init>(Expression.java:4)
	at asg06.Expression.<init>(Expression.java:4)
	at asg06.Expression.<init>(Expression.java:4)
	at asg06.Expression.<init>(Expression.java:4)
	at asg06.Expression.<init>(Expression.java:4)
	at asg06.Expression.<init>(Expression.java:4)
	at asg06.Expression.<init>(Expression.java:4)
	at asg06.Expression.<init>(Expression.java:4)
	at asg06.Expression.<init>(Expression.java:4)
	at asg06.Expression.<init>(Expression.java:4)
	at asg06.Expression.<init>(Expression.java:4)
	at asg06.Expression.<init>(Expression.java:4)
	at asg06.Expression.<init>(Expression.java:4)
	at asg06.Expression.<init>(Expression.java:4)
	at asg06.Expression.<init>(Expression.java:4)
	at asg06.Expression.<init>(Expression.java:4)
	at asg06.Expression.<init>(Expression.java:4)
	at asg06.Expression.<init>(Expression.java:4)
	at asg06.Expression.<init>(Expression.java:4)
	at asg06.Expression.<init>(Expression.java:4)
	at asg06.Expression.<init>(Expression.java:4)
	at asg06.Expression.<init>(Expression.java:4)
	at asg06.Expression.<init>(Expression.java:4)
	at asg06.Expression.<init>(Expression.java:4)
	at asg06.Expression.<init>(Expression.java:4)
	at asg06.Expression.<init>(Expression.java:4)
	at asg06.Expression.<init>(Expression.java:4)
	at asg06.Expression.<init>(Expression.java:4)
	at asg06.Expression.<init>(Expression.java:4)
	at asg06.Expression.<init>(Expression.java:4)
	at asg06.Expression.<init>(Expression.java:4)
	at asg06.Expression.<init>(Expression.java:4)
	at asg06.Expression.<init>(Expression.java:4)
	at asg06.Expression.<init>(Expression.java:4)
	at asg06.Expression.<init>(Expression.java:4)
	at asg06.Expression.<init>(Expression.java:4)
	at asg06.Expression.<init>(Expression.java:4)
	at asg06.Expression.<init>(Expression.java:4)
	at asg06.Expression.<init>(Expression.java:4)
	at asg06.Expression.<init>(Expression.java:4)
	at asg06.Expression.<init>(Expression.java:4)
	at asg06.Expression.<init>(Expression.java:4)
	at asg06.Expression.<init>(Expression.java:4)
	at asg06.Expression.<init>(Expression.java:4)
	at asg06.Expression.<init>(Expression.java:4)
	at asg06.Expression.<init>(Expression.java:4)
	at asg06.Expression.<init>(Expression.java:4)
	at asg06.Expression.<init>(Expression.java:4)
	at asg06.Expression.<init>(Expression.java:4)
	at asg06.Expression.<init>(Expression.java:4)
	at asg06.Expression.<init>(Expression.java:4)
	at asg06.Expression.<init>(Expression.java:4)
	at asg06.Expression.<init>(Expression.java:4)
	at asg06.Expression.<init>(Expression.java:4)
	at asg06.Expression.<init>(Expression.java:4)
	at asg06.Expression.<init>(Expression.java:4)
	at asg06.Expression.<init>(Expression.java:4)
	at asg06.Expression.<init>(Expression.java:4)
	at asg06.Expression.<init>(Expression.java:4)
	at asg06.Expression.<init>(Expression.java:4)
	at asg06.Expression.<init>(Expression.java:4)
	at asg06.Expression.<init>(Expression.java:4)
	at asg06.Expression.<init>(Expression.java:4)
	at asg06.Expression.<init>(Expression.java:4)
	at asg06.Expression.<init>(Expression.java:4)
	at asg06.Expression.<init>(Expression.java:4)
	at asg06.Expression.<init>(Expression.java:4)
	at asg06.Expression.<init>(Expression.java:4)
	at asg06.Expression.<init>(Expression.java:4)
	at asg06.Expression.<init>(Expression.java:4)
	at asg06.Expression.<init>(Expression.java:4)
	at asg06.Expression.<init>(Expression.java:4)
	at asg06.Expression.<init>(Expression.java:4)
	at asg06.Expression.<init>(Expression.java:4)
	at asg06.Expression.<init>(Expression.java:4)
	at asg06.Expression.<init>(Expression.java:4)
	at asg06.Expression.<init>(Expression.java:4)
	at asg06.Expression.<init>(Expression.java:4)
	at asg06.Expression.<init>(Expression.java:4)
	at asg06.Expression.<init>(Expression.java:4)
	at asg06.Expression.<init>(Expression.java:4)
	at asg06.Expression.<init>(Expression.java:4)
	at asg06.Expression.<init>(Expression.java:4)
	at asg06.Expression.<init>(Expression.java:4)
	at asg06.Expression.<init>(Expression.java:4)
	at asg06.Expression.<init>(Expression.java:4)
	at asg06.Expression.<init>(Expression.java:4)
	at asg06.Expression.<init>(Expression.java:4)
	at asg06.Expression.<init>(Expression.java:4)
	at asg06.Expression.<init>(Expression.java:4)
	at asg06.Expression.<init>(Expression.java:4)
	at asg06.Expression.<init>(Expression.java:4)
	at asg06.Expression.<init>(Expression.java:4)
	at asg06.Expression.<init>(Expression.java:4)
	at asg06.Expression.<init>(Expression.java:4)
	at asg06.Expression.<init>(Expression.java:4)
	at asg06.Expression.<init>(Expression.java:4)
	at asg06.Expression.<init>(Expression.java:4)
	at asg06.Expression.<init>(Expression.java:4)
	at asg06.Expression.<init>(Expression.java:4)
	at asg06.Expression.<init>(Expression.java:4)
	at asg06.Expression.<init>(Expression.java:4)
	at asg06.Expression.<init>(Expression.java:4)
	at asg06.Expression.<init>(Expression.java:4)
	at asg06.Expression.<init>(Expression.java:4)
	at asg06.Expression.<init>(Expression.java:4)
	at asg06.Expression.<init>(Expression.java:4)
	at asg06.Expression.<init>(Expression.java:4)
	at asg06.Expression.<init>(Expression.java:4)
	at asg06.Expression.<init>(Expression.java:4)
	at asg06.Expression.<init>(Expression.java:4)
	at asg06.Expression.<init>(Expression.java:4)
	at asg06.Expression.<init>(Expression.java:4)
	at asg06.Expression.<init>(Expression.java:4)
	at asg06.Expression.<init>(Expression.java:4)
	at asg06.Expression.<init>(Expression.java:4)
	at asg06.Expression.<init>(Expression.java:4)
	at asg06.Expression.<init>(Expression.java:4)
	at asg06.Expression.<init>(Expression.java:4)
	at asg06.Expression.<init>(Expression.java:4)
	at asg06.Expression.<init>(Expression.java:4)
	at asg06.Expression.<init>(Expression.java:4)
	at asg06.Expression.<init>(Expression.java:4)
	at asg06.Expression.<init>(Expression.java:4)
	at asg06.Expression.<init>(Expression.java:4)
	at asg06.Expression.<init>(Expression.java:4)
	at asg06.Expression.<init>(Expression.java:4)
	at asg06.Expression.<init>(Expression.java:4)
	at asg06.Expression.<init>(Expression.java:4)
	at asg06.Expression.<init>(Expression.java:4)
	at asg06.Expression.<init>(Expression.java:4)
	at asg06.Expression.<init>(Expression.java:4)
	at asg06.Expression.<init>(Expression.java:4)
	at asg06.Expression.<init>(Expression.java:4)
	at asg06.Expression.<init>(Expression.java:4)
	at asg06.Expression.<init>(Expression.java:4)
	at asg06.Expression.<init>(Expression.java:4)
	at asg06.Expression.<init>(Expression.java:4)
	at asg06.Expression.<init>(Expression.java:4)
	at asg06.Expression.<init>(Expression.java:4)
	at asg06.Expression.<init>(Expression.java:4)
	at asg06.Expression.<init>(Expression.java:4)
	at asg06.Expression.<init>(Expression.java:4)
	at asg06.Expression.<init>(Expression.java:4)
	at asg06.Expression.<init>(Expression.java:4)
	at asg06.Expression.<init>(Expression.java:4)
	at asg06.Expression.<init>(Expression.java:4)
	at asg06.Expression.<init>(Expression.java:4)
	at asg06.Expression.<init>(Expression.java:4)
	at asg06.Expression.<init>(Expression.java:4)
	at asg06.Expression.<init>(Expression.java:4)
	at asg06.Expression.<init>(Expression.java:4)
	at asg06.Expression.<init>(Expression.java:4)
	at asg06.Expression.<init>(Expression.java:4)
	at asg06.Expression.<init>(Expression.java:4)
	at asg06.Expression.<init>(Expression.java:4)
	at asg06.Expression.<init>(Expression.java:4)
	at asg06.Expression.<init>(Expression.java:4)
	at asg06.Expression.<init>(Expression.java:4)
	at asg06.Expression.<init>(Expression.java:4)
	at asg06.Expression.<init>(Expression.java:4)
	at asg06.Expression.<init>(Expression.java:4)
	at asg06.Expression.<init>(Expression.java:4)
	at asg06.Expression.<init>(Expression.java:4)
	at asg06.Expression.<init>(Expression.java:4)
	at asg06.Expression.<init>(Expression.java:4)
	at asg06.Expression.<init>(Expression.java:4)
	at asg06.Expression.<init>(Expression.java:4)
	at asg06.Expression.<init>(Expression.java:4)
	at asg06.Expression.<init>(Expression.java:4)
	at asg06.Expression.<init>(Expression.java:4)
	at asg06.Expression.<init>(Expression.java:4)
	at asg06.Expression.<init>(Expression.java:4)
	at asg06.Expression.<init>(Expression.java:4)
	at asg06.Expression.<init>(Expression.java:4)
	at asg06.Expression.<init>(Expression.java:4)
	at asg06.Expression.<init>(Expression.java:4)
	at asg06.Expression.<init>(Expression.java:4)
	at asg06.Expression.<init>(Expression.java:4)
	at asg06.Expression.<init>(Expression.java:4)
	at asg06.Expression.<init>(Expression.java:4)
	at asg06.Expression.<init>(Expression.java:4)
	at asg06.Expression.<init>(Expression.java:4)
	at asg06.Expression.<init>(Expression.java:4)
	at asg06.Expression.<init>(Expression.java:4)
	at asg06.Expression.<init>(Expression.java:4)
	at asg06.Expression.<init>(Expression.java:4)
	at asg06.Expression.<init>(Expression.java:4)
	at asg06.Expression.<init>(Expression.java:4)
	at asg06.Expression.<init>(Expression.java:4)
	at asg06.Expression.<init>(Expression.java:4)
	at asg06.Expression.<init>(Expression.java:4)
	at asg06.Expression.<init>(Expression.java:4)
	at asg06.Expression.<init>(Expression.java:4)
	at asg06.Expression.<init>(Expression.java:4)
	at asg06.Expression.<init>(Expression.java:4)
	at asg06.Expression.<init>(Expression.java:4)
	at asg06.Expression.<init>(Expression.java:4)
	at asg06.Expression.<init>(Expression.java:4)
	at asg06.Expression.<init>(Expression.java:4)
	at asg06.Expression.<init>(Expression.java:4)
	at asg06.Expression.<init>(Expression.java:4)
	at asg06.Expression.<init>(Expression.java:4)
	at asg06.Expression.<init>(Expression.java:4)
	at asg06.Expression.<init>(Expression.java:4)
	at asg06.Expression.<init>(Expression.java:4)
	at asg06.Expression.<init>(Expression.java:4)
	at asg06.Expression.<init>(Expression.java:4)
	at asg06.Expression.<init>(Expression.java:4)
	at asg06.Expression.<init>(Expression.java:4)
	at asg06.Expression.<init>(Expression.java:4)
	at asg06.Expression.<init>(Expression.java:4)
	at asg06.Expression.<init>(Expression.java:4)
	at asg06.Expression.<init>(Expression.java:4)
	at asg06.Expression.<init>(Expression.java:4)
	at asg06.Expression.<init>(Expression.java:4)
	at asg06.Expression.<init>(Expression.java:4)
	at asg06.Expression.<init>(Expression.java:4)
	at asg06.Expression.<init>(Expression.java:4)
	at asg06.Expression.<init>(Expression.java:4)
	at asg06.Expression.<init>(Expression.java:4)
	at asg06.Expression.<init>(Expression.java:4)
	at asg06.Expression.<init>(Expression.java:4)
	at asg06.Expression.<init>(Expression.java:4)
	at asg06.Expression.<init>(Expression.java:4)
	at asg06.Expression.<init>(Expression.java:4)
	at asg06.Expression.<init>(Expression.java:4)
	at asg06.Expression.<init>(Expression.java:4)
	at asg06.Expression.<init>(Expression.java:4)
	at asg06.Expression.<init>(Expression.java:4)
	at asg06.Expression.<init>(Expression.java:4)
	at asg06.Expression.<init>(Expression.java:4)
	at asg06.Expression.<init>(Expression.java:4)
	at asg06.Expression.<init>(Expression.java:4)
	at asg06.Expression.<init>(Expression.java:4)
	at asg06.Expression.<init>(Expression.java:4)
	at asg06.Expression.<init>(Expression.java:4)
	at asg06.Expression.<init>(Expression.java:4)
	at asg06.Expression.<init>(Expression.java:4)
	at asg06.Expression.<init>(Expression.java:4)
	at asg06.Expression.<init>(Expression.java:4)
	at asg06.Expression.<init>(Expression.java:4)
	at asg06.Expression.<init>(Expression.java:4)
	at asg06.Expression.<init>(Expression.java:4)
	at asg06.Expression.<init>(Expression.java:4)
	at asg06.Expression.<init>(Expression.java:4)
	at asg06.Expression.<init>(Expression.java:4)
	at asg06.Expression.<init>(Expression.java:4)
	at asg06.Expression.<init>(Expression.java:4)
	at asg06.Expression.<init>(Expression.java:4)
	at asg06.Expression.<init>(Expression.java:4)
	at asg06.Expression.<init>(Expression.java:4)
	at asg06.Expression.<init>(Expression.java:4)
	at asg06.Expression.<init>(Expression.java:4)
	at asg06.Expression.<init>(Expression.java:4)
	at asg06.Expression.<init>(Expression.java:4)
	at asg06.Expression.<init>(Expression.java:4)
	at asg06.Expression.<init>(Expression.java:4)
	at asg06.Expression.<init>(Expression.java:4)
	at asg06.Expression.<init>(Expression.java:4)
	at asg06.Expression.<init>(Expression.java:4)
	at asg06.Expression.<init>(Expression.java:4)
	at asg06.Expression.<init>(Expression.java:4)
	at asg06.Expression.<init>(Expression.java:4)
	at asg06.Expression.<init>(Expression.java:4)
	at asg06.Expression.<init>(Expression.java:4)
	at asg06.Expression.<init>(Expression.java:4)
	at asg06.Expression.<init>(Expression.java:4)
	at asg06.Expression.<init>(Expression.java:4)
	at asg06.Expression.<init>(Expression.java:4)
	at asg06.Expression.<init>(Expression.java:4)
	at asg06.Expression.<init>(Expression.java:4)
	at asg06.Expression.<init>(Expression.java:4)
	at asg06.Expression.<init>(Expression.java:4)
	at asg06.Expression.<init>(Expression.java:4)
	at asg06.Expression.<init>(Expression.java:4)
	at asg06.Expression.<init>(Expression.java:4)
	at asg06.Expression.<init>(Expression.java:4)
	at asg06.Expression.<init>(Expression.java:4)
	at asg06.Expression.<init>(Expression.java:4)
	at asg06.Expression.<init>(Expression.java:4)
	at asg06.Expression.<init>(Expression.java:4)
	at asg06.Expression.<init>(Expression.java:4)
	at asg06.Expression.<init>(Expression.java:4)
	at asg06.Expression.<init>(Expression.java:4)
	at asg06.Expression.<init>(Expression.java:4)
	at asg06.Expression.<init>(Expression.java:4)
	at asg06.Expression.<init>(Expression.java:4)
	at asg06.Expression.<init>(Expression.java:4)
	at asg06.Expression.<init>(Expression.java:4)
	at asg06.Expression.<init>(Expression.java:4)
	at asg06.Expression.<init>(Expression.java:4)
	at asg06.Expression.<init>(Expression.java:4)
	at asg06.Expression.<init>(Expression.java:4)
	at asg06.Expression.<init>(Expression.java:4)
	at asg06.Expression.<init>(Expression.java:4)
	at asg06.Expression.<init>(Expression.java:4)
	at asg06.Expression.<init>(Expression.java:4)
	at asg06.Expression.<init>(Expression.java:4)
	at asg06.Expression.<init>(Expression.java:4)
	at asg06.Expression.<init>(Expression.java:4)
	at asg06.Expression.<init>(Expression.java:4)
	at asg06.Expression.<init>(Expression.java:4)
	at asg06.Expression.<init>(Expression.java:4)
	at asg06.Expression.<init>(Expression.java:4)
	at asg06.Expression.<init>(Expression.java:4)
	at asg06.Expression.<init>(Expression.java:4)
	at asg06.Expression.<init>(Expression.java:4)
	at asg06.Expression.<init>(Expression.java:4)
	at asg06.Expression.<init>(Expression.java:4)
	at asg06.Expression.<init>(Expression.java:4)
	at asg06.Expression.<init>(Expression.java:4)
	at asg06.Expression.<init>(Expression.java:4)
	at asg06.Expression.<init>(Expression.java:4)
	at asg06.Expression.<init>(Expression.java:4)
	at asg06.Expression.<init>(Expression.java:4)
	at asg06.Expression.<init>(Expression.java:4)
	at asg06.Expression.<init>(Expression.java:4)
	at asg06.Expression.<init>(Expression.java:4)
	at asg06.Expression.<init>(Expression.java:4)
	at asg06.Expression.<init>(Expression.java:4)
	at asg06.Expression.<init>(Expression.java:4)
	at asg06.Expression.<init>(Expression.java:4)
	at asg06.Expression.<init>(Expression.java:4)
	at asg06.Expression.<init>(Expression.java:4)
	at asg06.Expression.<init>(Expression.java:4)
	at asg06.Expression.<init>(Expression.java:4)
	at asg06.Expression.<init>(Expression.java:4)
	at asg06.Expression.<init>(Expression.java:4)
	at asg06.Expression.<init>(Expression.java:4)
	at asg06.Expression.<init>(Expression.java:4)
	at asg06.Expression.<init>(Expression.java:4)
	at asg06.Expression.<init>(Expression.java:4)
	at asg06.Expression.<init>(Expression.java:4)
	at asg06.Expression.<init>(Expression.java:4)
	at asg06.Expression.<init>(Expression.java:4)
	at asg06.Expression.<init>(Expression.java:4)
	at asg06.Expression.<init>(Expression.java:4)
	at asg06.Expression.<init>(Expression.java:4)
	at asg06.Expression.<init>(Expression.java:4)
	at asg06.Expression.<init>(Expression.java:4)
	at asg06.Expression.<init>(Expression.java:4)
	at asg06.Expression.<init>(Expression.java:4)
	at asg06.Expression.<init>(Expression.java:4)
	at asg06.Expression.<init>(Expression.java:4)
	at asg06.Expression.<init>(Expression.java:4)
	at asg06.Expression.<init>(Expression.java:4)
	at asg06.Expression.<init>(Expression.java:4)
	at asg06.Expression.<init>(Expression.java:4)
	at asg06.Expression.<init>(Expression.java:4)
	at asg06.Expression.<init>(Expression.java:4)
	at asg06.Expression.<init>(Expression.java:4)
	at asg06.Expression.<init>(Expression.java:4)
	at asg06.Expression.<init>(Expression.java:4)
	at asg06.Expression.<init>(Expression.java:4)
	at asg06.Expression.<init>(Expression.java:4)
	at asg06.Expression.<init>(Expression.java:4)
	at asg06.Expression.<init>(Expression.java:4)
	at asg06.Expression.<init>(Expression.java:4)
	at asg06.Expression.<init>(Expression.java:4)
	at asg06.Expression.<init>(Expression.java:4)
	at asg06.Expression.<init>(Expression.java:4)
	at asg06.Expression.<init>(Expression.java:4)
	at asg06.Expression.<init>(Expression.java:4)
	at asg06.Expression.<init>(Expression.java:4)
	at asg06.Expression.<init>(Expression.java:4)
	at asg06.Expression.<init>(Expression.java:4)
	at asg06.Expression.<init>(Expression.java:4)
	at asg06.Expression.<init>(Expression.java:4)
	at asg06.Expression.<init>(Expression.java:4)
	at asg06.Expression.<init>(Expression.java:4)
	at asg06.Expression.<init>(Expression.java:4)
	at asg06.Expression.<init>(Expression.java:4)
	at asg06.Expression.<init>(Expression.java:4)
	at asg06.Expression.<init>(Expression.java:4)
	at asg06.Expression.<init>(Expression.java:4)
	at asg06.Expression.<init>(Expression.java:4)
	at asg06.Expression.<init>(Expression.java:4)
	at asg06.Expression.<init>(Expression.java:4)
	at asg06.Expression.<init>(Expression.java:4)
	at asg06.Expression.<init>(Expression.java:4)
	at asg06.Expression.<init>(Expression.java:4)
	at asg06.Expression.<init>(Expression.java:4)
	at asg06.Expression.<init>(Expression.java:4)
	at asg06.Expression.<init>(Expression.java:4)
	at asg06.Expression.<init>(Expression.java:4)
	at asg06.Expression.<init>(Expression.java:4)
	at asg06.Expression.<init>(Expression.java:4)
	at asg06.Expression.<init>(Expression.java:4)
	at asg06.Expression.<init>(Expression.java:4)
	at asg06.Expression.<init>(Expression.java:4)
	at asg06.Expression.<init>(Expression.java:4)
	at asg06.Expression.<init>(Expression.java:4)
	at asg06.Expression.<init>(Expression.java:4)
	at asg06.Expression.<init>(Expression.java:4)
	at asg06.Expression.<init>(Expression.java:4)
	at asg06.Expression.<init>(Expression.java:4)
	at asg06.Expression.<init>(Expression.java:4)
	at asg06.Expression.<init>(Expression.java:4)
	at asg06.Expression.<init>(Expression.java:4)
	at asg06.Expression.<init>(Expression.java:4)
	at asg06.Expression.<init>(Expression.java:4)
	at asg06.Expression.<init>(Expression.java:4)
	at asg06.Expression.<init>(Expression.java:4)
	at asg06.Expression.<init>(Expression.java:4)
	at asg06.Expression.<init>(Expression.java:4)
	at asg06.Expression.<init>(Expression.java:4)
	at asg06.Expression.<init>(Expression.java:4)
	at asg06.Expression.<init>(Expression.java:4)
	at asg06.Expression.<init>(Expression.java:4)
	at asg06.Expression.<init>(Expression.java:4)
	at asg06.Expression.<init>(Expression.java:4)
	at asg06.Expression.<init>(Expression.java:4)
	at asg06.Expression.<init>(Expression.java:4)
	at asg06.Expression.<init>(Expression.java:4)
	at asg06.Expression.<init>(Expression.java:4)
	at asg06.Expression.<init>(Expression.java:4)
	at asg06.Expression.<init>(Expression.java:4)
	at asg06.Expression.<init>(Expression.java:4)
	at asg06.Expression.<init>(Expression.java:4)
	at asg06.Expression.<init>(Expression.java:4)
	at asg06.Expression.<init>(Expression.java:4)
	at asg06.Expression.<init>(Expression.java:4)
	at asg06.Expression.<init>(Expression.java:4)
	at asg06.Expression.<init>(Expression.java:4)
	at asg06.Expression.<init>(Expression.java:4)
	at asg06.Expression.<init>(Expression.java:4)
	at asg06.Expression.<init>(Expression.java:4)
	at asg06.Expression.<init>(Expression.java:4)
	at asg06.Expression.<init>(Expression.java:4)
	at asg06.Expression.<init>(Expression.java:4)
	at asg06.Expression.<init>(Expression.java:4)
	at asg06.Expression.<init>(Expression.java:4)
	at asg06.Expression.<init>(Expression.java:4)
	at asg06.Expression.<init>(Expression.java:4)
	at asg06.Expression.<init>(Expression.java:4)
	at asg06.Expression.<init>(Expression.java:4)
	at asg06.Expression.<init>(Expression.java:4)
	at asg06.Expression.<init>(Expression.java:4)
	at asg06.Expression.<init>(Expression.java:4)
	at asg06.Expression.<init>(Expression.java:4)
	at asg06.Expression.<init>(Expression.java:4)
	at asg06.Expression.<init>(Expression.java:4)
	at asg06.Expression.<init>(Expression.java:4)
	at asg06.Expression.<init>(Expression.java:4)
	at asg06.Expression.<init>(Expression.java:4)
	at asg06.Expression.<init>(Expression.java:4)
	at asg06.Expression.<init>(Expression.java:4)
	at asg06.Expression.<init>(Expression.java:4)
	at asg06.Expression.<init>(Expression.java:4)
	at asg06.Expression.<init>(Expression.java:4)
	at asg06.Expression.<init>(Expression.java:4)
	at asg06.Expression.<init>(Expression.java:4)
	at asg06.Expression.<init>(Expression.java:4)
	at asg06.Expression.<init>(Expression.java:4)
	at asg06.Expression.<init>(Expression.java:4)
	at asg06.Expression.<init>(Expression.java:4)
	at asg06.Expression.<init>(Expression.java:4)
	at asg06.Expression.<init>(Expression.java:4)
	at asg06.Expression.<init>(Expression.java:4)
	at asg06.Expression.<init>(Expression.java:4)
	at asg06.Expression.<init>(Expression.java:4)
	at asg06.Expression.<init>(Expression.java:4)
	at asg06.Expression.<init>(Expression.java:4)
	at asg06.Expression.<init>(Expression.java:4)
	at asg06.Expression.<init>(Expression.java:4)
	at asg06.Expression.<init>(Expression.java:4)
	at asg06.Expression.<init>(Expression.java:4)
	at asg06.Expression.<init>(Expression.java:4)
	at asg06.Expression.<init>(Expression.java:4)
	at asg06.Expression.<init>(Expression.java:4)
	at asg06.Expression.<init>(Expression.java:4)
	at asg06.Expression.<init>(Expression.java:4)
	at asg06.Expression.<init>(Expression.java:4)
	at asg06.Expression.<init>(Expression.java:4)
	at asg06.Expression.<init>(Expression.java:4)
	at asg06.Expression.<init>(Expression.java:4)
	at asg06.Expression.<init>(Expression.java:4)
	at asg06.Expression.<init>(Expression.java:4)
	at asg06.Expression.<init>(Expression.java:4)
	at asg06.Expression.<init>(Expression.java:4)
	at asg06.Expression.<init>(Expression.java:4)
	at asg06.Expression.<init>(Expression.java:4)
	at asg06.Expression.<init>(Expression.java:4)
	at asg06.Expression.<init>(Expression.java:4)
	at asg06.Expression.<init>(Expression.java:4)
	at asg06.Expression.<init>(Expression.java:4)
	at asg06.Expression.<init>(Expression.java:4)
	at asg06.Expression.<init>(Expression.java:4)
	at asg06.Expression.<init>(Expression.java:4)
	at asg06.Expression.<init>(Expression.java:4)
	at asg06.Expression.<init>(Expression.java:4)
	at asg06.Expression.<init>(Expression.java:4)
	at asg06.Expression.<init>(Expression.java:4)
	at asg06.Expression.<init>(Expression.java:4)
	at asg06.Expression.<init>(Expression.java:4)
	at asg06.Expression.<init>(Expression.java:4)
	at asg06.Expression.<init>(Expression.java:4)
	at asg06.Expression.<init>(Expression.java:4)
	at asg06.Expression.<init>(Expression.java:4)
	at asg06.Expression.<init>(Expression.java:4)
	at asg06.Expression.<init>(Expression.java:4)
	at asg06.Expression.<init>(Expression.java:4)
	at asg06.Expression.<init>(Expression.java:4)
	at asg06.Expression.<init>(Expression.java:4)
	at asg06.Expression.<init>(Expression.java:4)
	at asg06.Expression.<init>(Expression.java:4)
	at asg06.Expression.<init>(Expression.java:4)
	at asg06.Expression.<init>(Expression.java:4)
	at asg06.Expression.<init>(Expression.java:4)
	at asg06.Expression.<init>(Expression.java:4)
	at asg06.Expression.<init>(Expression.java:4)
	at asg06.Expression.<init>(Expression.java:4)
	at asg06.Expression.<init>(Expression.java:4)
	at asg06.Expression.<init>(Expression.java:4)
	at asg06.Expression.<init>(Expression.java:4)
	at asg06.Expression.<init>(Expression.java:4)
	at asg06.Expression.<init>(Expression.java:4)
	at asg06.Expression.<init>(Expression.java:4)
	at asg06.Expression.<init>(Expression.java:4)
	at asg06.Expression.<init>(Expression.java:4)
	at asg06.Expression.<init>(Expression.java:4)
	at asg06.Expression.<init>(Expression.java:4)
	at asg06.Expression.<init>(Expression.java:4)
	at asg06.Expression.<init>(Expression.java:4)
	at asg06.Expression.<init>(Expression.java:4)
	at asg06.Expression.<init>(Expression.java:4)
	at asg06.Expression.<init>(Expression.java:4)
	at asg06.Expression.<init>(Expression.java:4)
	at asg06.Expression.<init>(Expression.java:4)
	at asg06.Expression.<init>(Expression.java:4)
	at asg06.Expression.<init>(Expression.java:4)
	at asg06.Expression.<init>(Expression.java:4)
	at asg06.Expression.<init>(Expression.java:4)
	at asg06.Expression.<init>(Expression.java:4)
	at asg06.Expression.<init>(Expression.java:4)
	at asg06.Expression.<init>(Expression.java:4)
	at asg06.Expression.<init>(Expression.java:4)
	at asg06.Expression.<init>(Expression.java:4)
	at asg06.Expression.<init>(Expression.java:4)
	at asg06.Expression.<init>(Expression.java:4)
	at asg06.Expression.<init>(Expression.java:4)
	at asg06.Expression.<init>(Expression.java:4)
	at asg06.Expression.<init>(Expression.java:4)
	at asg06.Expression.<init>(Expression.java:4)
	at asg06.Expression.<init>(Expression.java:4)
	at asg06.Expression.<init>(Expression.java:4)
	at asg06.Expression.<init>(Expression.java:4)
	at asg06.Expression.<init>(Expression.java:4)
	at asg06.Expression.<init>(Expression.java:4)
	at asg06.Expression.<init>(Expression.java:4)
	at asg06.Expression.<init>(Expression.java:4)
	at asg06.Expression.<init>(Expression.java:4)
	at asg06.Expression.<init>(Expression.java:4)
	at asg06.Expression.<init>(Expression.java:4)
	at asg06.Expression.<init>(Expression.java:4)
	at asg06.Expression.<init>(Expression.java:4)
	at asg06.Expression.<init>(Expression.java:4)
	at asg06.Expression.<init>(Expression.java:4)
	at asg06.Expression.<init>(Expression.java:4)
	at asg06.Expression.<init>(Expression.java:4)
	at asg06.Expression.<init>(Expression.java:4)
	at asg06.Expression.<init>(Expression.java:4)
	at asg06.Expression.<init>(Expression.java:4)
	at asg06.Expression.<init>(Expression.java:4)
	at asg06.Expression.<init>(Expression.java:4)
	at asg06.Expression.<init>(Expression.java:4)
	at asg06.Expression.<init>(Expression.java:4)
	at asg06.Expression.<init>(Expression.java:4)
	at asg06.Expression.<init>(Expression.java:4)
	at asg06.Expression.<init>(Expression.java:4)
	at asg06.Expression.<init>(Expression.java:4)
	at asg06.Expression.<init>(Expression.java:4)
	at asg06.Expression.<init>(Expression.java:4)
	at asg06.Expression.<init>(Expression.java:4)
	at asg06.Expression.<init>(Expression.java:4)
	at asg06.Expression.<init>(Expression.java:4)
	at asg06.Expression.<init>(Expression.java:4)
	at asg06.Expression.<init>(Expression.java:4)
	at asg06.Expression.<init>(Expression.java:4)
	at asg06.Expression.<init>(Expression.java:4)
	at asg06.Expression.<init>(Expression.java:4)
	at asg06.Expression.<init>(Expression.java:4)
	at asg06.Expression.<init>(Expression.java:4)
	at asg06.Expression.<init>(Expression.java:4)
	at asg06.Expression.<init>(Expression.java:4)
	at asg06.Expression.<init>(Expression.java:4)
	at asg06.Expression.<init>(Expression.java:4)
	at asg06.Expression.<init>(Expression.java:4)
	at asg06.Expression.<init>(Expression.java:4)
	at asg06.Expression.<init>(Expression.java:4)
	at asg06.Expression.<init>(Expression.java:4)
	at asg06.Expression.<init>(Expression.java:4)
	at asg06.Expression.<init>(Expression.java:4)
	at asg06.Expression.<init>(Expression.java:4)
	at asg06.Expression.<init>(Expression.java:4)
	at asg06.Expression.<init>(Expression.java:4)
	at asg06.Expression.<init>(Expression.java:4)
	at asg06.Expression.<init>(Expression.java:4)
	at asg06.Expression.<init>(Expression.java:4)
	at asg06.Expression.<init>(Expression.java:4)
	at asg06.Expression.<init>(Expression.java:4)
	at asg06.Expression.<init>(Expression.java:4)
	at asg06.Expression.<init>(Expression.java:4)
	at asg06.Expression.<init>(Expression.java:4)
	at asg06.Expression.<init>(Expression.java:4)
	at asg06.Expression.<init>(Expression.java:4)
	at asg06.Expression.<init>(Expression.java:4)
	at asg06.Expression.<init>(Expression.java:4)
	at asg06.Expression.<init>(Expression.java:4)
	at asg06.Expression.<init>(Expression.java:4)
	at asg06.Expression.<init>(Expression.java:4)
	at asg06.Expression.<init>(Expression.java:4)
	at asg06.Expression.<init>(Expression.java:4)
	at asg06.Expression.<init>(Expression.java:4)
	at asg06.Expression.<init>(Expression.java:4)
	at asg06.Expression.<init>(Expression.java:4)
	at asg06.Expression.<init>(Expression.java:4)
	at asg06.Expression.<init>(Expression.java:4)
	at asg06.Expression.<init>(Expression.java:4)
	at asg06.Expression.<init>(Expression.java:4)
	at asg06.Expression.<init>(Expression.java:4)
	at asg06.Expression.<init>(Expression.java:4)
	at asg06.Expression.<init>(Expression.java:4)
	at asg06.Expression.<init>(Expression.java:4)
	at asg06.Expression.<init>(Expression.java:4)
	at asg06.Expression.<init>(Expression.java:4)
	at asg06.Expression.<init>(Expression.java:4)
	at asg06.Expression.<init>(Expression.java:4)
	at asg06.Expression.<init>(Expression.java:4)
	at asg06.Expression.<init>(Expression.java:4)
	at asg06.Expression.<init>(Expression.java:4)
	at asg06.Expression.<init>(Expression.java:4)
	at asg06.Expression.<init>(Expression.java:4)
	at asg06.Expression.<init>(Expression.java:4)
	at asg06.Expression.<init>(Expression.java:4)
	at asg06.Expression.<init>(Expression.java:4)
	at asg06.Expression.<init>(Expression.java:4)
	at asg06.Expression.<init>(Expression.java:4)
	at asg06.Expression.<init>(Expression.java:4)
	at asg06.Expression.<init>(Expression.java:4)
	at asg06.Expression.<init>(Expression.java:4)
	at asg06.Expression.<init>(Expression.java:4)
	at asg06.Expression.<init>(Expression.java:4)
	at asg06.Expression.<init>(Expression.java:4)
	at asg06.Expression.<init>(Expression.java:4)
	at asg06.Expression.<init>(Expression.java:4)
	at asg06.Expression.<init>(Expression.java:4)
	at asg06.Expression.<init>(Expression.java:4)
	at asg06.Expression.<init>(Expression.java:4)
	at asg06.Expression.<init>(Expression.java:4)
	at asg06.Expression.<init>(Expression.java:4)
	at asg06.Expression.<init>(Expression.java:4)
	at asg06.Expression.<init>(Expression.java:4)
	at asg06.Expression.<init>(Expression.java:4)
	at asg06.Expression.<init>(Expression.java:4)
	at asg06.Expression.<init>(Expression.java:4)
	at asg06.Expression.<init>(Expression.java:4)
	at asg06.Expression.<init>(Expression.java:4)
	at asg06.Expression.<init>(Expression.java:4)
	at asg06.Expression.<init>(Expression.java:4)
	at asg06.Expression.<init>(Expression.java:4)
	at asg06.Expression.<init>(Expression.java:4)
	at asg06.Expression.<init>(Expression.java:4)
	at asg06.Expression.<init>(Expression.java:4)
	at asg06.Expression.<init>(Expression.java:4)
	at asg06.Expression.<init>(Expression.java:4)
	at asg06.Expression.<init>(Expression.java:4)
	at asg06.Expression.<init>(Expression.java:4)
	at asg06.Expression.<init>(Expression.java:4)
	at asg06.Expression.<init>(Expression.java:4)
	at asg06.Expression.<init>(Expression.java:4)
	at asg06.Expression.<init>(Expression.java:4)
	at asg06.Expression.<init>(Expression.java:4)
	at asg06.Expression.<init>(Expression.java:4)
	at asg06.Expression.<init>(Expression.java:4)
	at asg06.Expression.<init>(Expression.java:4)
	at asg06.Expression.<init>(Expression.java:4)
	at asg06.Expression.<init>(Expression.java:4)
	at asg06.Expression.<init>(Expression.java:4)
	at asg06.Expression.<init>(Expression.java:4)
	at asg06.Expression.<init>(Expression.java:4)
	at asg06.Expression.<init>(Expression.java:4)
	at asg06.Expression.<init>(Expression.java:4)
	at asg06.Expression.<init>(Expression.java:4)
	at asg06.Expression.<init>(Expression.java:4)
	at asg06.Expression.<init>(Expression.java:4)
	at asg06.Expression.<init>(Expression.java:4)
	at asg06.Expression.<init>(Expression.java:4)
	at asg06.Expression.<init>(Expression.java:4)
	at asg06.Expression.<init>(Expression.java:4)
	at asg06.Expression.<init>(Expression.java:4)
	at asg06.Expression.<init>(Expression.java:4)
	at asg06.Expression.<init>(Expression.java:4)
	at asg06.Expression.<init>(Expression.java:4)
	at asg06.Expression.<init>(Expression.java:4)
	at asg06.Expression.<init>(Expression.java:4)
	at asg06.Expression.<init>(Expression.java:4)
	at asg06.Expression.<init>(Expression.java:4)
	at asg06.Expression.<init>(Expression.java:4)
	at asg06.Expression.<init>(Expression.java:4)
	at asg06.Expression.<init>(Expression.java:4)
	at asg06.Expression.<init>(Expression.java:4)
	at asg06.Expression.<init>(Expression.java:4)
	at asg06.Expression.<init>(Expression.java:4)
	at asg06.Expression.<init>(Expression.java:4)
	at asg06.Expression.<init>(Expression.java:4)
	at asg06.Expression.<init>(Expression.java:4)
	at asg06.Expression.<init>(Expression.java:4)
	at asg06.Expression.<init>(Expression.java:4)
	at asg06.Expression.<init>(Expression.java:4)
	at asg06.Expression.<init>(Expression.java:4)
	at asg06.Expression.<init>(Expression.java:4)
	at asg06.Expression.<init>(Expression.java:4)
	at asg06.Expression.<init>(Expression.java:4)
	at asg06.Expression.<init>(Expression.java:4)
	at asg06.Expression.<init>(Expression.java:4)
	at asg06.Expression.<init>(Expression.java:4)
	at asg06.Expression.<init>(Expression.java:4)
	at asg06.Expression.<init>(Expression.java:4)
	at asg06.Expression.<init>(Expression.java:4)
	at asg06.Expression.<init>(Expression.java:4)
	at asg06.Expression.<init>(Expression.java:4)
	at asg06.Expression.<init>(Expression.java:4)
	at asg06.Expression.<init>(Expression.java:4)
	at asg06.Expression.<init>(Expression.java:4)
	at asg06.Expression.<init>(Expression.java:4)
	at asg06.Expression.<init>(Expression.java:4)
	at asg06.Expression.<init>(Expression.java:4)
	at asg06.Expression.<init>(Expression.java:4)
	at asg06.Expression.<init>(Expression.java:4)
	at asg06.Expression.<init>(Expression.java:4)
	at asg06.Expression.<init>(Expression.java:4)
	at asg06.Expression.<init>(Expression.java:4)
	at asg06.Expression.<init>(Expression.java:4)
	at asg06.Expression.<init>(Expression.java:4)
	at asg06.Expression.<init>(Expression.java:4)
	at asg06.Expression.<init>(Expression.java:4)
	at asg06.Expression.<init>(Expression.java:4)
	at asg06.Expression.<init>(Expression.java:4)
	at asg06.Expression.<init>(Expression.java:4)
	at asg06.Expression.<init>(Expression.java:4)
	at asg06.Expression.<init>(Expression.java:4)
	at asg06.Expression.<init>(Expression.java:4)
	at asg06.Expression.<init>(Expression.java:4)
	at asg06.Expression.<init>(Expression.java:4)
	at asg06.Expression.<init>(Expression.java:4)
	at asg06.Expression.<init>(Expression.java:4)
	at asg06.Expression.<init>(Expression.java:4)
	at asg06.Expression.<init>(Expression.java:4)
	at asg06.Expression.<init>(Expression.java:4)
	at asg06.Expression.<init>(Expression.java:4)
	at asg06.Expression.<init>(Expression.java:4)
	at asg06.Expression.<init>(Expression.java:4)
	at asg06.Expression.<init>(Expression.java:4)
	at asg06.Expression.<init>(Expression.java:4)
	at asg06.Expression.<init>(Expression.java:4)
	at asg06.Expression.<init>(Expression.java:4)
	at asg06.Expression.<init>(Expression.java:4)
	at asg06.Expression.<init>(Expression.java:4)
	at asg06.Expression.<init>(Expression.java:4)
	at asg06.Expression.<init>(Expression.java:4)
	at asg06.Expression.<init>(Expression.java:4)
	at asg06.Expression.<init>(Expression.java:4)
	at asg06.Expression.<init>(Expression.java:4)
	at asg06.Expression.<init>(Expression.java:4)
	at asg06.Expression.<init>(Expression.java:4)
	at asg06.Expression.<init>(Expression.java:4)
	at asg06.Expression.<init>(Expression.java:4)
	at asg06.Expression.<init>(Expression.java:4)
	at asg06.Expression.<init>(Expression.java:4)
	at asg06.Expression.<init>(Expression.java:4)
	at asg06.Expression.<init>(Expression.java:4)
	at asg06.Expression.<init>(Expression.java:4)
	at asg06.Expression.<init>(Expression.java:4)
	at asg06.Expression.<init>(Expression.java:4)
	at asg06.Expression.<init>(Expression.java:4)
	at asg06.Expression.<init>(Expression.java:4)
	at asg06.Expression.<init>(Expression.java:4)
	at asg06.Expression.<init>(Expression.java:4)
	at asg06.Expression.<init>(Expression.java:4)
	at asg06.Expression.<init>(Expression.java:4)
	at asg06.Expression.<init>(Expression.java:4)
	at asg06.Expression.<init>(Expression.java:4)
	at asg06.Expression.<init>(Expression.java:4)
	at asg06.Expression.<init>(Expression.java:4)
	at asg06.Expression.<init>(Expression.java:4)
	at asg06.Expression.<init>(Expression.java:4)
	at asg06.Expression.<init>(Expression.java:4)
	at asg06.Expression.<init>(Expression.java:4)
	at asg06.Expression.<init>(Expression.java:4)
	at asg06.Expression.<init>(Expression.java:4)
	at asg06.Expression.<init>(Expression.java:4)
	at asg06.Expression.<init>(Expression.java:4)
	at asg06.Expression.<init>(Expression.java:4)
	at asg06.Expression.<init>(Expression.java:4)
	at asg06.Expression.<init>(Expression.java:4)
	at asg06.Expression.<init>(Expression.java:4)
	at asg06.Expression.<init>(Expression.java:4)
	at asg06.Expression.<init>(Expression.java:4)
	at asg06.Expression.<init>(Expression.java:4)
	at asg06.Expression.<init>(Expression.java:4)
	at asg06.Expression.<init>(Expression.java:4)
	at asg06.Expression.<init>(Expression.java:4)
	at asg06.Expression.<init>(Expression.java:4)
	at asg06.Expression.<init>(Expression.java:4)
	at asg06.Expression.<init>(Expression.java:4)
	at asg06.Expression.<init>(Expression.java:4)
	at asg06.Expression.<init>(Expression.java:4)
	at asg06.Expression.<init>(Expression.java:4)
	at asg06.Expression.<init>(Expression.java:4)
	at asg06.Expression.<init>(Expression.java:4)
	at asg06.Expression.<init>(Expression.java:4)
	at asg06.Expression.<init>(Expression.java:4)
	at asg06.Expression.<init>(Expression.java:4)
	at asg06.Expression.<init>(Expression.java:4)
	at asg06.Expression.<init>(Expression.java:4)
	at asg06.Expression.<init>(Expression.java:4)
	at asg06.Expression.<init>(Expression.java:4)
	at asg06.Expression.<init>(Expression.java:4)
	at asg06.Expression.<init>(Expression.java:4)
	at asg06.Expression.<init>(Expression.java:4)
	at asg06.Expression.<init>(Expression.java:4)
	at asg06.Expression.<init>(Expression.java:4)
	at asg06.Expression.<init>(Expression.java:4)
	at asg06.Expression.<init>(Expression.java:4)
	at asg06.Expression.<init>(Expression.java:4)
	at asg06.Expression.<init>(Expression.java:4)
	at asg06.Expression.<init>(Expression.java:4)
	at asg06.Expression.<init>(Expression.java:4)
	at asg06.Expression.<init>(Expression.java:4)
	at asg06.Expression.<init>(Expression.java:4)
	at asg06.Expression.<init>(Expression.java:4)
	at asg06.Expression.<init>(Expression.java:4)
	at asg06.Expression.<init>(Expression.java:4)
	at asg06.Expression.<init>(Expression.java:4)
	at asg06.Expression.<init>(Expression.java:4)
	at asg06.Expression.<init>(Expression.java:4)
	at asg06.Expression.<init>(Expression.java:4)
	at asg06.Expression.<init>(Expression.java:4)
	at asg06.Expression.<init>(Expression.java:4)
	at asg06.Expression.<init>(Expression.java:4)
	at asg06.Expression.<init>(Expression.java:4)
	at asg06.Expression.<init>(Expression.java:4)
	at asg06.Expression.<init>(Expression.java:4)
	at asg06.Expression.<init>(Expression.java:4)
	at asg06.Expression.<init>(Expression.java:4)
	at asg06.Expression.<init>(Expression.java:4)
	at asg06.Expression.<init>(Expression.java:4)
	at asg06.Expression.<init>(Expression.java:4)
	at asg06.Expression.<init>(Expression.java:4)
	at asg06.Expression.<init>(Expression.java:4)
	at asg06.Expression.<init>(Expression.java:4)
	at asg06.Expression.<init>(Expression.java:4)
	at asg06.Expression.<init>(Expression.java:4)
testAdditionEvaluate(asg06.TestExpression)  Time elapsed: 0.07 sec  <<< ERROR!
java.lang.StackOverflowError
	at asg06.Expression.<init>(Expression.java:4)
	at asg06.Expression.<init>(Expression.java:4)
	at asg06.Expression.<init>(Expression.java:4)
	at asg06.Expression.<init>(Expression.java:4)
	at asg06.Expression.<init>(Expression.java:4)
	at asg06.Expression.<init>(Expression.java:4)
	at asg06.Expression.<init>(Expression.java:4)
	at asg06.Expression.<init>(Expression.java:4)
	at asg06.Expression.<init>(Expression.java:4)
	at asg06.Expression.<init>(Expression.java:4)
	at asg06.Expression.<init>(Expression.java:4)
	at asg06.Expression.<init>(Expression.java:4)
	at asg06.Expression.<init>(Expression.java:4)
	at asg06.Expression.<init>(Expression.java:4)
	at asg06.Expression.<init>(Expression.java:4)
	at asg06.Expression.<init>(Expression.java:4)
	at asg06.Expression.<init>(Expression.java:4)
	at asg06.Expression.<init>(Expression.java:4)
	at asg06.Expression.<init>(Expression.java:4)
	at asg06.Expression.<init>(Expression.java:4)
	at asg06.Expression.<init>(Expression.java:4)
	at asg06.Expression.<init>(Expression.java:4)
	at asg06.Expression.<init>(Expression.java:4)
	at asg06.Expression.<init>(Expression.java:4)
	at asg06.Expression.<init>(Expression.java:4)
	at asg06.Expression.<init>(Expression.java:4)
	at asg06.Expression.<init>(Expression.java:4)
	at asg06.Expression.<init>(Expression.java:4)
	at asg06.Expression.<init>(Expression.java:4)
	at asg06.Expression.<init>(Expression.java:4)
	at asg06.Expression.<init>(Expression.java:4)
	at asg06.Expression.<init>(Expression.java:4)
	at asg06.Expression.<init>(Expression.java:4)
	at asg06.Expression.<init>(Expression.java:4)
	at asg06.Expression.<init>(Expression.java:4)
	at asg06.Expression.<init>(Expression.java:4)
	at asg06.Expression.<init>(Expression.java:4)
	at asg06.Expression.<init>(Expression.java:4)
	at asg06.Expression.<init>(Expression.java:4)
	at asg06.Expression.<init>(Expression.java:4)
	at asg06.Expression.<init>(Expression.java:4)
	at asg06.Expression.<init>(Expression.java:4)
	at asg06.Expression.<init>(Expression.java:4)
	at asg06.Expression.<init>(Expression.java:4)
	at asg06.Expression.<init>(Expression.java:4)
	at asg06.Expression.<init>(Expression.java:4)
	at asg06.Expression.<init>(Expression.java:4)
	at asg06.Expression.<init>(Expression.java:4)
	at asg06.Expression.<init>(Expression.java:4)
	at asg06.Expression.<init>(Expression.java:4)
	at asg06.Expression.<init>(Expression.java:4)
	at asg06.Expression.<init>(Expression.java:4)
	at asg06.Expression.<init>(Expression.java:4)
	at asg06.Expression.<init>(Expression.java:4)
	at asg06.Expression.<init>(Expression.java:4)
	at asg06.Expression.<init>(Expression.java:4)
	at asg06.Expression.<init>(Expression.java:4)
	at asg06.Expression.<init>(Expression.java:4)
	at asg06.Expression.<init>(Expression.java:4)
	at asg06.Expression.<init>(Expression.java:4)
	at asg06.Expression.<init>(Expression.java:4)
	at asg06.Expression.<init>(Expression.java:4)
	at asg06.Expression.<init>(Expression.java:4)
	at asg06.Expression.<init>(Expression.java:4)
	at asg06.Expression.<init>(Expression.java:4)
	at asg06.Expression.<init>(Expression.java:4)
	at asg06.Expression.<init>(Expression.java:4)
	at asg06.Expression.<init>(Expression.java:4)
	at asg06.Expression.<init>(Expression.java:4)
	at asg06.Expression.<init>(Expression.java:4)
	at asg06.Expression.<init>(Expression.java:4)
	at asg06.Expression.<init>(Expression.java:4)
	at asg06.Expression.<init>(Expression.java:4)
	at asg06.Expression.<init>(Expression.java:4)
	at asg06.Expression.<init>(Expression.java:4)
	at asg06.Expression.<init>(Expression.java:4)
	at asg06.Expression.<init>(Expression.java:4)
	at asg06.Expression.<init>(Expression.java:4)
	at asg06.Expression.<init>(Expression.java:4)
	at asg06.Expression.<init>(Expression.java:4)
	at asg06.Expression.<init>(Expression.java:4)
	at asg06.Expression.<init>(Expression.java:4)
	at asg06.Expression.<init>(Expression.java:4)
	at asg06.Expression.<init>(Expression.java:4)
	at asg06.Expression.<init>(Expression.java:4)
	at asg06.Expression.<init>(Expression.java:4)
	at asg06.Expression.<init>(Expression.java:4)
	at asg06.Expression.<init>(Expression.java:4)
	at asg06.Expression.<init>(Expression.java:4)
	at asg06.Expression.<init>(Expression.java:4)
	at asg06.Expression.<init>(Expression.java:4)
	at asg06.Expression.<init>(Expression.java:4)
	at asg06.Expression.<init>(Expression.java:4)
	at asg06.Expression.<init>(Expression.java:4)
	at asg06.Expression.<init>(Expression.java:4)
	at asg06.Expression.<init>(Expression.java:4)
	at asg06.Expression.<init>(Expression.java:4)
	at asg06.Expression.<init>(Expression.java:4)
	at asg06.Expression.<init>(Expression.java:4)
	at asg06.Expression.<init>(Expression.java:4)
	at asg06.Expression.<init>(Expression.java:4)
	at asg06.Expression.<init>(Expression.java:4)
	at asg06.Expression.<init>(Expression.java:4)
	at asg06.Expression.<init>(Expression.java:4)
	at asg06.Expression.<init>(Expression.java:4)
	at asg06.Expression.<init>(Expression.java:4)
	at asg06.Expression.<init>(Expression.java:4)
	at asg06.Expression.<init>(Expression.java:4)
	at asg06.Expression.<init>(Expression.java:4)
	at asg06.Expression.<init>(Expression.java:4)
	at asg06.Expression.<init>(Expression.java:4)
	at asg06.Expression.<init>(Expression.java:4)
	at asg06.Expression.<init>(Expression.java:4)
	at asg06.Expression.<init>(Expression.java:4)
	at asg06.Expression.<init>(Expression.java:4)
	at asg06.Expression.<init>(Expression.java:4)
	at asg06.Expression.<init>(Expression.java:4)
	at asg06.Expression.<init>(Expression.java:4)
	at asg06.Expression.<init>(Expression.java:4)
	at asg06.Expression.<init>(Expression.java:4)
	at asg06.Expression.<init>(Expression.java:4)
	at asg06.Expression.<init>(Expression.java:4)
	at asg06.Expression.<init>(Expression.java:4)
	at asg06.Expression.<init>(Expression.java:4)
	at asg06.Expression.<init>(Expression.java:4)
	at asg06.Expression.<init>(Expression.java:4)
	at asg06.Expression.<init>(Expression.java:4)
	at asg06.Expression.<init>(Expression.java:4)
	at asg06.Expression.<init>(Expression.java:4)
	at asg06.Expression.<init>(Expression.java:4)
	at asg06.Expression.<init>(Expression.java:4)
	at asg06.Expression.<init>(Expression.java:4)
	at asg06.Expression.<init>(Expression.java:4)
	at asg06.Expression.<init>(Expression.java:4)
	at asg06.Expression.<init>(Expression.java:4)
	at asg06.Expression.<init>(Expression.java:4)
	at asg06.Expression.<init>(Expression.java:4)
	at asg06.Expression.<init>(Expression.java:4)
	at asg06.Expression.<init>(Expression.java:4)
	at asg06.Expression.<init>(Expression.java:4)
	at asg06.Expression.<init>(Expression.java:4)
	at asg06.Expression.<init>(Expression.java:4)
	at asg06.Expression.<init>(Expression.java:4)
	at asg06.Expression.<init>(Expression.java:4)
	at asg06.Expression.<init>(Expression.java:4)
	at asg06.Expression.<init>(Expression.java:4)
	at asg06.Expression.<init>(Expression.java:4)
	at asg06.Expression.<init>(Expression.java:4)
	at asg06.Expression.<init>(Expression.java:4)
	at asg06.Expression.<init>(Expression.java:4)
	at asg06.Expression.<init>(Expression.java:4)
	at asg06.Expression.<init>(Expression.java:4)
	at asg06.Expression.<init>(Expression.java:4)
	at asg06.Expression.<init>(Expression.java:4)
	at asg06.Expression.<init>(Expression.java:4)
	at asg06.Expression.<init>(Expression.java:4)
	at asg06.Expression.<init>(Expression.java:4)
	at asg06.Expression.<init>(Expression.java:4)
	at asg06.Expression.<init>(Expression.java:4)
	at asg06.Expression.<init>(Expression.java:4)
	at asg06.Expression.<init>(Expression.java:4)
	at asg06.Expression.<init>(Expression.java:4)
	at asg06.Expression.<init>(Expression.java:4)
	at asg06.Expression.<init>(Expression.java:4)
	at asg06.Expression.<init>(Expression.java:4)
	at asg06.Expression.<init>(Expression.java:4)
	at asg06.Expression.<init>(Expression.java:4)
	at asg06.Expression.<init>(Expression.java:4)
	at asg06.Expression.<init>(Expression.java:4)
	at asg06.Expression.<init>(Expression.java:4)
	at asg06.Expression.<init>(Expression.java:4)
	at asg06.Expression.<init>(Expression.java:4)
	at asg06.Expression.<init>(Expression.java:4)
	at asg06.Expression.<init>(Expression.java:4)
	at asg06.Expression.<init>(Expression.java:4)
	at asg06.Expression.<init>(Expression.java:4)
	at asg06.Expression.<init>(Expression.java:4)
	at asg06.Expression.<init>(Expression.java:4)
	at asg06.Expression.<init>(Expression.java:4)
	at asg06.Expression.<init>(Expression.java:4)
	at asg06.Expression.<init>(Expression.java:4)
	at asg06.Expression.<init>(Expression.java:4)
	at asg06.Expression.<init>(Expression.java:4)
	at asg06.Expression.<init>(Expression.java:4)
	at asg06.Expression.<init>(Expression.java:4)
	at asg06.Expression.<init>(Expression.java:4)
	at asg06.Expression.<init>(Expression.java:4)
	at asg06.Expression.<init>(Expression.java:4)
	at asg06.Expression.<init>(Expression.java:4)
	at asg06.Expression.<init>(Expression.java:4)
	at asg06.Expression.<init>(Expression.java:4)
	at asg06.Expression.<init>(Expression.java:4)
	at asg06.Expression.<init>(Expression.java:4)
	at asg06.Expression.<init>(Expression.java:4)
	at asg06.Expression.<init>(Expression.java:4)
	at asg06.Expression.<init>(Expression.java:4)
	at asg06.Expression.<init>(Expression.java:4)
	at asg06.Expression.<init>(Expression.java:4)
	at asg06.Expression.<init>(Expression.java:4)
	at asg06.Expression.<init>(Expression.java:4)
	at asg06.Expression.<init>(Expression.java:4)
	at asg06.Expression.<init>(Expression.java:4)
	at asg06.Expression.<init>(Expression.java:4)
	at asg06.Expression.<init>(Expression.java:4)
	at asg06.Expression.<init>(Expression.java:4)
	at asg06.Expression.<init>(Expression.java:4)
	at asg06.Expression.<init>(Expression.java:4)
	at asg06.Expression.<init>(Expression.java:4)
	at asg06.Expression.<init>(Expression.java:4)
	at asg06.Expression.<init>(Expression.java:4)
	at asg06.Expression.<init>(Expression.java:4)
	at asg06.Expression.<init>(Expression.java:4)
	at asg06.Expression.<init>(Expression.java:4)
	at asg06.Expression.<init>(Expression.java:4)
	at asg06.Expression.<init>(Expression.java:4)
	at asg06.Expression.<init>(Expression.java:4)
	at asg06.Expression.<init>(Expression.java:4)
	at asg06.Expression.<init>(Expression.java:4)
	at asg06.Expression.<init>(Expression.java:4)
	at asg06.Expression.<init>(Expression.java:4)
	at asg06.Expression.<init>(Expression.java:4)
	at asg06.Expression.<init>(Expression.java:4)
	at asg06.Expression.<init>(Expression.java:4)
	at asg06.Expression.<init>(Expression.java:4)
	at asg06.Expression.<init>(Expression.java:4)
	at asg06.Expression.<init>(Expression.java:4)
	at asg06.Expression.<init>(Expression.java:4)
	at asg06.Expression.<init>(Expression.java:4)
	at asg06.Expression.<init>(Expression.java:4)
	at asg06.Expression.<init>(Expression.java:4)
	at asg06.Expression.<init>(Expression.java:4)
	at asg06.Expression.<init>(Expression.java:4)
	at asg06.Expression.<init>(Expression.java:4)
	at asg06.Expression.<init>(Expression.java:4)
	at asg06.Expression.<init>(Expression.java:4)
	at asg06.Expression.<init>(Expression.java:4)
	at asg06.Expression.<init>(Expression.java:4)
	at asg06.Expression.<init>(Expression.java:4)
	at asg06.Expression.<init>(Expression.java:4)
	at asg06.Expression.<init>(Expression.java:4)
	at asg06.Expression.<init>(Expression.java:4)
	at asg06.Expression.<init>(Expression.java:4)
	at asg06.Expression.<init>(Expression.java:4)
	at asg06.Expression.<init>(Expression.java:4)
	at asg06.Expression.<init>(Expression.java:4)
	at asg06.Expression.<init>(Expression.java:4)
	at asg06.Expression.<init>(Expression.java:4)
	at asg06.Expression.<init>(Expression.java:4)
	at asg06.Expression.<init>(Expression.java:4)
	at asg06.Expression.<init>(Expression.java:4)
	at asg06.Expression.<init>(Expression.java:4)
	at asg06.Expression.<init>(Expression.java:4)
	at asg06.Expression.<init>(Expression.java:4)
	at asg06.Expression.<init>(Expression.java:4)
	at asg06.Expression.<init>(Expression.java:4)
	at asg06.Expression.<init>(Expression.java:4)
	at asg06.Expression.<init>(Expression.java:4)
	at asg06.Expression.<init>(Expression.java:4)
	at asg06.Expression.<init>(Expression.java:4)
	at asg06.Expression.<init>(Expression.java:4)
	at asg06.Expression.<init>(Expression.java:4)
	at asg06.Expression.<init>(Expression.java:4)
	at asg06.Expression.<init>(Expression.java:4)
	at asg06.Expression.<init>(Expression.java:4)
	at asg06.Expression.<init>(Expression.java:4)
	at asg06.Expression.<init>(Expression.java:4)
	at asg06.Expression.<init>(Expression.java:4)
	at asg06.Expression.<init>(Expression.java:4)
	at asg06.Expression.<init>(Expression.java:4)
	at asg06.Expression.<init>(Expression.java:4)
	at asg06.Expression.<init>(Expression.java:4)
	at asg06.Expression.<init>(Expression.java:4)
	at asg06.Expression.<init>(Expression.java:4)
	at asg06.Expression.<init>(Expression.java:4)
	at asg06.Expression.<init>(Expression.java:4)
	at asg06.Expression.<init>(Expression.java:4)
	at asg06.Expression.<init>(Expression.java:4)
	at asg06.Expression.<init>(Expression.java:4)
	at asg06.Expression.<init>(Expression.java:4)
	at asg06.Expression.<init>(Expression.java:4)
	at asg06.Expression.<init>(Expression.java:4)
	at asg06.Expression.<init>(Expression.java:4)
	at asg06.Expression.<init>(Expression.java:4)
	at asg06.Expression.<init>(Expression.java:4)
	at asg06.Expression.<init>(Expression.java:4)
	at asg06.Expression.<init>(Expression.java:4)
	at asg06.Expression.<init>(Expression.java:4)
	at asg06.Expression.<init>(Expression.java:4)
	at asg06.Expression.<init>(Expression.java:4)
	at asg06.Expression.<init>(Expression.java:4)
	at asg06.Expression.<init>(Expression.java:4)
	at asg06.Expression.<init>(Expression.java:4)
	at asg06.Expression.<init>(Expression.java:4)
	at asg06.Expression.<init>(Expression.java:4)
	at asg06.Expression.<init>(Expression.java:4)
	at asg06.Expression.<init>(Expression.java:4)
	at asg06.Expression.<init>(Expression.java:4)
	at asg06.Expression.<init>(Expression.java:4)
	at asg06.Expression.<init>(Expression.java:4)
	at asg06.Expression.<init>(Expression.java:4)
	at asg06.Expression.<init>(Expression.java:4)
	at asg06.Expression.<init>(Expression.java:4)
	at asg06.Expression.<init>(Expression.java:4)
	at asg06.Expression.<init>(Expression.java:4)
	at asg06.Expression.<init>(Expression.java:4)
	at asg06.Expression.<init>(Expression.java:4)
	at asg06.Expression.<init>(Expression.java:4)
	at asg06.Expression.<init>(Expression.java:4)
	at asg06.Expression.<init>(Expression.java:4)
	at asg06.Expression.<init>(Expression.java:4)
	at asg06.Expression.<init>(Expression.java:4)
	at asg06.Expression.<init>(Expression.java:4)
	at asg06.Expression.<init>(Expression.java:4)
	at asg06.Expression.<init>(Expression.java:4)
	at asg06.Expression.<init>(Expression.java:4)
	at asg06.Expression.<init>(Expression.java:4)
	at asg06.Expression.<init>(Expression.java:4)
	at asg06.Expression.<init>(Expression.java:4)
	at asg06.Expression.<init>(Expression.java:4)
	at asg06.Expression.<init>(Expression.java:4)
	at asg06.Expression.<init>(Expression.java:4)
	at asg06.Expression.<init>(Expression.java:4)
	at asg06.Expression.<init>(Expression.java:4)
	at asg06.Expression.<init>(Expression.java:4)
	at asg06.Expression.<init>(Expression.java:4)
	at asg06.Expression.<init>(Expression.java:4)
	at asg06.Expression.<init>(Expression.java:4)
	at asg06.Expression.<init>(Expression.java:4)
	at asg06.Expression.<init>(Expression.java:4)
	at asg06.Expression.<init>(Expression.java:4)
	at asg06.Expression.<init>(Expression.java:4)
	at asg06.Expression.<init>(Expression.java:4)
	at asg06.Expression.<init>(Expression.java:4)
	at asg06.Expression.<init>(Expression.java:4)
	at asg06.Expression.<init>(Expression.java:4)
	at asg06.Expression.<init>(Expression.java:4)
	at asg06.Expression.<init>(Expression.java:4)
	at asg06.Expression.<init>(Expression.java:4)
	at asg06.Expression.<init>(Expression.java:4)
	at asg06.Expression.<init>(Expression.java:4)
	at asg06.Expression.<init>(Expression.java:4)
	at asg06.Expression.<init>(Expression.java:4)
	at asg06.Expression.<init>(Expression.java:4)
	at asg06.Expression.<init>(Expression.java:4)
	at asg06.Expression.<init>(Expression.java:4)
	at asg06.Expression.<init>(Expression.java:4)
	at asg06.Expression.<init>(Expression.java:4)
	at asg06.Expression.<init>(Expression.java:4)
	at asg06.Expression.<init>(Expression.java:4)
	at asg06.Expression.<init>(Expression.java:4)
	at asg06.Expression.<init>(Expression.java:4)
	at asg06.Expression.<init>(Expression.java:4)
	at asg06.Expression.<init>(Expression.java:4)
	at asg06.Expression.<init>(Expression.java:4)
	at asg06.Expression.<init>(Expression.java:4)
	at asg06.Expression.<init>(Expression.java:4)
	at asg06.Expression.<init>(Expression.java:4)
	at asg06.Expression.<init>(Expression.java:4)
	at asg06.Expression.<init>(Expression.java:4)
	at asg06.Expression.<init>(Expression.java:4)
	at asg06.Expression.<init>(Expression.java:4)
	at asg06.Expression.<init>(Expression.java:4)
	at asg06.Expression.<init>(Expression.java:4)
	at asg06.Expression.<init>(Expression.java:4)
	at asg06.Expression.<init>(Expression.java:4)
	at asg06.Expression.<init>(Expression.java:4)
	at asg06.Expression.<init>(Expression.java:4)
	at asg06.Expression.<init>(Expression.java:4)
	at asg06.Expression.<init>(Expression.java:4)
	at asg06.Expression.<init>(Expression.java:4)
	at asg06.Expression.<init>(Expression.java:4)
	at asg06.Expression.<init>(Expression.java:4)
	at asg06.Expression.<init>(Expression.java:4)
	at asg06.Expression.<init>(Expression.java:4)
	at asg06.Expression.<init>(Expression.java:4)
	at asg06.Expression.<init>(Expression.java:4)
	at asg06.Expression.<init>(Expression.java:4)
	at asg06.Expression.<init>(Expression.java:4)
	at asg06.Expression.<init>(Expression.java:4)
	at asg06.Expression.<init>(Expression.java:4)
	at asg06.Expression.<init>(Expression.java:4)
	at asg06.Expression.<init>(Expression.java:4)
	at asg06.Expression.<init>(Expression.java:4)
	at asg06.Expression.<init>(Expression.java:4)
	at asg06.Expression.<init>(Expression.java:4)
	at asg06.Expression.<init>(Expression.java:4)
	at asg06.Expression.<init>(Expression.java:4)
	at asg06.Expression.<init>(Expression.java:4)
	at asg06.Expression.<init>(Expression.java:4)
	at asg06.Expression.<init>(Expression.java:4)
	at asg06.Expression.<init>(Expression.java:4)
	at asg06.Expression.<init>(Expression.java:4)
	at asg06.Expression.<init>(Expression.java:4)
	at asg06.Expression.<init>(Expression.java:4)
	at asg06.Expression.<init>(Expression.java:4)
	at asg06.Expression.<init>(Expression.java:4)
	at asg06.Expression.<init>(Expression.java:4)
	at asg06.Expression.<init>(Expression.java:4)
	at asg06.Expression.<init>(Expression.java:4)
	at asg06.Expression.<init>(Expression.java:4)
	at asg06.Expression.<init>(Expression.java:4)
	at asg06.Expression.<init>(Expression.java:4)
	at asg06.Expression.<init>(Expression.java:4)
	at asg06.Expression.<init>(Expression.java:4)
	at asg06.Expression.<init>(Expression.java:4)
	at asg06.Expression.<init>(Expression.java:4)
	at asg06.Expression.<init>(Expression.java:4)
	at asg06.Expression.<init>(Expression.java:4)
	at asg06.Expression.<init>(Expression.java:4)
	at asg06.Expression.<init>(Expression.java:4)
	at asg06.Expression.<init>(Expression.java:4)
	at asg06.Expression.<init>(Expression.java:4)
	at asg06.Expression.<init>(Expression.java:4)
	at asg06.Expression.<init>(Expression.java:4)
	at asg06.Expression.<init>(Expression.java:4)
	at asg06.Expression.<init>(Expression.java:4)
	at asg06.Expression.<init>(Expression.java:4)
	at asg06.Expression.<init>(Expression.java:4)
	at asg06.Expression.<init>(Expression.java:4)
	at asg06.Expression.<init>(Expression.java:4)
	at asg06.Expression.<init>(Expression.java:4)
	at asg06.Expression.<init>(Expression.java:4)
	at asg06.Expression.<init>(Expression.java:4)
	at asg06.Expression.<init>(Expression.java:4)
	at asg06.Expression.<init>(Expression.java:4)
	at asg06.Expression.<init>(Expression.java:4)
	at asg06.Expression.<init>(Expression.java:4)
	at asg06.Expression.<init>(Expression.java:4)
	at asg06.Expression.<init>(Expression.java:4)
	at asg06.Expression.<init>(Expression.java:4)
	at asg06.Expression.<init>(Expression.java:4)
	at asg06.Expression.<init>(Expression.java:4)
	at asg06.Expression.<init>(Expression.java:4)
	at asg06.Expression.<init>(Expression.java:4)
	at asg06.Expression.<init>(Expression.java:4)
	at asg06.Expression.<init>(Expression.java:4)
	at asg06.Expression.<init>(Expression.java:4)
	at asg06.Expression.<init>(Expression.java:4)
	at asg06.Expression.<init>(Expression.java:4)
	at asg06.Expression.<init>(Expression.java:4)
	at asg06.Expression.<init>(Expression.java:4)
	at asg06.Expression.<init>(Expression.java:4)
	at asg06.Expression.<init>(Expression.java:4)
	at asg06.Expression.<init>(Expression.java:4)
	at asg06.Expression.<init>(Expression.java:4)
	at asg06.Expression.<init>(Expression.java:4)
	at asg06.Expression.<init>(Expression.java:4)
	at asg06.Expression.<init>(Expression.java:4)
	at asg06.Expression.<init>(Expression.java:4)
	at asg06.Expression.<init>(Expression.java:4)
	at asg06.Expression.<init>(Expression.java:4)
	at asg06.Expression.<init>(Expression.java:4)
	at asg06.Expression.<init>(Expression.java:4)
	at asg06.Expression.<init>(Expression.java:4)
	at asg06.Expression.<init>(Expression.java:4)
	at asg06.Expression.<init>(Expression.java:4)
	at asg06.Expression.<init>(Expression.java:4)
	at asg06.Expression.<init>(Expression.java:4)
	at asg06.Expression.<init>(Expression.java:4)
	at asg06.Expression.<init>(Expression.java:4)
	at asg06.Expression.<init>(Expression.java:4)
	at asg06.Expression.<init>(Expression.java:4)
	at asg06.Expression.<init>(Expression.java:4)
	at asg06.Expression.<init>(Expression.java:4)
	at asg06.Expression.<init>(Expression.java:4)
	at asg06.Expression.<init>(Expression.java:4)
	at asg06.Expression.<init>(Expression.java:4)
	at asg06.Expression.<init>(Expression.java:4)
	at asg06.Expression.<init>(Expression.java:4)
	at asg06.Expression.<init>(Expression.java:4)
	at asg06.Expression.<init>(Expression.java:4)
	at asg06.Expression.<init>(Expression.java:4)
	at asg06.Expression.<init>(Expression.java:4)
	at asg06.Expression.<init>(Expression.java:4)
	at asg06.Expression.<init>(Expression.java:4)
	at asg06.Expression.<init>(Expression.java:4)
	at asg06.Expression.<init>(Expression.java:4)
	at asg06.Expression.<init>(Expression.java:4)
	at asg06.Expression.<init>(Expression.java:4)
	at asg06.Expression.<init>(Expression.java:4)
	at asg06.Expression.<init>(Expression.java:4)
	at asg06.Expression.<init>(Expression.java:4)
	at asg06.Expression.<init>(Expression.java:4)
	at asg06.Expression.<init>(Expression.java:4)
	at asg06.Expression.<init>(Expression.java:4)
	at asg06.Expression.<init>(Expression.java:4)
	at asg06.Expression.<init>(Expression.java:4)
	at asg06.Expression.<init>(Expression.java:4)
	at asg06.Expression.<init>(Expression.java:4)
	at asg06.Expression.<init>(Expression.java:4)
	at asg06.Expression.<init>(Expression.java:4)
	at asg06.Expression.<init>(Expression.java:4)
	at asg06.Expression.<init>(Expression.java:4)
	at asg06.Expression.<init>(Expression.java:4)
	at asg06.Expression.<init>(Expression.java:4)
	at asg06.Expression.<init>(Expression.java:4)
	at asg06.Expression.<init>(Expression.java:4)
	at asg06.Expression.<init>(Expression.java:4)
	at asg06.Expression.<init>(Expression.java:4)
	at asg06.Expression.<init>(Expression.java:4)
	at asg06.Expression.<init>(Expression.java:4)
	at asg06.Expression.<init>(Expression.java:4)
	at asg06.Expression.<init>(Expression.java:4)
	at asg06.Expression.<init>(Expression.java:4)
	at asg06.Expression.<init>(Expression.java:4)
	at asg06.Expression.<init>(Expression.java:4)
	at asg06.Expression.<init>(Expression.java:4)
	at asg06.Expression.<init>(Expression.java:4)
	at asg06.Expression.<init>(Expression.java:4)
	at asg06.Expression.<init>(Expression.java:4)
	at asg06.Expression.<init>(Expression.java:4)
	at asg06.Expression.<init>(Expression.java:4)
	at asg06.Expression.<init>(Expression.java:4)
	at asg06.Expression.<init>(Expression.java:4)
	at asg06.Expression.<init>(Expression.java:4)
	at asg06.Expression.<init>(Expression.java:4)
	at asg06.Expression.<init>(Expression.java:4)
	at asg06.Expression.<init>(Expression.java:4)
	at asg06.Expression.<init>(Expression.java:4)
	at asg06.Expression.<init>(Expression.java:4)
	at asg06.Expression.<init>(Expression.java:4)
	at asg06.Expression.<init>(Expression.java:4)
	at asg06.Expression.<init>(Expression.java:4)
	at asg06.Expression.<init>(Expression.java:4)
	at asg06.Expression.<init>(Expression.java:4)
	at asg06.Expression.<init>(Expression.java:4)
	at asg06.Expression.<init>(Expression.java:4)
	at asg06.Expression.<init>(Expression.java:4)
	at asg06.Expression.<init>(Expression.java:4)
	at asg06.Expression.<init>(Expression.java:4)
	at asg06.Expression.<init>(Expression.java:4)
	at asg06.Expression.<init>(Expression.java:4)
	at asg06.Expression.<init>(Expression.java:4)
	at asg06.Expression.<init>(Expression.java:4)
	at asg06.Expression.<init>(Expression.java:4)
	at asg06.Expression.<init>(Expression.java:4)
	at asg06.Expression.<init>(Expression.java:4)
	at asg06.Expression.<init>(Expression.java:4)
	at asg06.Expression.<init>(Expression.java:4)
	at asg06.Expression.<init>(Expression.java:4)
	at asg06.Expression.<init>(Expression.java:4)
	at asg06.Expression.<init>(Expression.java:4)
	at asg06.Expression.<init>(Expression.java:4)
	at asg06.Expression.<init>(Expression.java:4)
	at asg06.Expression.<init>(Expression.java:4)
	at asg06.Expression.<init>(Expression.java:4)
	at asg06.Expression.<init>(Expression.java:4)
	at asg06.Expression.<init>(Expression.java:4)
	at asg06.Expression.<init>(Expression.java:4)
	at asg06.Expression.<init>(Expression.java:4)
	at asg06.Expression.<init>(Expression.java:4)
	at asg06.Expression.<init>(Expression.java:4)
	at asg06.Expression.<init>(Expression.java:4)
	at asg06.Expression.<init>(Expression.java:4)
	at asg06.Expression.<init>(Expression.java:4)
	at asg06.Expression.<init>(Expression.java:4)
	at asg06.Expression.<init>(Expression.java:4)
	at asg06.Expression.<init>(Expression.java:4)
	at asg06.Expression.<init>(Expression.java:4)
	at asg06.Expression.<init>(Expression.java:4)
	at asg06.Expression.<init>(Expression.java:4)
	at asg06.Expression.<init>(Expression.java:4)
	at asg06.Expression.<init>(Expression.java:4)
	at asg06.Expression.<init>(Expression.java:4)
	at asg06.Expression.<init>(Expression.java:4)
	at asg06.Expression.<init>(Expression.java:4)
	at asg06.Expression.<init>(Expression.java:4)
	at asg06.Expression.<init>(Expression.java:4)
	at asg06.Expression.<init>(Expression.java:4)
	at asg06.Expression.<init>(Expression.java:4)
	at asg06.Expression.<init>(Expression.java:4)
	at asg06.Expression.<init>(Expression.java:4)
	at asg06.Expression.<init>(Expression.java:4)
	at asg06.Expression.<init>(Expression.java:4)
	at asg06.Expression.<init>(Expression.java:4)
	at asg06.Expression.<init>(Expression.java:4)
	at asg06.Expression.<init>(Expression.java:4)
	at asg06.Expression.<init>(Expression.java:4)
	at asg06.Expression.<init>(Expression.java:4)
	at asg06.Expression.<init>(Expression.java:4)
	at asg06.Expression.<init>(Expression.java:4)
	at asg06.Expression.<init>(Expression.java:4)
	at asg06.Expression.<init>(Expression.java:4)
	at asg06.Expression.<init>(Expression.java:4)
	at asg06.Expression.<init>(Expression.java:4)
	at asg06.Expression.<init>(Expression.java:4)
	at asg06.Expression.<init>(Expression.java:4)
	at asg06.Expression.<init>(Expression.java:4)
	at asg06.Expression.<init>(Expression.java:4)
	at asg06.Expression.<init>(Expression.java:4)
	at asg06.Expression.<init>(Expression.java:4)
	at asg06.Expression.<init>(Expression.java:4)
	at asg06.Expression.<init>(Expression.java:4)
	at asg06.Expression.<init>(Expression.java:4)
	at asg06.Expression.<init>(Expression.java:4)
	at asg06.Expression.<init>(Expression.java:4)
	at asg06.Expression.<init>(Expression.java:4)
	at asg06.Expression.<init>(Expression.java:4)
	at asg06.Expression.<init>(Expression.java:4)
	at asg06.Expression.<init>(Expression.java:4)
	at asg06.Expression.<init>(Expression.java:4)
	at asg06.Expression.<init>(Expression.java:4)
	at asg06.Expression.<init>(Expression.java:4)
	at asg06.Expression.<init>(Expression.java:4)
	at asg06.Expression.<init>(Expression.java:4)
	at asg06.Expression.<init>(Expression.java:4)
	at asg06.Expression.<init>(Expression.java:4)
	at asg06.Expression.<init>(Expression.java:4)
	at asg06.Expression.<init>(Expression.java:4)
	at asg06.Expression.<init>(Expression.java:4)
	at asg06.Expression.<init>(Expression.java:4)
	at asg06.Expression.<init>(Expression.java:4)
	at asg06.Expression.<init>(Expression.java:4)
	at asg06.Expression.<init>(Expression.java:4)
	at asg06.Expression.<init>(Expression.java:4)
	at asg06.Expression.<init>(Expression.java:4)
	at asg06.Expression.<init>(Expression.java:4)
	at asg06.Expression.<init>(Expression.java:4)
	at asg06.Expression.<init>(Expression.java:4)
	at asg06.Expression.<init>(Expression.java:4)
	at asg06.Expression.<init>(Expression.java:4)
	at asg06.Expression.<init>(Expression.java:4)
	at asg06.Expression.<init>(Expression.java:4)
	at asg06.Expression.<init>(Expression.java:4)
	at asg06.Expression.<init>(Expression.java:4)
	at asg06.Expression.<init>(Expression.java:4)
	at asg06.Expression.<init>(Expression.java:4)
	at asg06.Expression.<init>(Expression.java:4)
	at asg06.Expression.<init>(Expression.java:4)
	at asg06.Expression.<init>(Expression.java:4)
	at asg06.Expression.<init>(Expression.java:4)
	at asg06.Expression.<init>(Expression.java:4)
	at asg06.Expression.<init>(Expression.java:4)
	at asg06.Expression.<init>(Expression.java:4)
	at asg06.Expression.<init>(Expression.java:4)
	at asg06.Expression.<init>(Expression.java:4)
	at asg06.Expression.<init>(Expression.java:4)
	at asg06.Expression.<init>(Expression.java:4)
	at asg06.Expression.<init>(Expression.java:4)
	at asg06.Expression.<init>(Expression.java:4)
	at asg06.Expression.<init>(Expression.java:4)
	at asg06.Expression.<init>(Expression.java:4)
	at asg06.Expression.<init>(Expression.java:4)
	at asg06.Expression.<init>(Expression.java:4)
	at asg06.Expression.<init>(Expression.java:4)
	at asg06.Expression.<init>(Expression.java:4)
	at asg06.Expression.<init>(Expression.java:4)
	at asg06.Expression.<init>(Expression.java:4)
	at asg06.Expression.<init>(Expression.java:4)
	at asg06.Expression.<init>(Expression.java:4)
	at asg06.Expression.<init>(Expression.java:4)
	at asg06.Expression.<init>(Expression.java:4)
	at asg06.Expression.<init>(Expression.java:4)
	at asg06.Expression.<init>(Expression.java:4)
	at asg06.Expression.<init>(Expression.java:4)
	at asg06.Expression.<init>(Expression.java:4)
	at asg06.Expression.<init>(Expression.java:4)
	at asg06.Expression.<init>(Expression.java:4)
	at asg06.Expression.<init>(Expression.java:4)
	at asg06.Expression.<init>(Expression.java:4)
	at asg06.Expression.<init>(Expression.java:4)
	at asg06.Expression.<init>(Expression.java:4)
	at asg06.Expression.<init>(Expression.java:4)
	at asg06.Expression.<init>(Expression.java:4)
	at asg06.Expression.<init>(Expression.java:4)
	at asg06.Expression.<init>(Expression.java:4)
	at asg06.Expression.<init>(Expression.java:4)
[...]
	at asg06.Expression.<init>(Expression.java:4)
	at asg06.Expression.<init>(Expression.java:4)
	at asg06.Expression.<init>(Expression.java:4)
	at asg06.Expression.<init>(Expression.java:4)
	at asg06.Expression.<init>(Expression.java:4)
	at asg06.Expression.<init>(Expression.java:4)
	at asg06.Expression.<init>(Expression.java:4)
	at asg06.Expression.<init>(Expression.java:4)
	at asg06.Expression.<init>(Expression.java:4)
	at asg06.Expression.<init>(Expression.java:4)
	at asg06.Expression.<init>(Expression.java:4)
	at asg06.Expression.<init>(Expression.java:4)
	at asg06.Expression.<init>(Expression.java:4)
	at asg06.Expression.<init>(Expression.java:4)
	at asg06.Expression.<init>(Expression.java:4)
	at asg06.Expression.<init>(Expression.java:4)
	at asg06.Expression.<init>(Expression.java:4)
	at asg06.Expression.<init>(Expression.java:4)
	at asg06.Expression.<init>(Expression.java:4)
	at asg06.Expression.<init>(Expression.java:4)
	at asg06.Expression.<init>(Expression.java:4)
	at asg06.Expression.<init>(Expression.java:4)
	at asg06.Expression.<init>(Expression.java:4)
	at asg06.Expression.<init>(Expression.java:4)
	at asg06.Expression.<init>(Expression.java:4)
	at asg06.Expression.<init>(Expression.java:4)
	at asg06.Expression.<init>(Expression.java:4)
	at asg06.Expression.<init>(Expression.java:4)
	at asg06.Expression.<init>(Expression.java:4)
	at asg06.Expression.<init>(Expression.java:4)
	at asg06.Expression.<init>(Expression.java:4)
	at asg06.Expression.<init>(Expression.java:4)
	at asg06.Expression.<init>(Expression.java:4)
	at asg06.Expression.<init>(Expression.java:4)
	at asg06.Expression.<init>(Expression.java:4)
	at asg06.Expression.<init>(Expression.java:4)
	at asg06.Expression.<init>(Expression.java:4)
	at asg06.Expression.<init>(Expression.java:4)
	at asg06.Expression.<init>(Expression.java:4)
	at asg06.Expression.<init>(Expression.java:4)
	at asg06.Expression.<init>(Expression.java:4)
	at asg06.Expression.<init>(Expression.java:4)
	at asg06.Expression.<init>(Expression.java:4)
	at asg06.Expression.<init>(Expression.java:4)
	at asg06.Expression.<init>(Expression.java:4)
	at asg06.Expression.<init>(Expression.java:4)
	at asg06.Expression.<init>(Expression.java:4)
	at asg06.Expression.<init>(Expression.java:4)
	at asg06.Expression.<init>(Expression.java:4)
	at asg06.Expression.<init>(Expression.java:4)
	at asg06.Expression.<init>(Expression.java:4)
	at asg06.Expression.<init>(Expression.java:4)
	at asg06.Expression.<init>(Expression.java:4)
	at asg06.Expression.<init>(Expression.java:4)
	at asg06.Expression.<init>(Expression.java:4)
	at asg06.Expression.<init>(Expression.java:4)
	at asg06.Expression.<init>(Expression.java:4)
	at asg06.Expression.<init>(Expression.java:4)
	at asg06.Expression.<init>(Expression.java:4)
	at asg06.Expression.<init>(Expression.java:4)
	at asg06.Expression.<init>(Expression.java:4)
	at asg06.Expression.<init>(Expression.java:4)
	at asg06.Expression.<init>(Expression.java:4)
	at asg06.Expression.<init>(Expression.java:4)
	at asg06.Expression.<init>(Expression.java:4)
	at asg06.Expression.<init>(Expression.java:4)
	at asg06.Expression.<init>(Expression.java:4)
	at asg06.Expression.<init>(Expression.java:4)
	at asg06.Expression.<init>(Expression.java:4)
	at asg06.Expression.<init>(Expression.java:4)
	at asg06.Expression.<init>(Expression.java:4)
	at asg06.Expression.<init>(Expression.java:4)
	at asg06.Expression.<init>(Expression.java:4)
	at asg06.Expression.<init>(Expression.java:4)
	at asg06.Expression.<init>(Expression.java:4)
	at asg06.Expression.<init>(Expression.java:4)
	at asg06.Expression.<init>(Expression.java:4)
	at asg06.Expression.<init>(Expression.java:4)
	at asg06.Expression.<init>(Expression.java:4)
	at asg06.Expression.<init>(Expression.java:4)
	at asg06.Expression.<init>(Expression.java:4)
	at asg06.Expression.<init>(Expression.java:4)
	at asg06.Expression.<init>(Expression.java:4)
	at asg06.Expression.<init>(Expression.java:4)
	at asg06.Expression.<init>(Expression.java:4)
	at asg06.Expression.<init>(Expression.java:4)
	at asg06.Expression.<init>(Expression.java:4)
	at asg06.Expression.<init>(Expression.java:4)
	at asg06.Expression.<init>(Expression.java:4)
	at asg06.Expression.<init>(Expression.java:4)
	at asg06.Expression.<init>(Expression.java:4)
	at asg06.Expression.<init>(Expression.java:4)
	at asg06.Expression.<init>(Expression.java:4)
	at asg06.Expression.<init>(Expression.java:4)
	at asg06.Expression.<init>(Expression.java:4)
	at asg06.Expression.<init>(Expression.java:4)
	at asg06.Expression.<init>(Expression.java:4)
	at asg06.Expression.<init>(Expression.java:4)
	at asg06.Expression.<init>(Expression.java:4)
	at asg06.Expression.<init>(Expression.java:4)
	at asg06.Expression.<init>(Expression.java:4)
	at asg06.Expression.<init>(Expression.java:4)
	at asg06.Expression.<init>(Expression.java:4)
	at asg06.Expression.<init>(Expression.java:4)
	at asg06.Expression.<init>(Expression.java:4)
	at asg06.Expression.<init>(Expression.java:4)
	at asg06.Expression.<init>(Expression.java:4)
	at asg06.Expression.<init>(Expression.java:4)
	at asg06.Expression.<init>(Expression.java:4)
	at asg06.Expression.<init>(Expression.java:4)
	at asg06.Expression.<init>(Expression.java:4)
	at asg06.Expression.<init>(Expression.java:4)
	at asg06.Expression.<init>(Expression.java:4)
	at asg06.Expression.<init>(Expression.java:4)
	at asg06.Expression.<init>(Expression.java:4)
	at asg06.Expression.<init>(Expression.java:4)
	at asg06.Expression.<init>(Expression.java:4)
	at asg06.Expression.<init>(Expression.java:4)
	at asg06.Expression.<init>(Expression.java:4)
	at asg06.Expression.<init>(Expression.java:4)
	at asg06.Expression.<init>(Expression.java:4)
	at asg06.Expression.<init>(Expression.java:4)
	at asg06.Expression.<init>(Expression.java:4)
	at asg06.Expression.<init>(Expression.java:4)
	at asg06.Expression.<init>(Expression.java:4)
	at asg06.Expression.<init>(Expression.java:4)
	at asg06.Expression.<init>(Expression.java:4)
	at asg06.Expression.<init>(Expression.java:4)
	at asg06.Expression.<init>(Expression.java:4)
	at asg06.Expression.<init>(Expression.java:4)
	at asg06.Expression.<init>(Expression.java:4)
	at asg06.Expression.<init>(Expression.java:4)
	at asg06.Expression.<init>(Expression.java:4)
	at asg06.Expression.<init>(Expression.java:4)
	at asg06.Expression.<init>(Expression.java:4)
	at asg06.Expression.<init>(Expression.java:4)
	at asg06.Expression.<init>(Expression.java:4)
	at asg06.Expression.<init>(Expression.java:4)
	at asg06.Expression.<init>(Expression.java:4)
	at asg06.Expression.<init>(Expression.java:4)
	at asg06.Expression.<init>(Expression.java:4)
	at asg06.Expression.<init>(Expression.java:4)
	at asg06.Expression.<init>(Expression.java:4)
	at asg06.Expression.<init>(Expression.java:4)
	at asg06.Expression.<init>(Expression.java:4)
	at asg06.Expression.<init>(Expression.java:4)
	at asg06.Expression.<init>(Expression.java:4)
	at asg06.Expression.<init>(Expression.java:4)
	at asg06.Expression.<init>(Expression.java:4)
	at asg06.Expression.<init>(Expression.java:4)
	at asg06.Expression.<init>(Expression.java:4)
	at asg06.Expression.<init>(Expression.java:4)
	at asg06.Expression.<init>(Expression.java:4)
	at asg06.Expression.<init>(Expression.java:4)
	at asg06.Expression.<init>(Expression.java:4)
	at asg06.Expression.<init>(Expression.java:4)
	at asg06.Expression.<init>(Expression.java:4)
	at asg06.Expression.<init>(Expression.java:4)
	at asg06.Expression.<init>(Expression.java:4)
	at asg06.Expression.<init>(Expression.java:4)
	at asg06.Expression.<init>(Expression.java:4)
	at asg06.Expression.<init>(Expression.java:4)
	at asg06.Expression.<init>(Expression.java:4)
	at asg06.Expression.<init>(Expression.java:4)
	at asg06.Expression.<init>(Expression.java:4)
	at asg06.Expression.<init>(Expression.java:4)
	at asg06.Expression.<init>(Expression.java:4)
	at asg06.Expression.<init>(Expression.java:4)
	at asg06.Expression.<init>(Expression.java:4)
	at asg06.Expression.<init>(Expression.java:4)
	at asg06.Expression.<init>(Expression.java:4)
	at asg06.Expression.<init>(Expression.java:4)
	at asg06.Expression.<init>(Expression.java:4)
	at asg06.Expression.<init>(Expression.java:4)
	at asg06.Expression.<init>(Expression.java:4)
	at asg06.Expression.<init>(Expression.java:4)
	at asg06.Expression.<init>(Expression.java:4)
	at asg06.Expression.<init>(Expression.java:4)
	at asg06.Expression.<init>(Expression.java:4)
	at asg06.Expression.<init>(Expression.java:4)
	at asg06.Expression.<init>(Expression.java:4)
	at asg06.Expression.<init>(Expression.java:4)
	at asg06.Expression.<init>(Expression.java:4)
	at asg06.Expression.<init>(Expression.java:4)
	at asg06.Expression.<init>(Expression.java:4)
	at asg06.Expression.<init>(Expression.java:4)
	at asg06.Expression.<init>(Expression.java:4)
	at asg06.Expression.<init>(Expression.java:4)
	at asg06.Expression.<init>(Expression.java:4)
	at asg06.Expression.<init>(Expression.java:4)
	at asg06.Expression.<init>(Expression.java:4)
	at asg06.Expression.<init>(Expression.java:4)
	at asg06.Expression.<init>(Expression.java:4)
	at asg06.Expression.<init>(Expression.java:4)
	at asg06.Expression.<init>(Expression.java:4)
	at asg06.Expression.<init>(Expression.java:4)
	at asg06.Expression.<init>(Expression.java:4)
	at asg06.Expression.<init>(Expression.java:4)
	at asg06.Expression.<init>(Expression.java:4)
	at asg06.Expression.<init>(Expression.java:4)
	at asg06.Expression.<init>(Expression.java:4)
	at asg06.Expression.<init>(Expression.java:4)
	at asg06.Expression.<init>(Expression.java:4)
	at asg06.Expression.<init>(Expression.java:4)
	at asg06.Expression.<init>(Expression.java:4)
	at asg06.Expression.<init>(Expression.java:4)
	at asg06.Expression.<init>(Expression.java:4)
	at asg06.Expression.<init>(Expression.java:4)
	at asg06.Expression.<init>(Expression.java:4)
	at asg06.Expression.<init>(Expression.java:4)
	at asg06.Expression.<init>(Expression.java:4)
	at asg06.Expression.<init>(Expression.java:4)
	at asg06.Expression.<init>(Expression.java:4)
	at asg06.Expression.<init>(Expression.java:4)
	at asg06.Expression.<init>(Expression.java:4)
	at asg06.Expression.<init>(Expression.java:4)
	at asg06.Expression.<init>(Expression.java:4)
	at asg06.Expression.<init>(Expression.java:4)
	at asg06.Expression.<init>(Expression.java:4)
	at asg06.Expression.<init>(Expression.java:4)
	at asg06.Expression.<init>(Expression.java:4)
	at asg06.Expression.<init>(Expression.java:4)
	at asg06.Expression.<init>(Expression.java:4)
	at asg06.Expression.<init>(Expression.java:4)
	at asg06.Expression.<init>(Expression.java:4)
	at asg06.Expression.<init>(Expression.java:4)
	at asg06.Expression.<init>(Expression.java:4)
	at asg06.Expression.<init>(Expression.java:4)
	at asg06.Expression.<init>(Expression.java:4)
	at asg06.Expression.<init>(Expression.java:4)
	at asg06.Expression.<init>(Expression.java:4)
	at asg06.Expression.<init>(Expression.java:4)
	at asg06.Expression.<init>(Expression.java:4)
	at asg06.Expression.<init>(Expression.java:4)
	at asg06.Expression.<init>(Expression.java:4)
	at asg06.Expression.<init>(Expression.java:4)
	at asg06.Expression.<init>(Expression.java:4)
	at asg06.Expression.<init>(Expression.java:4)
	at asg06.Expression.<init>(Expression.java:4)
	at asg06.Expression.<init>(Expression.java:4)
	at asg06.Expression.<init>(Expression.java:4)
	at asg06.Expression.<init>(Expression.java:4)
	at asg06.Expression.<init>(Expression.java:4)
	at asg06.Expression.<init>(Expression.java:4)
	at asg06.Expression.<init>(Expression.java:4)
	at asg06.Expression.<init>(Expression.java:4)
	at asg06.Expression.<init>(Expression.java:4)
	at asg06.Expression.<init>(Expression.java:4)
	at asg06.Expression.<init>(Expression.java:4)
	at asg06.Expression.<init>(Expression.java:4)
	at asg06.Expression.<init>(Expression.java:4)
	at asg06.Expression.<init>(Expression.java:4)
	at asg06.Expression.<init>(Expression.java:4)
	at asg06.Expression.<init>(Expression.java:4)
	at asg06.Expression.<init>(Expression.java:4)
	at asg06.Expression.<init>(Expression.java:4)
	at asg06.Expression.<init>(Expression.java:4)
	at asg06.Expression.<init>(Expression.java:4)
	at asg06.Expression.<init>(Expression.java:4)
	at asg06.Expression.<init>(Expression.java:4)
	at asg06.Expression.<init>(Expression.java:4)
	at asg06.Expression.<init>(Expression.java:4)
	at asg06.Expression.<init>(Expression.java:4)
	at asg06.Expression.<init>(Expression.java:4)
	at asg06.Expression.<init>(Expression.java:4)
	at asg06.Expression.<init>(Expression.java:4)
	at asg06.Expression.<init>(Expression.java:4)
	at asg06.Expression.<init>(Expression.java:4)
	at asg06.Expression.<init>(Expression.java:4)
	at asg06.Expression.<init>(Expression.java:4)
	at asg06.Expression.<init>(Expression.java:4)
	at asg06.Expression.<init>(Expression.java:4)
	at asg06.Expression.<init>(Expression.java:4)
	at asg06.Expression.<init>(Expression.java:4)
	at asg06.Expression.<init>(Expression.java:4)
	at asg06.Expression.<init>(Expression.java:4)
	at asg06.Expression.<init>(Expression.java:4)
	at asg06.Expression.<init>(Expression.java:4)
	at asg06.Expression.<init>(Expression.java:4)
	at asg06.Expression.<init>(Expression.java:4)
	at asg06.Expression.<init>(Expression.java:4)
	at asg06.Expression.<init>(Expression.java:4)
	at asg06.Expression.<init>(Expression.java:4)
	at asg06.Expression.<init>(Expression.java:4)
	at asg06.Expression.<init>(Expression.java:4)
	at asg06.Expression.<init>(Expression.java:4)
	at asg06.Expression.<init>(Expression.java:4)
	at asg06.Expression.<init>(Expression.java:4)
	at asg06.Expression.<init>(Expression.java:4)
	at asg06.Expression.<init>(Expression.java:4)
	at asg06.Expression.<init>(Expression.java:4)
	at asg06.Expression.<init>(Expression.java:4)
	at asg06.Expression.<init>(Expression.java:4)
	at asg06.Expression.<init>(Expression.java:4)
	at asg06.Expression.<init>(Expression.java:4)
	at asg06.Expression.<init>(Expression.java:4)
	at asg06.Expression.<init>(Expression.java:4)
	at asg06.Expression.<init>(Expression.java:4)
	at asg06.Expression.<init>(Expression.java:4)
	at asg06.Expression.<init>(Expression.java:4)
	at asg06.Expression.<init>(Expression.java:4)
	at asg06.Expression.<init>(Expression.java:4)
	at asg06.Expression.<init>(Expression.java:4)
	at asg06.Expression.<init>(Expression.java:4)
	at asg06.Expression.<init>(Expression.java:4)
	at asg06.Expression.<init>(Expression.java:4)
	at asg06.Expression.<init>(Expression.java:4)
	at asg06.Expression.<init>(Expression.java:4)
	at asg06.Expression.<init>(Expression.java:4)
	at asg06.Expression.<init>(Expression.java:4)
	at asg06.Expression.<init>(Expression.java:4)
	at asg06.Expression.<init>(Expression.java:4)
	at asg06.Expression.<init>(Expression.java:4)
	at asg06.Expression.<init>(Expression.java:4)
	at asg06.Expression.<init>(Expression.java:4)
	at asg06.Expression.<init>(Expression.java:4)
	at asg06.Expression.<init>(Expression.java:4)
	at asg06.Expression.<init>(Expression.java:4)
	at asg06.Expression.<init>(Expression.java:4)
	at asg06.Expression.<init>(Expression.java:4)
	at asg06.Expression.<init>(Expression.java:4)
	at asg06.Expression.<init>(Expression.java:4)
	at asg06.Expression.<init>(Expression.java:4)
	at asg06.Expression.<init>(Expression.java:4)
	at asg06.Expression.<init>(Expression.java:4)
	at asg06.Expression.<init>(Expression.java:4)
	at asg06.Expression.<init>(Expression.java:4)
	at asg06.Expression.<init>(Expression.java:4)
	at asg06.Expression.<init>(Expression.java:4)
	at asg06.Expression.<init>(Expression.java:4)
	at asg06.Expression.<init>(Expression.java:4)
	at asg06.Expression.<init>(Expression.java:4)
	at asg06.Expression.<init>(Expression.java:4)
	at asg06.Expression.<init>(Expression.java:4)
	at asg06.Expression.<init>(Expression.java:4)
	at asg06.Expression.<init>(Expression.java:4)
	at asg06.Expression.<init>(Expression.java:4)
	at asg06.Expression.<init>(Expression.java:4)
	at asg06.Expression.<init>(Expression.java:4)
	at asg06.Expression.<init>(Expression.java:4)
	at asg06.Expression.<init>(Expression.java:4)
	at asg06.Expression.<init>(Expression.java:4)
	at asg06.Expression.<init>(Expression.java:4)
	at asg06.Expression.<init>(Expression.java:4)
	at asg06.Expression.<init>(Expression.java:4)
	at asg06.Expression.<init>(Expression.java:4)
	at asg06.Expression.<init>(Expression.java:4)
	at asg06.Expression.<init>(Expression.java:4)
	at asg06.Expression.<init>(Expression.java:4)
	at asg06.Expression.<init>(Expression.java:4)
	at asg06.Expression.<init>(Expression.java:4)
	at asg06.Expression.<init>(Expression.java:4)
	at asg06.Expression.<init>(Expression.java:4)
	at asg06.Expression.<init>(Expression.java:4)
	at asg06.Expression.<init>(Expression.java:4)
	at asg06.Expression.<init>(Expression.java:4)
	at asg06.Expression.<init>(Expression.java:4)
	at asg06.Expression.<init>(Expression.java:4)
	at asg06.Expression.<init>(Expression.java:4)
	at asg06.Expression.<init>(Expression.java:4)
	at asg06.Expression.<init>(Expression.java:4)
	at asg06.Expression.<init>(Expression.java:4)
	at asg06.Expression.<init>(Expression.java:4)
	at asg06.Expression.<init>(Expression.java:4)
	at asg06.Expression.<init>(Expression.java:4)
	at asg06.Expression.<init>(Expression.java:4)
	at asg06.Expression.<init>(Expression.java:4)
	at asg06.Expression.<init>(Expression.java:4)
	at asg06.Expression.<init>(Expression.java:4)
	at asg06.Expression.<init>(Expression.java:4)
	at asg06.Expression.<init>(Expression.java:4)
	at asg06.Expression.<init>(Expression.java:4)
	at asg06.Expression.<init>(Expression.java:4)
	at asg06.Expression.<init>(Expression.java:4)
	at asg06.Expression.<init>(Expression.java:4)
	at asg06.Expression.<init>(Expression.java:4)
	at asg06.Expression.<init>(Expression.java:4)
	at asg06.Expression.<init>(Expression.java:4)
	at asg06.Expression.<init>(Expression.java:4)
	at asg06.Expression.<init>(Expression.java:4)
	at asg06.Expression.<init>(Expression.java:4)
	at asg06.Expression.<init>(Expression.java:4)
	at asg06.Expression.<init>(Expression.java:4)
	at asg06.Expression.<init>(Expression.java:4)
	at asg06.Expression.<init>(Expression.java:4)
	at asg06.Expression.<init>(Expression.java:4)
	at asg06.Expression.<init>(Expression.java:4)
	at asg06.Expression.<init>(Expression.java:4)
	at asg06.Expression.<init>(Expression.java:4)
	at asg06.Expression.<init>(Expression.java:4)
	at asg06.Expression.<init>(Expression.java:4)
	at asg06.Expression.<init>(Expression.java:4)
	at asg06.Expression.<init>(Expression.java:4)
	at asg06.Expression.<init>(Expression.java:4)
	at asg06.Expression.<init>(Expression.java:4)
	at asg06.Expression.<init>(Expression.java:4)
	at asg06.Expression.<init>(Expression.java:4)
	at asg06.Expression.<init>(Expression.java:4)
	at asg06.Expression.<init>(Expression.java:4)
	at asg06.Expression.<init>(Expression.java:4)
	at asg06.Expression.<init>(Expression.java:4)
	at asg06.Expression.<init>(Expression.java:4)
	at asg06.Expression.<init>(Expression.java:4)
	at asg06.Expression.<init>(Expression.java:4)
	at asg06.Expression.<init>(Expression.java:4)
	at asg06.Expression.<init>(Expression.java:4)
	at asg06.Expression.<init>(Expression.java:4)
	at asg06.Expression.<init>(Expression.java:4)
	at asg06.Expression.<init>(Expression.java:4)
	at asg06.Expression.<init>(Expression.java:4)
	at asg06.Expression.<init>(Expression.java:4)
	at asg06.Expression.<init>(Expression.java:4)
	at asg06.Expression.<init>(Expression.java:4)
	at asg06.Expression.<init>(Expression.java:4)
	at asg06.Expression.<init>(Expression.java:4)
	at asg06.Expression.<init>(Expression.java:4)
	at asg06.Expression.<init>(Expression.java:4)
	at asg06.Expression.<init>(Expression.java:4)
	at asg06.Expression.<init>(Expression.java:4)
	at asg06.Expression.<init>(Expression.java:4)
	at asg06.Expression.<init>(Expression.java:4)
	at asg06.Expression.<init>(Expression.java:4)
	at asg06.Expression.<init>(Expression.java:4)
	at asg06.Expression.<init>(Expression.java:4)
	at asg06.Expression.<init>(Expression.java:4)
