<?xml version="1.0" encoding="UTF-8" ?>
<testsuite tests="13" failures="0" name="asg06.TestExpression" time="0.538" errors="13" skipped="0">
  <properties>
[...]
</properties>
  <testcase classname="asg06.TestExpression" name="testSubtractionToString" time="0.082">
    <error type="java.lang.StackOverflowError">java.lang.StackOverflowError
	at asg06.Expression.&lt;init&gt;(Expression.java:4)
	at asg06.Expression.&lt;init&gt;(Expression.java:4)
	at asg06.Expression.&lt;init&gt;(Expression.java:4)
	at asg06.Expression.&lt;init&gt;(Expression.java:4)
	at asg06.Expression.&lt;init&gt;(Expression.java:4)
	at asg06.Expression.&lt;init&gt;(Expression.java:4)
	at asg06.Expression.&lt;init&gt;(Expression.java:4)
	at asg06.Expression.&lt;init&gt;(Expression.java:4)
	at asg06.Expression.&lt;init&gt;(Expression.java:4)
	at asg06.Expression.&lt;init&gt;(Expression.java:4)
	at asg06.Expression.&lt;init&gt;(Expression.java:4)
	at asg06.Expression.&lt;init&gt;(Expression.java:4)
	at asg06.Expression.&lt;init&gt;(Expression.java:4)
	at asg06.Expression.&lt;init&gt;(Expression.java:4)
	at asg06.Expression.&lt;init&gt;(Expression.java:4)
	at asg06.Expression.&lt;init&gt;(Expression.java:4)
	at asg06.Expression.&lt;init&gt;(Expression.java:4)
	at asg06.Expression.&lt;init&gt;(Expression.java:4)
	at asg06.Expression.&lt;init&gt;(Expression.java:4)
	at asg06.Expression.&lt;init&gt;(Expression.java:4)
	at asg06.Expression.&lt;init&gt;(Expression.java:4)
	at asg06.Expression.&lt;init&gt;(Expression.java:4)
	at asg06.Expression.&lt;init&gt;(Expression.java:4)
	at asg06.Expression.&lt;init&gt;(Expression.java:4)
	at asg06.Expression.&lt;init&gt;(Expression.java:4)
	at asg06.Expression.&lt;init&gt;(Expression.java:4)
	at asg06.Expression.&lt;init&gt;(Expression.java:4)
	at asg06.Expression.&lt;init&gt;(Expression.java:4)
	at asg06.Expression.&lt;init&gt;(Expression.java:4)
	at asg06.Expression.&lt;init&gt;(Expression.java:4)
	at asg06.Expression.&lt;init&gt;(Expression.java:4)
	at asg06.Expression.&lt;init&gt;(Expression.java:4)
	at asg06.Expression.&lt;init&gt;(Expression.java:4)
	at asg06.Expression.&lt;init&gt;(Expression.java:4)
	at asg06.Expression.&lt;init&gt;(Expression.java:4)
	at asg06.Expression.&lt;init&gt;(Expression.java:4)
	at asg06.Expression.&lt;init&gt;(Expression.java:4)
	at asg06.Expression.&lt;init&gt;(Expression.java:4)
	at asg06.Expression.&lt;init&gt;(Expression.java:4)
	at asg06.Expression.&lt;init&gt;(Expression.java:4)
	at asg06.Expression.&lt;init&gt;(Expression.java:4)
	at asg06.Expression.&lt;init&gt;(Expression.java:4)
	at asg06.Expression.&lt;init&gt;(Expression.java:4)
	at asg06.Expression.&lt;init&gt;(Expression.java:4)
	at asg06.Expression.&lt;init&gt;(Expression.java:4)
	at asg06.Expression.&lt;init&gt;(Expression.java:4)
	at asg06.Expression.&lt;init&gt;(Expression.java:4)
	at asg06.Expression.&lt;init&gt;(Expression.java:4)
	at asg06.Expression.&lt;init&gt;(Expression.java:4)
	at asg06.Expression.&lt;init&gt;(Expression.java:4)
	at asg06.Expression.&lt;init&gt;(Expression.java:4)
	at asg06.Expression.&lt;init&gt;(Expression.java:4)
	at asg06.Expression.&lt;init&gt;(Expression.java:4)
	at asg06.Expression.&lt;init&gt;(Expression.java:4)
	at asg06.Expression.&lt;init&gt;(Expression.java:4)
	at asg06.Expression.&lt;init&gt;(Expression.java:4)
	at asg06.Expression.&lt;init&gt;(Expression.java:4)
	at asg06.Expression.&lt;init&gt;(Expression.java:4)
	at asg06.Expression.&lt;init&gt;(Expression.java:4)
	at asg06.Expression.&lt;init&gt;(Expression.java:4)
	at asg06.Expression.&lt;init&gt;(Expression.java:4)
	at asg06.Expression.&lt;init&gt;(Expression.java:4)
	at asg06.Expression.&lt;init&gt;(Expression.java:4)
	at asg06.Expression.&lt;init&gt;(Expression.java:4)
	at asg06.Expression.&lt;init&gt;(Expression.java:4)
	at asg06.Expression.&lt;init&gt;(Expression.java:4)
	at asg06.Expression.&lt;init&gt;(Expression.java:4)
	at asg06.Expression.&lt;init&gt;(Expression.java:4)
	at asg06.Expression.&lt;init&gt;(Expression.java:4)
	at asg06.Expression.&lt;init&gt;(Expression.java:4)
	at asg06.Expression.&lt;init&gt;(Expression.java:4)
	at asg06.Expression.&lt;init&gt;(Expression.java:4)
	at asg06.Expression.&lt;init&gt;(Expression.java:4)
	at asg06.Expression.&lt;init&gt;(Expression.java:4)
	at asg06.Expression.&lt;init&gt;(Expression.java:4)
	at asg06.Expression.&lt;init&gt;(Expression.java:4)
	at asg06.Expression.&lt;init&gt;(Expression.java:4)
	at asg06.Expression.&lt;init&gt;(Expression.java:4)
	at asg06.Expression.&lt;init&gt;(Expression.java:4)
	at asg06.Expression.&lt;init&gt;(Expression.java:4)
	at asg06.Expression.&lt;init&gt;(Expression.java:4)
	at asg06.Expression.&lt;init&gt;(Expression.java:4)
	at asg06.Expression.&lt;init&gt;(Expression.java:4)
	at asg06.Expression.&lt;init&gt;(Expression.java:4)
	at asg06.Expression.&lt;init&gt;(Expression.java:4)
	at asg06.Expression.&lt;init&gt;(Expression.java:4)
	at asg06.Expression.&lt;init&gt;(Expression.java:4)
	at asg06.Expression.&lt;init&gt;(Expression.java:4)
	at asg06.Expression.&lt;init&gt;(Expression.java:4)
	at asg06.Expression.&lt;init&gt;(Expression.java:4)
	at asg06.Expression.&lt;init&gt;(Expression.java:4)
	at asg06.Expression.&lt;init&gt;(Expression.java:4)
	at asg06.Expression.&lt;init&gt;(Expression.java:4)
	at asg06.Expression.&lt;init&gt;(Expression.java:4)
	at asg06.Expression.&lt;init&gt;(Expression.java:4)
	at asg06.Expression.&lt;init&gt;(Expression.java:4)
	at asg06.Expression.&lt;init&gt;(Expression.java:4)
	at asg06.Expression.&lt;init&gt;(Expression.java:4)
	at asg06.Expression.&lt;init&gt;(Expression.java:4)
	at asg06.Expression.&lt;init&gt;(Expression.java:4)
	at asg06.Expression.&lt;init&gt;(Expression.java:4)
	at asg06.Expression.&lt;init&gt;(Expression.java:4)
	at asg06.Expression.&lt;init&gt;(Expression.java:4)
	at asg06.Expression.&lt;init&gt;(Expression.java:4)
	at asg06.Expression.&lt;init&gt;(Expression.java:4)
	at asg06.Expression.&lt;init&gt;(Expression.java:4)
	at asg06.Expression.&lt;init&gt;(Expression.java:4)
	at asg06.Expression.&lt;init&gt;(Expression.java:4)
	at asg06.Expression.&lt;init&gt;(Expression.java:4)
	at asg06.Expression.&lt;init&gt;(Expression.java:4)
	at asg06.Expression.&lt;init&gt;(Expression.java:4)
	at asg06.Expression.&lt;init&gt;(Expression.java:4)
	at asg06.Expression.&lt;init&gt;(Expression.java:4)
	at asg06.Expression.&lt;init&gt;(Expression.java:4)
	at asg06.Expression.&lt;init&gt;(Expression.java:4)
	at asg06.Expression.&lt;init&gt;(Expression.java:4)
	at asg06.Expression.&lt;init&gt;(Expression.java:4)
	at asg06.Expression.&lt;init&gt;(Expression.java:4)
	at asg06.Expression.&lt;init&gt;(Expression.java:4)
	at asg06.Expression.&lt;init&gt;(Expression.java:4)
	at asg06.Expression.&lt;init&gt;(Expression.java:4)
	at asg06.Expression.&lt;init&gt;(Expression.java:4)
	at asg06.Expression.&lt;init&gt;(Expression.java:4)
	at asg06.Expression.&lt;init&gt;(Expression.java:4)
	at asg06.Expression.&lt;init&gt;(Expression.java:4)
	at asg06.Expression.&lt;init&gt;(Expression.java:4)
	at asg06.Expression.&lt;init&gt;(Expression.java:4)
	at asg06.Expression.&lt;init&gt;(Expression.java:4)
	at asg06.Expression.&lt;init&gt;(Expression.java:4)
	at asg06.Expression.&lt;init&gt;(Expression.java:4)
	at asg06.Expression.&lt;init&gt;(Expression.java:4)
	at asg06.Expression.&lt;init&gt;(Expression.java:4)
	at asg06.Expression.&lt;init&gt;(Expression.java:4)
	at asg06.Expression.&lt;init&gt;(Expression.java:4)
	at asg06.Expression.&lt;init&gt;(Expression.java:4)
	at asg06.Expression.&lt;init&gt;(Expression.java:4)
	at asg06.Expression.&lt;init&gt;(Expression.java:4)
	at asg06.Expression.&lt;init&gt;(Expression.java:4)
	at asg06.Expression.&lt;init&gt;(Expression.java:4)
	at asg06.Expression.&lt;init&gt;(Expression.java:4)
	at asg06.Expression.&lt;init&gt;(Expression.java:4)
	at asg06.Expression.&lt;init&gt;(Expression.java:4)
	at asg06.Expression.&lt;init&gt;(Expression.java:4)
	at asg06.Expression.&lt;init&gt;(Expression.java:4)
	at asg06.Expression.&lt;init&gt;(Expression.java:4)
	at asg06.Expression.&lt;init&gt;(Expression.java:4)
	at asg06.Expression.&lt;init&gt;(Expression.java:4)
	at asg06.Expression.&lt;init&gt;(Expression.java:4)
	at asg06.Expression.&lt;init&gt;(Expression.java:4)
	at asg06.Expression.&lt;init&gt;(Expression.java:4)
	at asg06.Expression.&lt;init&gt;(Expression.java:4)
	at asg06.Expression.&lt;init&gt;(Expression.java:4)
	at asg06.Expression.&lt;init&gt;(Expression.java:4)
	at asg06.Expression.&lt;init&gt;(Expression.java:4)
	at asg06.Expression.&lt;init&gt;(Expression.java:4)
	at asg06.Expression.&lt;init&gt;(Expression.java:4)
	at asg06.Expression.&lt;init&gt;(Expression.java:4)
	at asg06.Expression.&lt;init&gt;(Expression.java:4)
	at asg06.Expression.&lt;init&gt;(Expression.java:4)
	at asg06.Expression.&lt;init&gt;(Expression.java:4)
	at asg06.Expression.&lt;init&gt;(Expression.java:4)
	at asg06.Expression.&lt;init&gt;(Expression.java:4)
	at asg06.Expression.&lt;init&gt;(Expression.java:4)
	at asg06.Expression.&lt;init&gt;(Expression.java:4)
	at asg06.Expression.&lt;init&gt;(Expression.java:4)
	at asg06.Expression.&lt;init&gt;(Expression.java:4)
	at asg06.Expression.&lt;init&gt;(Expression.java:4)
	at asg06.Expression.&lt;init&gt;(Expression.java:4)
	at asg06.Expression.&lt;init&gt;(Expression.java:4)
	at asg06.Expression.&lt;init&gt;(Expression.java:4)
	at asg06.Expression.&lt;init&gt;(Expression.java:4)
	at asg06.Expression.&lt;init&gt;(Expression.java:4)
	at asg06.Expression.&lt;init&gt;(Expression.java:4)
	at asg06.Expression.&lt;init&gt;(Expression.java:4)
	at asg06.Expression.&lt;init&gt;(Expression.java:4)
	at asg06.Expression.&lt;init&gt;(Expression.java:4)
	at asg06.Expression.&lt;init&gt;(Expression.java:4)
	at asg06.Expression.&lt;init&gt;(Expression.java:4)
	at asg06.Expression.&lt;init&gt;(Expression.java:4)
	at asg06.Expression.&lt;init&gt;(Expression.java:4)
	at asg06.Expression.&lt;init&gt;(Expression.java:4)
	at asg06.Expression.&lt;init&gt;(Expression.java:4)
	at asg06.Expression.&lt;init&gt;(Expression.java:4)
	at asg06.Expression.&lt;init&gt;(Expression.java:4)
	at asg06.Expression.&lt;init&gt;(Expression.java:4)
	at asg06.Expression.&lt;init&gt;(Expression.java:4)
	at asg06.Expression.&lt;init&gt;(Expression.java:4)
	at asg06.Expression.&lt;init&gt;(Expression.java:4)
	at asg06.Expression.&lt;init&gt;(Expression.java:4)
	at asg06.Expression.&lt;init&gt;(Expression.java:4)
	at asg06.Expression.&lt;init&gt;(Expression.java:4)
	at asg06.Expression.&lt;init&gt;(Expression.java:4)
	at asg06.Expression.&lt;init&gt;(Expression.java:4)
	at asg06.Expression.&lt;init&gt;(Expression.java:4)
	at asg06.Expression.&lt;init&gt;(Expression.java:4)
	at asg06.Expression.&lt;init&gt;(Expression.java:4)
	at asg06.Expression.&lt;init&gt;(Expression.java:4)
	at asg06.Expression.&lt;init&gt;(Expression.java:4)
	at asg06.Expression.&lt;init&gt;(Expression.java:4)
	at asg06.Expression.&lt;init&gt;(Expression.java:4)
	at asg06.Expression.&lt;init&gt;(Expression.java:4)
	at asg06.Expression.&lt;init&gt;(Expression.java:4)
	at asg06.Expression.&lt;init&gt;(Expression.java:4)
	at asg06.Expression.&lt;init&gt;(Expression.java:4)
	at asg06.Expression.&lt;init&gt;(Expression.java:4)
	at asg06.Expression.&lt;init&gt;(Expression.java:4)
	at asg06.Expression.&lt;init&gt;(Expression.java:4)
	at asg06.Expression.&lt;init&gt;(Expression.java:4)
	at asg06.Expression.&lt;init&gt;(Expression.java:4)
	at asg06.Expression.&lt;init&gt;(Expression.java:4)
	at asg06.Expression.&lt;init&gt;(Expression.java:4)
	at asg06.Expression.&lt;init&gt;(Expression.java:4)
	at asg06.Expression.&lt;init&gt;(Expression.java:4)
	at asg06.Expression.&lt;init&gt;(Expression.java:4)
	at asg06.Expression.&lt;init&gt;(Expression.java:4)
	at asg06.Expression.&lt;init&gt;(Expression.java:4)
	at asg06.Expression.&lt;init&gt;(Expression.java:4)
	at asg06.Expression.&lt;init&gt;(Expression.java:4)
	at asg06.Expression.&lt;init&gt;(Expression.java:4)
	at asg06.Expression.&lt;init&gt;(Expression.java:4)
	at asg06.Expression.&lt;init&gt;(Expression.java:4)
	at asg06.Expression.&lt;init&gt;(Expression.java:4)
	at asg06.Expression.&lt;init&gt;(Expression.java:4)
	at asg06.Expression.&lt;init&gt;(Expression.java:4)
	at asg06.Expression.&lt;init&gt;(Expression.java:4)
	at asg06.Expression.&lt;init&gt;(Expression.java:4)
	at asg06.Expression.&lt;init&gt;(Expression.java:4)
	at asg06.Expression.&lt;init&gt;(Expression.java:4)
	at asg06.Expression.&lt;init&gt;(Expression.java:4)
	at asg06.Expression.&lt;init&gt;(Expression.java:4)
	at asg06.Expression.&lt;init&gt;(Expression.java:4)
	at asg06.Expression.&lt;init&gt;(Expression.java:4)
	at asg06.Expression.&lt;init&gt;(Expression.java:4)
	at asg06.Expression.&lt;init&gt;(Expression.java:4)
	at asg06.Expression.&lt;init&gt;(Expression.java:4)
	at asg06.Expression.&lt;init&gt;(Expression.java:4)
	at asg06.Expression.&lt;init&gt;(Expression.java:4)
	at asg06.Expression.&lt;init&gt;(Expression.java:4)
	at asg06.Expression.&lt;init&gt;(Expression.java:4)
	at asg06.Expression.&lt;init&gt;(Expression.java:4)
	at asg06.Expression.&lt;init&gt;(Expression.java:4)
	at asg06.Expression.&lt;init&gt;(Expression.java:4)
	at asg06.Expression.&lt;init&gt;(Expression.java:4)
	at asg06.Expression.&lt;init&gt;(Expression.java:4)
	at asg06.Expression.&lt;init&gt;(Expression.java:4)
	at asg06.Expression.&lt;init&gt;(Expression.java:4)
	at asg06.Expression.&lt;init&gt;(Expression.java:4)
	at asg06.Expression.&lt;init&gt;(Expression.java:4)
	at asg06.Expression.&lt;init&gt;(Expression.java:4)
	at asg06.Expression.&lt;init&gt;(Expression.java:4)
	at asg06.Expression.&lt;init&gt;(Expression.java:4)
	at asg06.Expression.&lt;init&gt;(Expression.java:4)
	at asg06.Expression.&lt;init&gt;(Expression.java:4)
	at asg06.Expression.&lt;init&gt;(Expression.java:4)
	at asg06.Expression.&lt;init&gt;(Expression.java:4)
	at asg06.Expression.&lt;init&gt;(Expression.java:4)
	at asg06.Expression.&lt;init&gt;(Expression.java:4)
	at asg06.Expression.&lt;init&gt;(Expression.java:4)
	at asg06.Expression.&lt;init&gt;(Expression.java:4)
	at asg06.Expression.&lt;init&gt;(Expression.java:4)
	at asg06.Expression.&lt;init&gt;(Expression.java:4)
	at asg06.Expression.&lt;init&gt;(Expression.java:4)
	at asg06.Expression.&lt;init&gt;(Expression.java:4)
	at asg06.Expression.&lt;init&gt;(Expression.java:4)
	at asg06.Expression.&lt;init&gt;(Expression.java:4)
	at asg06.Expression.&lt;init&gt;(Expression.java:4)
	at asg06.Expression.&lt;init&gt;(Expression.java:4)
	at asg06.Expression.&lt;init&gt;(Expression.java:4)
	at asg06.Expression.&lt;init&gt;(Expression.java:4)
	at asg06.Expression.&lt;init&gt;(Expression.java:4)
	at asg06.Expression.&lt;init&gt;(Expression.java:4)
	at asg06.Expression.&lt;init&gt;(Expression.java:4)
	at asg06.Expression.&lt;init&gt;(Expression.java:4)
	at asg06.Expression.&lt;init&gt;(Expression.java:4)
	at asg06.Expression.&lt;init&gt;(Expression.java:4)
	at asg06.Expression.&lt;init&gt;(Expression.java:4)
	at asg06.Expression.&lt;init&gt;(Expression.java:4)
	at asg06.Expression.&lt;init&gt;(Expression.java:4)
	at asg06.Expression.&lt;init&gt;(Expression.java:4)
	at asg06.Expression.&lt;init&gt;(Expression.java:4)
	at asg06.Expression.&lt;init&gt;(Expression.java:4)
	at asg06.Expression.&lt;init&gt;(Expression.java:4)
	at asg06.Expression.&lt;init&gt;(Expression.java:4)
	at asg06.Expression.&lt;init&gt;(Expression.java:4)
	at asg06.Expression.&lt;init&gt;(Expression.java:4)
	at asg06.Expression.&lt;init&gt;(Expression.java:4)
	at asg06.Expression.&lt;init&gt;(Expression.java:4)
	at asg06.Expression.&lt;init&gt;(Expression.java:4)
	at asg06.Expression.&lt;init&gt;(Expression.java:4)
	at asg06.Expression.&lt;init&gt;(Expression.java:4)
	at asg06.Expression.&lt;init&gt;(Expression.java:4)
	at asg06.Expression.&lt;init&gt;(Expression.java:4)
	at asg06.Expression.&lt;init&gt;(Expression.java:4)
	at asg06.Expression.&lt;init&gt;(Expression.java:4)
	at asg06.Expression.&lt;init&gt;(Expression.java:4)
	at asg06.Expression.&lt;init&gt;(Expression.java:4)
	at asg06.Expression.&lt;init&gt;(Expression.java:4)
	at asg06.Expression.&lt;init&gt;(Expression.java:4)
	at asg06.Expression.&lt;init&gt;(Expression.java:4)
	at asg06.Expression.&lt;init&gt;(Expression.java:4)
	at asg06.Expression.&lt;init&gt;(Expression.java:4)
	at asg06.Expression.&lt;init&gt;(Expression.java:4)
	at asg06.Expression.&lt;init&gt;(Expression.java:4)
	at asg06.Expression.&lt;init&gt;(Expression.java:4)
	at asg06.Expression.&lt;init&gt;(Expression.java:4)
	at asg06.Expression.&lt;init&gt;(Expression.java:4)
	at asg06.Expression.&lt;init&gt;(Expression.java:4)
	at asg06.Expression.&lt;init&gt;(Expression.java:4)
	at asg06.Expression.&lt;init&gt;(Expression.java:4)
	at asg06.Expression.&lt;init&gt;(Expression.java:4)
	at asg06.Expression.&lt;init&gt;(Expression.java:4)
	at asg06.Expression.&lt;init&gt;(Expression.java:4)
	at asg06.Expression.&lt;init&gt;(Expression.java:4)
	at asg06.Expression.&lt;init&gt;(Expression.java:4)
	at asg06.Expression.&lt;init&gt;(Expression.java:4)
	at asg06.Expression.&lt;init&gt;(Expression.java:4)
	at asg06.Expression.&lt;init&gt;(Expression.java:4)
	at asg06.Expression.&lt;init&gt;(Expression.java:4)
	at asg06.Expression.&lt;init&gt;(Expression.java:4)
	at asg06.Expression.&lt;init&gt;(Expression.java:4)
	at asg06.Expression.&lt;init&gt;(Expression.java:4)
	at asg06.Expression.&lt;init&gt;(Expression.java:4)
	at asg06.Expression.&lt;init&gt;(Expression.java:4)
	at asg06.Expression.&lt;init&gt;(Expression.java:4)
	at asg06.Expression.&lt;init&gt;(Expression.java:4)
	at asg06.Expression.&lt;init&gt;(Expression.java:4)
	at asg06.Expression.&lt;init&gt;(Expression.java:4)
	at asg06.Expression.&lt;init&gt;(Expression.java:4)
	at asg06.Expression.&lt;init&gt;(Expression.java:4)
	at asg06.Expression.&lt;init&gt;(Expression.java:4)
	at asg06.Expression.&lt;init&gt;(Expression.java:4)
	at asg06.Expression.&lt;init&gt;(Expression.java:4)
	at asg06.Expression.&lt;init&gt;(Expression.java:4)
	at asg06.Expression.&lt;init&gt;(Expression.java:4)
	at asg06.Expression.&lt;init&gt;(Expression.java:4)
	at asg06.Expression.&lt;init&gt;(Expression.java:4)
	at asg06.Expression.&lt;init&gt;(Expression.java:4)
	at asg06.Expression.&lt;init&gt;(Expression.java:4)
	at asg06.Expression.&lt;init&gt;(Expression.java:4)
	at asg06.Expression.&lt;init&gt;(Expression.java:4)
	at asg06.Expression.&lt;init&gt;(Expression.java:4)
	at asg06.Expression.&lt;init&gt;(Expression.java:4)
	at asg06.Expression.&lt;init&gt;(Expression.java:4)
	at asg06.Expression.&lt;init&gt;(Expression.java:4)
	at asg06.Expression.&lt;init&gt;(Expression.java:4)
	at asg06.Expression.&lt;init&gt;(Expression.java:4)
	at asg06.Expression.&lt;init&gt;(Expression.java:4)
	at asg06.Expression.&lt;init&gt;(Expression.java:4)
	at asg06.Expression.&lt;init&gt;(Expression.java:4)
	at asg06.Expression.&lt;init&gt;(Expression.java:4)
	at asg06.Expression.&lt;init&gt;(Expression.java:4)
	at asg06.Expression.&lt;init&gt;(Expression.java:4)
	at asg06.Expression.&lt;init&gt;(Expression.java:4)
	at asg06.Expression.&lt;init&gt;(Expression.java:4)
	at asg06.Expression.&lt;init&gt;(Expression.java:4)
	at asg06.Expression.&lt;init&gt;(Expression.java:4)
	at asg06.Expression.&lt;init&gt;(Expression.java:4)
	at asg06.Expression.&lt;init&gt;(Expression.java:4)
	at asg06.Expression.&lt;init&gt;(Expression.java:4)
	at asg06.Expression.&lt;init&gt;(Expression.java:4)
	at asg06.Expression.&lt;init&gt;(Expression.java:4)
	at asg06.Expression.&lt;init&gt;(Expression.java:4)
	at asg06.Expression.&lt;init&gt;(Expression.java:4)
	at asg06.Expression.&lt;init&gt;(Expression.java:4)
	at asg06.Expression.&lt;init&gt;(Expression.java:4)
	at asg06.Expression.&lt;init&gt;(Expression.java:4)
	at asg06.Expression.&lt;init&gt;(Expression.java:4)
	at asg06.Expression.&lt;init&gt;(Expression.java:4)
	at asg06.Expression.&lt;init&gt;(Expression.java:4)
	at asg06.Expression.&lt;init&gt;(Expression.java:4)
	at asg06.Expression.&lt;init&gt;(Expression.java:4)
	at asg06.Expression.&lt;init&gt;(Expression.java:4)
	at asg06.Expression.&lt;init&gt;(Expression.java:4)
	at asg06.Expression.&lt;init&gt;(Expression.java:4)
	at asg06.Expression.&lt;init&gt;(Expression.java:4)
	at asg06.Expression.&lt;init&gt;(Expression.java:4)
	at asg06.Expression.&lt;init&gt;(Expression.java:4)
	at asg06.Expression.&lt;init&gt;(Expression.java:4)
	at asg06.Expression.&lt;init&gt;(Expression.java:4)
	at asg06.Expression.&lt;init&gt;(Expression.java:4)
	at asg06.Expression.&lt;init&gt;(Expression.java:4)
	at asg06.Expression.&lt;init&gt;(Expression.java:4)
	at asg06.Expression.&lt;init&gt;(Expression.java:4)
	at asg06.Expression.&lt;init&gt;(Expression.java:4)
	at asg06.Expression.&lt;init&gt;(Expression.java:4)
	at asg06.Expression.&lt;init&gt;(Expression.java:4)
	at asg06.Expression.&lt;init&gt;(Expression.java:4)
	at asg06.Expression.&lt;init&gt;(Expression.java:4)
	at asg06.Expression.&lt;init&gt;(Expression.java:4)
	at asg06.Expression.&lt;init&gt;(Expression.java:4)
	at asg06.Expression.&lt;init&gt;(Expression.java:4)
	at asg06.Expression.&lt;init&gt;(Expression.java:4)
	at asg06.Expression.&lt;init&gt;(Expression.java:4)
	at asg06.Expression.&lt;init&gt;(Expression.java:4)
	at asg06.Expression.&lt;init&gt;(Expression.java:4)
	at asg06.Expression.&lt;init&gt;(Expression.java:4)
	at asg06.Expression.&lt;init&gt;(Expression.java:4)
	at asg06.Expression.&lt;init&gt;(Expression.java:4)
	at asg06.Expression.&lt;init&gt;(Expression.java:4)
	at asg06.Expression.&lt;init&gt;(Expression.java:4)
	at asg06.Expression.&lt;init&gt;(Expression.java:4)
	at asg06.Expression.&lt;init&gt;(Expression.java:4)
	at asg06.Expression.&lt;init&gt;(Expression.java:4)
	at asg06.Expression.&lt;init&gt;(Expression.java:4)
	at asg06.Expression.&lt;init&gt;(Expression.java:4)
	at asg06.Expression.&lt;init&gt;(Expression.java:4)
	at asg06.Expression.&lt;init&gt;(Expression.java:4)
	at asg06.Expression.&lt;init&gt;(Expression.java:4)
	at asg06.Expression.&lt;init&gt;(Expression.java:4)
	at asg06.Expression.&lt;init&gt;(Expression.java:4)
	at asg06.Expression.&lt;init&gt;(Expression.java:4)
	at asg06.Expression.&lt;init&gt;(Expression.java:4)
	at asg06.Expression.&lt;init&gt;(Expression.java:4)
	at asg06.Expression.&lt;init&gt;(Expression.java:4)
	at asg06.Expression.&lt;init&gt;(Expression.java:4)
	at asg06.Expression.&lt;init&gt;(Expression.java:4)
	at asg06.Expression.&lt;init&gt;(Expression.java:4)
	at asg06.Expression.&lt;init&gt;(Expression.java:4)
	at asg06.Expression.&lt;init&gt;(Expression.java:4)
	at asg06.Expression.&lt;init&gt;(Expression.java:4)
	at asg06.Expression.&lt;init&gt;(Expression.java:4)
	at asg06.Expression.&lt;init&gt;(Expression.java:4)
	at asg06.Expression.&lt;init&gt;(Expression.java:4)
	at asg06.Expression.&lt;init&gt;(Expression.java:4)
	at asg06.Expression.&lt;init&gt;(Expression.java:4)
	at asg06.Expression.&lt;init&gt;(Expression.java:4)
	at asg06.Expression.&lt;init&gt;(Expression.java:4)
	at asg06.Expression.&lt;init&gt;(Expression.java:4)
	at asg06.Expression.&lt;init&gt;(Expression.java:4)
	at asg06.Expression.&lt;init&gt;(Expression.java:4)
	at asg06.Expression.&lt;init&gt;(Expression.java:4)
	at asg06.Expression.&lt;init&gt;(Expression.java:4)
	at asg06.Expression.&lt;init&gt;(Expression.java:4)
	at asg06.Expression.&lt;init&gt;(Expression.java:4)
	at asg06.Expression.&lt;init&gt;(Expression.java:4)
	at asg06.Expression.&lt;init&gt;(Expression.java:4)
	at asg06.Expression.&lt;init&gt;(Expression.java:4)
	at asg06.Expression.&lt;init&gt;(Expression.java:4)
	at asg06.Expression.&lt;init&gt;(Expression.java:4)
	at asg06.Expression.&lt;init&gt;(Expression.java:4)
	at asg06.Expression.&lt;init&gt;(Expression.java:4)
	at asg06.Expression.&lt;init&gt;(Expression.java:4)
	at asg06.Expression.&lt;init&gt;(Expression.java:4)
	at asg06.Expression.&lt;init&gt;(Expression.java:4)
	at asg06.Expression.&lt;init&gt;(Expression.java:4)
	at asg06.Expression.&lt;init&gt;(Expression.java:4)
	at asg06.Expression.&lt;init&gt;(Expression.java:4)
	at asg06.Expression.&lt;init&gt;(Expression.java:4)
	at asg06.Expression.&lt;init&gt;(Expression.java:4)
	at asg06.Expression.&lt;init&gt;(Expression.java:4)
	at asg06.Expression.&lt;init&gt;(Expression.java:4)
	at asg06.Expression.&lt;init&gt;(Expression.java:4)
	at asg06.Expression.&lt;init&gt;(Expression.java:4)
	at asg06.Expression.&lt;init&gt;(Expression.java:4)
	at asg06.Expression.&lt;init&gt;(Expression.java:4)
	at asg06.Expression.&lt;init&gt;(Expression.java:4)
	at asg06.Expression.&lt;init&gt;(Expression.java:4)
	at asg06.Expression.&lt;init&gt;(Expression.java:4)
	at asg06.Expression.&lt;init&gt;(Expression.java:4)
	at asg06.Expression.&lt;init&gt;(Expression.java:4)
	at asg06.Expression.&lt;init&gt;(Expression.java:4)
	at asg06.Expression.&lt;init&gt;(Expression.java:4)
	at asg06.Expression.&lt;init&gt;(Expression.java:4)
	at asg06.Expression.&lt;init&gt;(Expression.java:4)
	at asg06.Expression.&lt;init&gt;(Expression.java:4)
	at asg06.Expression.&lt;init&gt;(Expression.java:4)
	at asg06.Expression.&lt;init&gt;(Expression.java:4)
	at asg06.Expression.&lt;init&gt;(Expression.java:4)
	at asg06.Expression.&lt;init&gt;(Expression.java:4)
	at asg06.Expression.&lt;init&gt;(Expression.java:4)
	at asg06.Expression.&lt;init&gt;(Expression.java:4)
	at asg06.Expression.&lt;init&gt;(Expression.java:4)
	at asg06.Expression.&lt;init&gt;(Expression.java:4)
	at asg06.Expression.&lt;init&gt;(Expression.java:4)
	at asg06.Expression.&lt;init&gt;(Expression.java:4)
	at asg06.Expression.&lt;init&gt;(Expression.java:4)
	at asg06.Expression.&lt;init&gt;(Expression.java:4)
	at asg06.Expression.&lt;init&gt;(Expression.java:4)
	at asg06.Expression.&lt;init&gt;(Expression.java:4)
	at asg06.Expression.&lt;init&gt;(Expression.java:4)
	at asg06.Expression.&lt;init&gt;(Expression.java:4)
	at asg06.Expression.&lt;init&gt;(Expression.java:4)
	at asg06.Expression.&lt;init&gt;(Expression.java:4)
	at asg06.Expression.&lt;init&gt;(Expression.java:4)
	at asg06.Expression.&lt;init&gt;(Expression.java:4)
	at asg06.Expression.&lt;init&gt;(Expression.java:4)
	at asg06.Expression.&lt;init&gt;(Expression.java:4)
	at asg06.Expression.&lt;init&gt;(Expression.java:4)
	at asg06.Expression.&lt;init&gt;(Expression.java:4)
	at asg06.Expression.&lt;init&gt;(Expression.java:4)
	at asg06.Expression.&lt;init&gt;(Expression.java:4)
	at asg06.Expression.&lt;init&gt;(Expression.java:4)
	at asg06.Expression.&lt;init&gt;(Expression.java:4)
	at asg06.Expression.&lt;init&gt;(Expression.java:4)
	at asg06.Expression.&lt;init&gt;(Expression.java:4)
	at asg06.Expression.&lt;init&gt;(Expression.java:4)
	at asg06.Expression.&lt;init&gt;(Expression.java:4)
	at asg06.Expression.&lt;init&gt;(Expression.java:4)
	at asg06.Expression.&lt;init&gt;(Expression.java:4)
	at asg06.Expression.&lt;init&gt;(Expression.java:4)
	at asg06.Expression.&lt;init&gt;(Expression.java:4)
	at asg06.Expression.&lt;init&gt;(Expression.java:4)
	at asg06.Expression.&lt;init&gt;(Expression.java:4)
	at asg06.Expression.&lt;init&gt;(Expression.java:4)
	at asg06.Expression.&lt;init&gt;(Expression.java:4)
	at asg06.Expression.&lt;init&gt;(Expression.java:4)
	at asg06.Expression.&lt;init&gt;(Expression.java:4)
	at asg06.Expression.&lt;init&gt;(Expression.java:4)
	at asg06.Expression.&lt;init&gt;(Expression.java:4)
	at asg06.Expression.&lt;init&gt;(Expression.java:4)
	at asg06.Expression.&lt;init&gt;(Expression.java:4)
	at asg06.Expression.&lt;init&gt;(Expression.java:4)
	at asg06.Expression.&lt;init&gt;(Expression.java:4)
	at asg06.Expression.&lt;init&gt;(Expression.java:4)
	at asg06.Expression.&lt;init&gt;(Expression.java:4)
	at asg06.Expression.&lt;init&gt;(Expression.java:4)
	at asg06.Expression.&lt;init&gt;(Expression.java:4)
	at asg06.Expression.&lt;init&gt;(Expression.java:4)
	at asg06.Expression.&lt;init&gt;(Expression.java:4)
	at asg06.Expression.&lt;init&gt;(Expression.java:4)
	at asg06.Expression.&lt;init&gt;(Expression.java:4)
	at asg06.Expression.&lt;init&gt;(Expression.java:4)
	at asg06.Expression.&lt;init&gt;(Expression.java:4)
	at asg06.Expression.&lt;init&gt;(Expression.java:4)
	at asg06.Expression.&lt;init&gt;(Expression.java:4)
	at asg06.Expression.&lt;init&gt;(Expression.java:4)
	at asg06.Expression.&lt;init&gt;(Expression.java:4)
	at asg06.Expression.&lt;init&gt;(Expression.java:4)
	at asg06.Expression.&lt;init&gt;(Expression.java:4)
	at asg06.Expression.&lt;init&gt;(Expression.java:4)
	at asg06.Expression.&lt;init&gt;(Expression.java:4)
	at asg06.Expression.&lt;init&gt;(Expression.java:4)
	at asg06.Expression.&lt;init&gt;(Expression.java:4)
	at asg06.Expression.&lt;init&gt;(Expression.java:4)
	at asg06.Expression.&lt;init&gt;(Expression.java:4)
	at asg06.Expression.&lt;init&gt;(Expression.java:4)
	at asg06.Expression.&lt;init&gt;(Expression.java:4)
	at asg06.Expression.&lt;init&gt;(Expression.java:4)
	at asg06.Expression.&lt;init&gt;(Expression.java:4)
	at asg06.Expression.&lt;init&gt;(Expression.java:4)
	at asg06.Expression.&lt;init&gt;(Expression.java:4)
	at asg06.Expression.&lt;init&gt;(Expression.java:4)
	at asg06.Expression.&lt;init&gt;(Expression.java:4)
	at asg06.Expression.&lt;init&gt;(Expression.java:4)
	at asg06.Expression.&lt;init&gt;(Expression.java:4)
	at asg06.Expression.&lt;init&gt;(Expression.java:4)
	at asg06.Expression.&lt;init&gt;(Expression.java:4)
	at asg06.Expression.&lt;init&gt;(Expression.java:4)
	at asg06.Expression.&lt;init&gt;(Expression.java:4)
	at asg06.Expression.&lt;init&gt;(Expression.java:4)
	at asg06.Expression.&lt;init&gt;(Expression.java:4)
	at asg06.Expression.&lt;init&gt;(Expression.java:4)
	at asg06.Expression.&lt;init&gt;(Expression.java:4)
	at asg06.Expression.&lt;init&gt;(Expression.java:4)
	at asg06.Expression.&lt;init&gt;(Expression.java:4)
	at asg06.Expression.&lt;init&gt;(Expression.java:4)
	at asg06.Expression.&lt;init&gt;(Expression.java:4)
	at asg06.Expression.&lt;init&gt;(Expression.java:4)
	at asg06.Expression.&lt;init&gt;(Expression.java:4)
	at asg06.Expression.&lt;init&gt;(Expression.java:4)
	at asg06.Expression.&lt;init&gt;(Expression.java:4)
	at asg06.Expression.&lt;init&gt;(Expression.java:4)
	at asg06.Expression.&lt;init&gt;(Expression.java:4)
	at asg06.Expression.&lt;init&gt;(Expression.java:4)
	at asg06.Expression.&lt;init&gt;(Expression.java:4)
	at asg06.Expression.&lt;init&gt;(Expression.java:4)
	at asg06.Expression.&lt;init&gt;(Expression.java:4)
	at asg06.Expression.&lt;init&gt;(Expression.java:4)
	at asg06.Expression.&lt;init&gt;(Expression.java:4)
	at asg06.Expression.&lt;init&gt;(Expression.java:4)
	at asg06.Expression.&lt;init&gt;(Expression.java:4)
	at asg06.Expression.&lt;init&gt;(Expression.java:4)
	at asg06.Expression.&lt;init&gt;(Expression.java:4)
	at asg06.Expression.&lt;init&gt;(Expression.java:4)
	at asg06.Expression.&lt;init&gt;(Expression.java:4)
	at asg06.Expression.&lt;init&gt;(Expression.java:4)
	at asg06.Expression.&lt;init&gt;(Expression.java:4)
	at asg06.Expression.&lt;init&gt;(Expression.java:4)
	at asg06.Expression.&lt;init&gt;(Expression.java:4)
	at asg06.Expression.&lt;init&gt;(Expression.java:4)
	at asg06.Expression.&lt;init&gt;(Expression.java:4)
	at asg06.Expression.&lt;init&gt;(Expression.java:4)
	at asg06.Expression.&lt;init&gt;(Expression.java:4)
	at asg06.Expression.&lt;init&gt;(Expression.java:4)
	at asg06.Expression.&lt;init&gt;(Expression.java:4)
	at asg06.Expression.&lt;init&gt;(Expression.java:4)
	at asg06.Expression.&lt;init&gt;(Expression.java:4)
	at asg06.Expression.&lt;init&gt;(Expression.java:4)
	at asg06.Expression.&lt;init&gt;(Expression.java:4)
	at asg06.Expression.&lt;init&gt;(Expression.java:4)
	at asg06.Expression.&lt;init&gt;(Expression.java:4)
	at asg06.Expression.&lt;init&gt;(Expression.java:4)
	at asg06.Expression.&lt;init&gt;(Expression.java:4)
	at asg06.Expression.&lt;init&gt;(Expression.java:4)
	at asg06.Expression.&lt;init&gt;(Expression.java:4)
	at asg06.Expression.&lt;init&gt;(Expression.java:4)
	at asg06.Expression.&lt;init&gt;(Expression.java:4)
	at asg06.Expression.&lt;init&gt;(Expression.java:4)
	at asg06.Expression.&lt;init&gt;(Expression.java:4)
	at asg06.Expression.&lt;init&gt;(Expression.java:4)
	at asg06.Expression.&lt;init&gt;(Expression.java:4)
	at asg06.Expression.&lt;init&gt;(Expression.java:4)
	at asg06.Expression.&lt;init&gt;(Expression.java:4)
	at asg06.Expression.&lt;init&gt;(Expression.java:4)
	at asg06.Expression.&lt;init&gt;(Expression.java:4)
	at asg06.Expression.&lt;init&gt;(Expression.java:4)
	at asg06.Expression.&lt;init&gt;(Expression.java:4)
	at asg06.Expression.&lt;init&gt;(Expression.java:4)
	at asg06.Expression.&lt;init&gt;(Expression.java:4)
	at asg06.Expression.&lt;init&gt;(Expression.java:4)
	at asg06.Expression.&lt;init&gt;(Expression.java:4)
	at asg06.Expression.&lt;init&gt;(Expression.java:4)
	at asg06.Expression.&lt;init&gt;(Expression.java:4)
	at asg06.Expression.&lt;init&gt;(Expression.java:4)
	at asg06.Expression.&lt;init&gt;(Expression.java:4)
	at asg06.Expression.&lt;init&gt;(Expression.java:4)
	at asg06.Expression.&lt;init&gt;(Expression.java:4)
	at asg06.Expression.&lt;init&gt;(Expression.java:4)
	at asg06.Expression.&lt;init&gt;(Expression.java:4)
	at asg06.Expression.&lt;init&gt;(Expression.java:4)
	at asg06.Expression.&lt;init&gt;(Expression.java:4)
	at asg06.Expression.&lt;init&gt;(Expression.java:4)
	at asg06.Expression.&lt;init&gt;(Expression.java:4)
	at asg06.Expression.&lt;init&gt;(Expression.java:4)
	at asg06.Expression.&lt;init&gt;(Expression.java:4)
	at asg06.Expression.&lt;init&gt;(Expression.java:4)
	at asg06.Expression.&lt;init&gt;(Expression.java:4)
	at asg06.Expression.&lt;init&gt;(Expression.java:4)
	at asg06.Expression.&lt;init&gt;(Expression.java:4)
	at asg06.Expression.&lt;init&gt;(Expression.java:4)
	at asg06.Expression.&lt;init&gt;(Expression.java:4)
	at asg06.Expression.&lt;init&gt;(Expression.java:4)
	at asg06.Expression.&lt;init&gt;(Expression.java:4)
	at asg06.Expression.&lt;init&gt;(Expression.java:4)
	at asg06.Expression.&lt;init&gt;(Expression.java:4)
	at asg06.Expression.&lt;init&gt;(Expression.java:4)
	at asg06.Expression.&lt;init&gt;(Expression.java:4)
	at asg06.Expression.&lt;init&gt;(Expression.java:4)
	at asg06.Expression.&lt;init&gt;(Expression.java:4)
	at asg06.Expression.&lt;init&gt;(Expression.java:4)
	at asg06.Expression.&lt;init&gt;(Expression.java:4)
	at asg06.Expression.&lt;init&gt;(Expression.java:4)
	at asg06.Expression.&lt;init&gt;(Expression.java:4)
	at asg06.Expression.&lt;init&gt;(Expression.java:4)
	at asg06.Expression.&lt;init&gt;(Expression.java:4)
	at asg06.Expression.&lt;init&gt;(Expression.java:4)
	at asg06.Expression.&lt;init&gt;(Expression.java:4)
	at asg06.Expression.&lt;init&gt;(Expression.java:4)
	at asg06.Expression.&lt;init&gt;(Expression.java:4)
	at asg06.Expression.&lt;init&gt;(Expression.java:4)
	at asg06.Expression.&lt;init&gt;(Expression.java:4)
	at asg06.Expression.&lt;init&gt;(Expression.java:4)
	at asg06.Expression.&lt;init&gt;(Expression.java:4)
	at asg06.Expression.&lt;init&gt;(Expression.java:4)
	at asg06.Expression.&lt;init&gt;(Expression.java:4)
	at asg06.Expression.&lt;init&gt;(Expression.java:4)
	at asg06.Expression.&lt;init&gt;(Expression.java:4)
	at asg06.Expression.&lt;init&gt;(Expression.java:4)
	at asg06.Expression.&lt;init&gt;(Expression.java:4)
	at asg06.Expression.&lt;init&gt;(Expression.java:4)
	at asg06.Expression.&lt;init&gt;(Expression.java:4)
	at asg06.Expression.&lt;init&gt;(Expression.java:4)
	at asg06.Expression.&lt;init&gt;(Expression.java:4)
	at asg06.Expression.&lt;init&gt;(Expression.java:4)
	at asg06.Expression.&lt;init&gt;(Expression.java:4)
	at asg06.Expression.&lt;init&gt;(Expression.java:4)
	at asg06.Expression.&lt;init&gt;(Expression.java:4)
	at asg06.Expression.&lt;init&gt;(Expression.java:4)
	at asg06.Expression.&lt;init&gt;(Expression.java:4)
	at asg06.Expression.&lt;init&gt;(Expression.java:4)
	at asg06.Expression.&lt;init&gt;(Expression.java:4)
	at asg06.Expression.&lt;init&gt;(Expression.java:4)
	at asg06.Expression.&lt;init&gt;(Expression.java:4)
	at asg06.Expression.&lt;init&gt;(Expression.java:4)
	at asg06.Expression.&lt;init&gt;(Expression.java:4)
	at asg06.Expression.&lt;init&gt;(Expression.java:4)
	at asg06.Expression.&lt;init&gt;(Expression.java:4)
	at asg06.Expression.&lt;init&gt;(Expression.java:4)
	at asg06.Expression.&lt;init&gt;(Expression.java:4)
	at asg06.Expression.&lt;init&gt;(Expression.java:4)
	at asg06.Expression.&lt;init&gt;(Expression.java:4)
	at asg06.Expression.&lt;init&gt;(Expression.java:4)
	at asg06.Expression.&lt;init&gt;(Expression.java:4)
	at asg06.Expression.&lt;init&gt;(Expression.java:4)
	at asg06.Expression.&lt;init&gt;(Expression.java:4)
	at asg06.Expression.&lt;init&gt;(Expression.java:4)
	at asg06.Expression.&lt;init&gt;(Expression.java:4)
	at asg06.Expression.&lt;init&gt;(Expression.java:4)
	at asg06.Expression.&lt;init&gt;(Expression.java:4)
	at asg06.Expression.&lt;init&gt;(Expression.java:4)
	at asg06.Expression.&lt;init&gt;(Expression.java:4)
	at asg06.Expression.&lt;init&gt;(Expression.java:4)
	at asg06.Expression.&lt;init&gt;(Expression.java:4)
	at asg06.Expression.&lt;init&gt;(Expression.java:4)
	at asg06.Expression.&lt;init&gt;(Expression.java:4)
	at asg06.Expression.&lt;init&gt;(Expression.java:4)
	at asg06.Expression.&lt;init&gt;(Expression.java:4)
	at asg06.Expression.&lt;init&gt;(Expression.java:4)
	at asg06.Expression.&lt;init&gt;(Expression.java:4)
	at asg06.Expression.&lt;init&gt;(Expression.java:4)
	at asg06.Expression.&lt;init&gt;(Expression.java:4)
	at asg06.Expression.&lt;init&gt;(Expression.java:4)
	at asg06.Expression.&lt;init&gt;(Expression.java:4)
	at asg06.Expression.&lt;init&gt;(Expression.java:4)
	at asg06.Expression.&lt;init&gt;(Expression.java:4)
	at asg06.Expression.&lt;init&gt;(Expression.java:4)
	at asg06.Expression.&lt;init&gt;(Expression.java:4)
	at asg06.Expression.&lt;init&gt;(Expression.java:4)
	at asg06.Expression.&lt;init&gt;(Expression.java:4)
	at asg06.Expression.&lt;init&gt;(Expression.java:4)
	at asg06.Expression.&lt;init&gt;(Expression.java:4)
	at asg06.Expression.&lt;init&gt;(Expression.java:4)
	at asg06.Expression.&lt;init&gt;(Expression.java:4)
	at asg06.Expression.&lt;init&gt;(Expression.java:4)
	at asg06.Expression.&lt;init&gt;(Expression.java:4)
	at asg06.Expression.&lt;init&gt;(Expression.java:4)
	at asg06.Expression.&lt;init&gt;(Expression.java:4)
	at asg06.Expression.&lt;init&gt;(Expression.java:4)
	at asg06.Expression.&lt;init&gt;(Expression.java:4)
	at asg06.Expression.&lt;init&gt;(Expression.java:4)
	at asg06.Expression.&lt;init&gt;(Expression.java:4)
	at asg06.Expression.&lt;init&gt;(Expression.java:4)
	at asg06.Expression.&lt;init&gt;(Expression.java:4)
	at asg06.Expression.&lt;init&gt;(Expression.java:4)
	at asg06.Expression.&lt;init&gt;(Expression.java:4)
	at asg06.Expression.&lt;init&gt;(Expression.java:4)
	at asg06.Expression.&lt;init&gt;(Expression.java:4)
	at asg06.Expression.&lt;init&gt;(Expression.java:4)
	at asg06.Expression.&lt;init&gt;(Expression.java:4)
	at asg06.Expression.&lt;init&gt;(Expression.java:4)
	at asg06.Expression.&lt;init&gt;(Expression.java:4)
	at asg06.Expression.&lt;init&gt;(Expression.java:4)
	at asg06.Expression.&lt;init&gt;(Expression.java:4)
	at asg06.Expression.&lt;init&gt;(Expression.java:4)
	at asg06.Expression.&lt;init&gt;(Expression.java:4)
	at asg06.Expression.&lt;init&gt;(Expression.java:4)
	at asg06.Expression.&lt;init&gt;(Expression.java:4)
	at asg06.Expression.&lt;init&gt;(Expression.java:4)
	at asg06.Expression.&lt;init&gt;(Expression.java:4)
	at asg06.Expression.&lt;init&gt;(Expression.java:4)
	at asg06.Expression.&lt;init&gt;(Expression.java:4)
	at asg06.Expression.&lt;init&gt;(Expression.java:4)
	at asg06.Expression.&lt;init&gt;(Expression.java:4)
	at asg06.Expression.&lt;init&gt;(Expression.java:4)
	at asg06.Expression.&lt;init&gt;(Expression.java:4)
	at asg06.Expression.&lt;init&gt;(Expression.java:4)
	at asg06.Expression.&lt;init&gt;(Expression.java:4)
	at asg06.Expression.&lt;init&gt;(Expression.java:4)
	at asg06.Expression.&lt;init&gt;(Expression.java:4)
	at asg06.Expression.&lt;init&gt;(Expression.java:4)
	at asg06.Expression.&lt;init&gt;(Expression.java:4)
	at asg06.Expression.&lt;init&gt;(Expression.java:4)
	at asg06.Expression.&lt;init&gt;(Expression.java:4)
	at asg06.Expression.&lt;init&gt;(Expression.java:4)
	at asg06.Expression.&lt;init&gt;(Expression.java:4)
	at asg06.Expression.&lt;init&gt;(Expression.java:4)
	at asg06.Expression.&lt;init&gt;(Expression.java:4)
	at asg06.Expression.&lt;init&gt;(Expression.java:4)
	at asg06.Expression.&lt;init&gt;(Expression.java:4)
	at asg06.Expression.&lt;init&gt;(Expression.java:4)
	at asg06.Expression.&lt;init&gt;(Expression.java:4)
	at asg06.Expression.&lt;init&gt;(Expression.java:4)
	at asg06.Expression.&lt;init&gt;(Expression.java:4)
	at asg06.Expression.&lt;init&gt;(Expression.java:4)
	at asg06.Expression.&lt;init&gt;(Expression.java:4)
	at asg06.Expression.&lt;init&gt;(Expression.java:4)
	at asg06.Expression.&lt;init&gt;(Expression.java:4)
	at asg06.Expression.&lt;init&gt;(Expression.java:4)
	at asg06.Expression.&lt;init&gt;(Expression.java:4)
	at asg06.Expression.&lt;init&gt;(Expression.java:4)
	at asg06.Expression.&lt;init&gt;(Expression.java:4)
	at asg06.Expression.&lt;init&gt;(Expression.java:4)
	at asg06.Expression.&lt;init&gt;(Expression.java:4)
	at asg06.Expression.&lt;init&gt;(Expression.java:4)
	at asg06.Expression.&lt;init&gt;(Expression.java:4)
	at asg06.Expression.&lt;init&gt;(Expression.java:4)
	at asg06.Expression.&lt;init&gt;(Expression.java:4)
	at asg06.Expression.&lt;init&gt;(Expression.java:4)
	at asg06.Expression.&lt;init&gt;(Expression.java:4)
	at asg06.Expression.&lt;init&gt;(Expression.java:4)
	at asg06.Expression.&lt;init&gt;(Expression.java:4)
	at asg06.Expression.&lt;init&gt;(Expression.java:4)
	at asg06.Expression.&lt;init&gt;(Expression.java:4)
	at asg06.Expression.&lt;init&gt;(Expression.java:4)
	at asg06.Expression.&lt;init&gt;(Expression.java:4)
	at asg06.Expression.&lt;init&gt;(Expression.java:4)
	at asg06.Expression.&lt;init&gt;(Expression.java:4)
	at asg06.Expression.&lt;init&gt;(Expression.java:4)
	at asg06.Expression.&lt;init&gt;(Expression.java:4)
	at asg06.Expression.&lt;init&gt;(Expression.java:4)
	at asg06.Expression.&lt;init&gt;(Expression.java:4)
	at asg06.Expression.&lt;init&gt;(Expression.java:4)
	at asg06.Expression.&lt;init&gt;(Expression.java:4)
	at asg06.Expression.&lt;init&gt;(Expression.java:4)
	at asg06.Expression.&lt;init&gt;(Expression.java:4)
	at asg06.Expression.&lt;init&gt;(Expression.java:4)
	at asg06.Expression.&lt;init&gt;(Expression.java:4)
	at asg06.Expression.&lt;init&gt;(Expression.java:4)
	at asg06.Expression.&lt;init&gt;(Expression.java:4)
	at asg06.Expression.&lt;init&gt;(Expression.java:4)
	at asg06.Expression.&lt;init&gt;(Expression.java:4)
	at asg06.Expression.&lt;init&gt;(Expression.java:4)
	at asg06.Expression.&lt;init&gt;(Expression.java:4)
	at asg06.Expression.&lt;init&gt;(Expression.java:4)
	at asg06.Expression.&lt;init&gt;(Expression.java:4)
	at asg06.Expression.&lt;init&gt;(Expression.java:4)
	at asg06.Expression.&lt;init&gt;(Expression.java:4)
	at asg06.Expression.&lt;init&gt;(Expression.java:4)
	at asg06.Expression.&lt;init&gt;(Expression.java:4)
	at asg06.Expression.&lt;init&gt;(Expression.java:4)
	at asg06.Expression.&lt;init&gt;(Expression.java:4)
	at asg06.Expression.&lt;init&gt;(Expression.java:4)
	at asg06.Expression.&lt;init&gt;(Expression.java:4)
	at asg06.Expression.&lt;init&gt;(Expression.java:4)
	at asg06.Expression.&lt;init&gt;(Expression.java:4)
	at asg06.Expression.&lt;init&gt;(Expression.java:4)
	at asg06.Expression.&lt;init&gt;(Expression.java:4)
	at asg06.Expression.&lt;init&gt;(Expression.java:4)
	at asg06.Expression.&lt;init&gt;(Expression.java:4)
	at asg06.Expression.&lt;init&gt;(Expression.java:4)
	at asg06.Expression.&lt;init&gt;(Expression.java:4)
	at asg06.Expression.&lt;init&gt;(Expression.java:4)
	at asg06.Expression.&lt;init&gt;(Expression.java:4)
	at asg06.Expression.&lt;init&gt;(Expression.java:4)
	at asg06.Expression.&lt;init&gt;(Expression.java:4)
	at asg06.Expression.&lt;init&gt;(Expression.java:4)
	at asg06.Expression.&lt;init&gt;(Expression.java:4)
	at asg06.Expression.&lt;init&gt;(Expression.java:4)
	at asg06.Expression.&lt;init&gt;(Expression.java:4)
	at asg06.Expression.&lt;init&gt;(Expression.java:4)
	at asg06.Expression.&lt;init&gt;(Expression.java:4)
	at asg06.Expression.&lt;init&gt;(Expression.java:4)
	at asg06.Expression.&lt;init&gt;(Expression.java:4)
	at asg06.Expression.&lt;init&gt;(Expression.java:4)
	at asg06.Expression.&lt;init&gt;(Expression.java:4)
	at asg06.Expression.&lt;init&gt;(Expression.java:4)
	at asg06.Expression.&lt;init&gt;(Expression.java:4)
	at asg06.Expression.&lt;init&gt;(Expression.java:4)
	at asg06.Expression.&lt;init&gt;(Expression.java:4)
	at asg06.Expression.&lt;init&gt;(Expression.java:4)
	at asg06.Expression.&lt;init&gt;(Expression.java:4)
	at asg06.Expression.&lt;init&gt;(Expression.java:4)
	at asg06.Expression.&lt;init&gt;(Expression.java:4)
	at asg06.Expression.&lt;init&gt;(Expression.java:4)
	at asg06.Expression.&lt;init&gt;(Expression.java:4)
	at asg06.Expression.&lt;init&gt;(Expression.java:4)
	at asg06.Expression.&lt;init&gt;(Expression.java:4)
	at asg06.Expression.&lt;init&gt;(Expression.java:4)
	at asg06.Expression.&lt;init&gt;(Expression.java:4)
	at asg06.Expression.&lt;init&gt;(Expression.java:4)
	at asg06.Expression.&lt;init&gt;(Expression.java:4)
	at asg06.Expression.&lt;init&gt;(Expression.java:4)
	at asg06.Expression.&lt;init&gt;(Expression.java:4)
	at asg06.Expression.&lt;init&gt;(Expression.java:4)
	at asg06.Expression.&lt;init&gt;(Expression.java:4)
	at asg06.Expression.&lt;init&gt;(Expression.java:4)
	at asg06.Expression.&lt;init&gt;(Expression.java:4)
	at asg06.Expression.&lt;init&gt;(Expression.java:4)
	at asg06.Expression.&lt;init&gt;(Expression.java:4)
	at asg06.Expression.&lt;init&gt;(Expression.java:4)
	at asg06.Expression.&lt;init&gt;(Expression.java:4)
	at asg06.Expression.&lt;init&gt;(Expression.java:4)
	at asg06.Expression.&lt;init&gt;(Expression.java:4)
	at asg06.Expression.&lt;init&gt;(Expression.java:4)
	at asg06.Expression.&lt;init&gt;(Expression.java:4)
	at asg06.Expression.&lt;init&gt;(Expression.java:4)
	at asg06.Expression.&lt;init&gt;(Expression.java:4)
	at asg06.Expression.&lt;init&gt;(Expression.java:4)
	at asg06.Expression.&lt;init&gt;(Expression.java:4)
	at asg06.Expression.&lt;init&gt;(Expression.java:4)
	at asg06.Expression.&lt;init&gt;(Expression.java:4)
	at asg06.Expression.&lt;init&gt;(Expression.java:4)
	at asg06.Expression.&lt;init&gt;(Expression.java:4)
	at asg06.Expression.&lt;init&gt;(Expression.java:4)
	at asg06.Expression.&lt;init&gt;(Expression.java:4)
	at asg06.Expression.&lt;init&gt;(Expression.java:4)
	at asg06.Expression.&lt;init&gt;(Expression.java:4)
	at asg06.Expression.&lt;init&gt;(Expression.java:4)
	at asg06.Expression.&lt;init&gt;(Expression.java:4)
	at asg06.Expression.&lt;init&gt;(Expression.java:4)
	at asg06.Expression.&lt;init&gt;(Expression.java:4)
	at asg06.Expression.&lt;init&gt;(Expression.java:4)
	at asg06.Expression.&lt;init&gt;(Expression.java:4)
	at asg06.Expression.&lt;init&gt;(Expression.java:4)
	at asg06.Expression.&lt;init&gt;(Expression.java:4)
	at asg06.Expression.&lt;init&gt;(Expression.java:4)
	at asg06.Expression.&lt;init&gt;(Expression.java:4)
	at asg06.Expression.&lt;init&gt;(Expression.java:4)
	at asg06.Expression.&lt;init&gt;(Expression.java:4)
	at asg06.Expression.&lt;init&gt;(Expression.java:4)
	at asg06.Expression.&lt;init&gt;(Expression.java:4)
	at asg06.Expression.&lt;init&gt;(Expression.java:4)
	at asg06.Expression.&lt;init&gt;(Expression.java:4)
	at asg06.Expression.&lt;init&gt;(Expression.java:4)
	at asg06.Expression.&lt;init&gt;(Expression.java:4)
	at asg06.Expression.&lt;init&gt;(Expression.java:4)
	at asg06.Expression.&lt;init&gt;(Expression.java:4)
	at asg06.Expression.&lt;init&gt;(Expression.java:4)
	at asg06.Expression.&lt;init&gt;(Expression.java:4)
	at asg06.Expression.&lt;init&gt;(Expression.java:4)
	at asg06.Expression.&lt;init&gt;(Expression.java:4)
	at asg06.Expression.&lt;init&gt;(Expression.java:4)
	at asg06.Expression.&lt;init&gt;(Expression.java:4)
	at asg06.Expression.&lt;init&gt;(Expression.java:4)
	at asg06.Expression.&lt;init&gt;(Expression.java:4)
	at asg06.Expression.&lt;init&gt;(Expression.java:4)
	at asg06.Expression.&lt;init&gt;(Expression.java:4)
	at asg06.Expression.&lt;init&gt;(Expression.java:4)
	at asg06.Expression.&lt;init&gt;(Expression.java:4)
	at asg06.Expression.&lt;init&gt;(Expression.java:4)
	at asg06.Expression.&lt;init&gt;(Expression.java:4)
	at asg06.Expression.&lt;init&gt;(Expression.java:4)
	at asg06.Expression.&lt;init&gt;(Expression.java:4)
	at asg06.Expression.&lt;init&gt;(Expression.java:4)
	at asg06.Expression.&lt;init&gt;(Expression.java:4)
	at asg06.Expression.&lt;init&gt;(Expression.java:4)
	at asg06.Expression.&lt;init&gt;(Expression.java:4)
	at asg06.Expression.&lt;init&gt;(Expression.java:4)
	at asg06.Expression.&lt;init&gt;(Expression.java:4)
	at asg06.Expression.&lt;init&gt;(Expression.java:4)
	at asg06.Expression.&lt;init&gt;(Expression.java:4)
	at asg06.Expression.&lt;init&gt;(Expression.java:4)
	at asg06.Expression.&lt;init&gt;(Expression.java:4)
	at asg06.Expression.&lt;init&gt;(Expression.java:4)
	at asg06.Expression.&lt;init&gt;(Expression.java:4)
	at asg06.Expression.&lt;init&gt;(Expression.java:4)
	at asg06.Expression.&lt;init&gt;(Expression.java:4)
	at asg06.Expression.&lt;init&gt;(Expression.java:4)
	at asg06.Expression.&lt;init&gt;(Expression.java:4)
	at asg06.Expression.&lt;init&gt;(Expression.java:4)
	at asg06.Expression.&lt;init&gt;(Expression.java:4)
	at asg06.Expression.&lt;init&gt;(Expression.java:4)
	at asg06.Expression.&lt;init&gt;(Expression.java:4)
	at asg06.Expression.&lt;init&gt;(Expression.java:4)
	at asg06.Expression.&lt;init&gt;(Expression.java:4)
	at asg06.Expression.&lt;init&gt;(Expression.java:4)
	at asg06.Expression.&lt;init&gt;(Expression.java:4)
	at asg06.Expression.&lt;init&gt;(Expression.java:4)
	at asg06.Expression.&lt;init&gt;(Expression.java:4)
	at asg06.Expression.&lt;init&gt;(Expression.java:4)
	at asg06.Expression.&lt;init&gt;(Expression.java:4)
	at asg06.Expression.&lt;init&gt;(Expression.java:4)
	at asg06.Expression.&lt;init&gt;(Expression.java:4)
	at asg06.Expression.&lt;init&gt;(Expression.java:4)
	at asg06.Expression.&lt;init&gt;(Expression.java:4)
	at asg06.Expression.&lt;init&gt;(Expression.java:4)
	at asg06.Expression.&lt;init&gt;(Expression.java:4)
	at asg06.Expression.&lt;init&gt;(Expression.java:4)
	at asg06.Expression.&lt;init&gt;(Expression.java:4)
	at asg06.Expression.&lt;init&gt;(Expression.java:4)
	at asg06.Expression.&lt;init&gt;(Expression.java:4)
	at asg06.Expression.&lt;init&gt;(Expression.java:4)
	at asg06.Expression.&lt;init&gt;(Expression.java:4)
	at asg06.Expression.&lt;init&gt;(Expression.java:4)
	at asg06.Expression.&lt;init&gt;(Expression.java:4)
	at asg06.Expression.&lt;init&gt;(Expression.java:4)
	at asg06.Expression.&lt;init&gt;(Expression.java:4)
	at asg06.Expression.&lt;init&gt;(Expression.java:4)
	at asg06.Expression.&lt;init&gt;(Expression.java:4)
	at asg06.Expression.&lt;init&gt;(Expression.java:4)
	at asg06.Expression.&lt;init&gt;(Expression.java:4)
	at asg06.Expression.&lt;init&gt;(Expression.java:4)
	at asg06.Expression.&lt;init&gt;(Expression.java:4)
	at asg06.Expression.&lt;init&gt;(Expression.java:4)
	at asg06.Expression.&lt;init&gt;(Expression.java:4)
	at asg06.Expression.&lt;init&gt;(Expression.java:4)
	at asg06.Expression.&lt;init&gt;(Expression.java:4)
	at asg06.Expression.&lt;init&gt;(Expression.java:4)
	at asg06.Expression.&lt;init&gt;(Expression.java:4)
	at asg06.Expression.&lt;init&gt;(Expression.java:4)
	at asg06.Expression.&lt;init&gt;(Expression.java:4)
	at asg06.Expression.&lt;init&gt;(Expression.java:4)
	at asg06.Expression.&lt;init&gt;(Expression.java:4)
	at asg06.Expression.&lt;init&gt;(Expression.java:4)
	at asg06.Expression.&lt;init&gt;(Expression.java:4)
	at asg06.Expression.&lt;init&gt;(Expression.java:4)
	at asg06.Expression.&lt;init&gt;(Expression.java:4)
	at asg06.Expression.&lt;init&gt;(Expression.java:4)
	at asg06.Expression.&lt;init&gt;(Expression.java:4)
	at asg06.Expression.&lt;init&gt;(Expression.java:4)
	at asg06.Expression.&lt;init&gt;(Expression.java:4)
	at asg06.Expression.&lt;init&gt;(Expression.java:4)
	at asg06.Expression.&lt;init&gt;(Expression.java:4)
	at asg06.Expression.&lt;init&gt;(Expression.java:4)
	at asg06.Expression.&lt;init&gt;(Expression.java:4)
	at asg06.Expression.&lt;init&gt;(Expression.java:4)
	at asg06.Expression.&lt;init&gt;(Expression.java:4)
	at asg06.Expression.&lt;init&gt;(Expression.java:4)
	at asg06.Expression.&lt;init&gt;(Expression.java:4)
	at asg06.Expression.&lt;init&gt;(Expression.java:4)
	at asg06.Expression.&lt;init&gt;(Expression.java:4)
	at asg06.Expression.&lt;init&gt;(Expression.java:4)
	at asg06.Expression.&lt;init&gt;(Expression.java:4)
	at asg06.Expression.&lt;init&gt;(Expression.java:4)
	at asg06.Expression.&lt;init&gt;(Expression.java:4)
	at asg06.Expression.&lt;init&gt;(Expression.java:4)
	at asg06.Expression.&lt;init&gt;(Expression.java:4)
	at asg06.Expression.&lt;init&gt;(Expression.java:4)
	at asg06.Expression.&lt;init&gt;(Expression.java:4)
	at asg06.Expression.&lt;init&gt;(Expression.java:4)
	at asg06.Expression.&lt;init&gt;(Expression.java:4)
	at asg06.Expression.&lt;init&gt;(Expression.java:4)
	at asg06.Expression.&lt;init&gt;(Expression.java:4)
	at asg06.Expression.&lt;init&gt;(Expression.java:4)
	at asg06.Expression.&lt;init&gt;(Expression.java:4)
	at asg06.Expression.&lt;init&gt;(Expression.java:4)
	at asg06.Expression.&lt;init&gt;(Expression.java:4)
	at asg06.Expression.&lt;init&gt;(Expression.java:4)
	at asg06.Expression.&lt;init&gt;(Expression.java:4)
	at asg06.Expression.&lt;init&gt;(Expression.java:4)
	at asg06.Expression.&lt;init&gt;(Expression.java:4)
	at asg06.Expression.&lt;init&gt;(Expression.java:4)
	at asg06.Expression.&lt;init&gt;(Expression.java:4)
	at asg06.Expression.&lt;init&gt;(Expression.java:4)
	at asg06.Expression.&lt;init&gt;(Expression.java:4)
	at asg06.Expression.&lt;init&gt;(Expression.java:4)
	at asg06.Expression.&lt;init&gt;(Expression.java:4)
	at asg06.Expression.&lt;init&gt;(Expression.java:4)
	at asg06.Expression.&lt;init&gt;(Expression.java:4)
	at asg06.Expression.&lt;init&gt;(Expression.java:4)
	at asg06.Expression.&lt;init&gt;(Expression.java:4)
	at asg06.Expression.&lt;init&gt;(Expression.java:4)
	at asg06.Expression.&lt;init&gt;(Expression.java:4)
	at asg06.Expression.&lt;init&gt;(Expression.java:4)
</error>
  </testcase>
  <testcase classname="asg06.TestExpression" name="testAdditionEvaluate" time="0.07">
    <error type="java.lang.StackOverflowError">java.lang.StackOverflowError
	at asg06.Expression.&lt;init&gt;(Expression.java:4)
	at asg06.Expression.&lt;init&gt;(Expression.java:4)
	at asg06.Expression.&lt;init&gt;(Expression.java:4)
	at asg06.Expression.&lt;init&gt;(Expression.java:4)
	at asg06.Expression.&lt;init&gt;(Expression.java:4)
	at asg06.Expression.&lt;init&gt;(Expression.java:4)
	at asg06.Expression.&lt;init&gt;(Expression.java:4)
	at asg06.Expression.&lt;init&gt;(Expression.java:4)
	at asg06.Expression.&lt;init&gt;(Expression.java:4)
	at asg06.Expression.&lt;init&gt;(Expression.java:4)
	at asg06.Expression.&lt;init&gt;(Expression.java:4)
	at asg06.Expression.&lt;init&gt;(Expression.java:4)
	at asg06.Expression.&lt;init&gt;(Expression.java:4)
	at asg06.Expression.&lt;init&gt;(Expression.java:4)
	at asg06.Expression.&lt;init&gt;(Expression.java:4)
	at asg06.Expression.&lt;init&gt;(Expression.java:4)
	at asg06.Expression.&lt;init&gt;(Expression.java:4)
	at asg06.Expression.&lt;init&gt;(Expression.java:4)
	at asg06.Expression.&lt;init&gt;(Expression.java:4)
	at asg06.Expression.&lt;init&gt;(Expression.java:4)
	at asg06.Expression.&lt;init&gt;(Expression.java:4)
	at asg06.Expression.&lt;init&gt;(Expression.java:4)
	at asg06.Expression.&lt;init&gt;(Expression.java:4)
	at asg06.Expression.&lt;init&gt;(Expression.java:4)
	at asg06.Expression.&lt;init&gt;(Expression.java:4)
	at asg06.Expression.&lt;init&gt;(Expression.java:4)
	at asg06.Expression.&lt;init&gt;(Expression.java:4)
	at asg06.Expression.&lt;init&gt;(Expression.java:4)
	at asg06.Expression.&lt;init&gt;(Expression.java:4)
	at asg06.Expression.&lt;init&gt;(Expression.java:4)
	at asg06.Expression.&lt;init&gt;(Expression.java:4)
	at asg06.Expression.&lt;init&gt;(Expression.java:4)
	at asg06.Expression.&lt;init&gt;(Expression.java:4)
	at asg06.Expression.&lt;init&gt;(Expression.java:4)
	at asg06.Expression.&lt;init&gt;(Expression.java:4)
	at asg06.Expression.&lt;init&gt;(Expression.java:4)
	at asg06.Expression.&lt;init&gt;(Expression.java:4)
	at asg06.Expression.&lt;init&gt;(Expression.java:4)
	at asg06.Expression.&lt;init&gt;(Expression.java:4)
	at asg06.Expression.&lt;init&gt;(Expression.java:4)
	at asg06.Expression.&lt;init&gt;(Expression.java:4)
	at asg06.Expression.&lt;init&gt;(Expression.java:4)
	at asg06.Expression.&lt;init&gt;(Expression.java:4)
	at asg06.Expression.&lt;init&gt;(Expression.java:4)
	at asg06.Expression.&lt;init&gt;(Expression.java:4)
	at asg06.Expression.&lt;init&gt;(Expression.java:4)
	at asg06.Expression.&lt;init&gt;(Expression.java:4)
	at asg06.Expression.&lt;init&gt;(Expression.java:4)
	at asg06.Expression.&lt;init&gt;(Expression.java:4)
	at asg06.Expression.&lt;init&gt;(Expression.java:4)
	at asg06.Expression.&lt;init&gt;(Expression.java:4)
	at asg06.Expression.&lt;init&gt;(Expression.java:4)
	at asg06.Expression.&lt;init&gt;(Expression.java:4)
	at asg06.Expression.&lt;init&gt;(Expression.java:4)
	at asg06.Expression.&lt;init&gt;(Expression.java:4)
	at asg06.Expression.&lt;init&gt;(Expression.java:4)
	at asg06.Expression.&lt;init&gt;(Expression.java:4)
	at asg06.Expression.&lt;init&gt;(Expression.java:4)
	at asg06.Expression.&lt;init&gt;(Expression.java:4)
	at asg06.Expression.&lt;init&gt;(Expression.java:4)
	at asg06.Expression.&lt;init&gt;(Expression.java:4)
	at asg06.Expression.&lt;init&gt;(Expression.java:4)
	at asg06.Expression.&lt;init&gt;(Expression.java:4)
	at asg06.Expression.&lt;init&gt;(Expression.java:4)
	at asg06.Expression.&lt;init&gt;(Expression.java:4)
	at asg06.Expression.&lt;init&gt;(Expression.java:4)
	at asg06.Expression.&lt;init&gt;(Expression.java:4)
	at asg06.Expression.&lt;init&gt;(Expression.java:4)
	at asg06.Expression.&lt;init&gt;(Expression.java:4)
	at asg06.Expression.&lt;init&gt;(Expression.java:4)
	at asg06.Expression.&lt;init&gt;(Expression.java:4)
	at asg06.Expression.&lt;init&gt;(Expression.java:4)
	at asg06.Expression.&lt;init&gt;(Expression.java:4)
	at asg06.Expression.&lt;init&gt;(Expression.java:4)
	at asg06.Expression.&lt;init&gt;(Expression.java:4)
	at asg06.Expression.&lt;init&gt;(Expression.java:4)
	at asg06.Expression.&lt;init&gt;(Expression.java:4)
	at asg06.Expression.&lt;init&gt;(Expression.java:4)
	at asg06.Expression.&lt;init&gt;(Expression.java:4)
	at asg06.Expression.&lt;init&gt;(Expression.java:4)
	at asg06.Expression.&lt;init&gt;(Expression.java:4)
	at asg06.Expression.&lt;init&gt;(Expression.java:4)
	at asg06.Expression.&lt;init&gt;(Expression.java:4)
	at asg06.Expression.&lt;init&gt;(Expression.java:4)
	at asg06.Expression.&lt;init&gt;(Expression.java:4)
	at asg06.Expression.&lt;init&gt;(Expression.java:4)
	at asg06.Expression.&lt;init&gt;(Expression.java:4)
	at asg06.Expression.&lt;init&gt;(Expression.java:4)
	at asg06.Expression.&lt;init&gt;(Expression.java:4)
	at asg06.Expression.&lt;init&gt;(Expression.java:4)
	at asg06.Expression.&lt;init&gt;(Expression.java:4)
	at asg06.Expression.&lt;init&gt;(Expression.java:4)
	at asg06.Expression.&lt;init&gt;(Expression.java:4)
	at asg06.Expression.&lt;init&gt;(Expression.java:4)
	at asg06.Expression.&lt;init&gt;(Expression.java:4)
	at asg06.Expression.&lt;init&gt;(Expression.java:4)
	at asg06.Expression.&lt;init&gt;(Expression.java:4)
	at asg06.Expression.&lt;init&gt;(Expression.java:4)
	at asg06.Expression.&lt;init&gt;(Expression.java:4)
	at asg06.Expression.&lt;init&gt;(Expression.java:4)
	at asg06.Expression.&lt;init&gt;(Expression.java:4)
	at asg06.Expression.&lt;init&gt;(Expression.java:4)
	at asg06.Expression.&lt;init&gt;(Expression.java:4)
	at asg06.Expression.&lt;init&gt;(Expression.java:4)
	at asg06.Expression.&lt;init&gt;(Expression.java:4)
	at asg06.Expression.&lt;init&gt;(Expression.java:4)
	at asg06.Expression.&lt;init&gt;(Expression.java:4)
	at asg06.Expression.&lt;init&gt;(Expression.java:4)
	at asg06.Expression.&lt;init&gt;(Expression.java:4)
	at asg06.Expression.&lt;init&gt;(Expression.java:4)
	at asg06.Expression.&lt;init&gt;(Expression.java:4)
	at asg06.Expression.&lt;init&gt;(Expression.java:4)
	at asg06.Expression.&lt;init&gt;(Expression.java:4)
	at asg06.Expression.&lt;init&gt;(Expression.java:4)
	at asg06.Expression.&lt;init&gt;(Expression.java:4)
	at asg06.Expression.&lt;init&gt;(Expression.java:4)
	at asg06.Expression.&lt;init&gt;(Expression.java:4)
	at asg06.Expression.&lt;init&gt;(Expression.java:4)
	at asg06.Expression.&lt;init&gt;(Expression.java:4)
	at asg06.Expression.&lt;init&gt;(Expression.java:4)
	at asg06.Expression.&lt;init&gt;(Expression.java:4)
	at asg06.Expression.&lt;init&gt;(Expression.java:4)
	at asg06.Expression.&lt;init&gt;(Expression.java:4)
	at asg06.Expression.&lt;init&gt;(Expression.java:4)
	at asg06.Expression.&lt;init&gt;(Expression.java:4)
	at asg06.Expression.&lt;init&gt;(Expression.java:4)
	at asg06.Expression.&lt;init&gt;(Expression.java:4)
	at asg06.Expression.&lt;init&gt;(Expression.java:4)
	at asg06.Expression.&lt;init&gt;(Expression.java:4)
	at asg06.Expression.&lt;init&gt;(Expression.java:4)
	at asg06.Expression.&lt;init&gt;(Expression.java:4)
	at asg06.Expression.&lt;init&gt;(Expression.java:4)
	at asg06.Expression.&lt;init&gt;(Expression.java:4)
	at asg06.Expression.&lt;init&gt;(Expression.java:4)
	at asg06.Expression.&lt;init&gt;(Expression.java:4)
	at asg06.Expression.&lt;init&gt;(Expression.java:4)
	at asg06.Expression.&lt;init&gt;(Expression.java:4)
	at asg06.Expression.&lt;init&gt;(Expression.java:4)
	at asg06.Expression.&lt;init&gt;(Expression.java:4)
	at asg06.Expression.&lt;init&gt;(Expression.java:4)
	at asg06.Expression.&lt;init&gt;(Expression.java:4)
	at asg06.Expression.&lt;init&gt;(Expression.java:4)
	at asg06.Expression.&lt;init&gt;(Expression.java:4)
	at asg06.Expression.&lt;init&gt;(Expression.java:4)
	at asg06.Expression.&lt;init&gt;(Expression.java:4)
	at asg06.Expression.&lt;init&gt;(Expression.java:4)
	at asg06.Expression.&lt;init&gt;(Expression.java:4)
	at asg06.Expression.&lt;init&gt;(Expression.java:4)
	at asg06.Expression.&lt;init&gt;(Expression.java:4)
	at asg06.Expression.&lt;init&gt;(Expression.java:4)
	at asg06.Expression.&lt;init&gt;(Expression.java:4)
	at asg06.Expression.&lt;init&gt;(Expression.java:4)
	at asg06.Expression.&lt;init&gt;(Expression.java:4)
	at asg06.Expression.&lt;init&gt;(Expression.java:4)
	at asg06.Expression.&lt;init&gt;(Expression.java:4)
	at asg06.Expression.&lt;init&gt;(Expression.java:4)
	at asg06.Expression.&lt;init&gt;(Expression.java:4)
	at asg06.Expression.&lt;init&gt;(Expression.java:4)
	at asg06.Expression.&lt;init&gt;(Expression.java:4)
	at asg06.Expression.&lt;init&gt;(Expression.java:4)
	at asg06.Expression.&lt;init&gt;(Expression.java:4)
	at asg06.Expression.&lt;init&gt;(Expression.java:4)
	at asg06.Expression.&lt;init&gt;(Expression.java:4)
	at asg06.Expression.&lt;init&gt;(Expression.java:4)
	at asg06.Expression.&lt;init&gt;(Expression.java:4)
	at asg06.Expression.&lt;init&gt;(Expression.java:4)
	at asg06.Expression.&lt;init&gt;(Expression.java:4)
	at asg06.Expression.&lt;init&gt;(Expression.java:4)
	at asg06.Expression.&lt;init&gt;(Expression.java:4)
	at asg06.Expression.&lt;init&gt;(Expression.java:4)
	at asg06.Expression.&lt;init&gt;(Expression.java:4)
	at asg06.Expression.&lt;init&gt;(Expression.java:4)
	at asg06.Expression.&lt;init&gt;(Expression.java:4)
	at asg06.Expression.&lt;init&gt;(Expression.java:4)
	at asg06.Expression.&lt;init&gt;(Expression.java:4)
	at asg06.Expression.&lt;init&gt;(Expression.java:4)
	at asg06.Expression.&lt;init&gt;(Expression.java:4)
	at asg06.Expression.&lt;init&gt;(Expression.java:4)
	at asg06.Expression.&lt;init&gt;(Expression.java:4)
	at asg06.Expression.&lt;init&gt;(Expression.java:4)
	at asg06.Expression.&lt;init&gt;(Expression.java:4)
	at asg06.Expression.&lt;init&gt;(Expression.java:4)
	at asg06.Expression.&lt;init&gt;(Expression.java:4)
	at asg06.Expression.&lt;init&gt;(Expression.java:4)
	at asg06.Expression.&lt;init&gt;(Expression.java:4)
	at asg06.Expression.&lt;init&gt;(Expression.java:4)
	at asg06.Expression.&lt;init&gt;(Expression.java:4)
	at asg06.Expression.&lt;init&gt;(Expression.java:4)
	at asg06.Expression.&lt;init&gt;(Expression.java:4)
	at asg06.Expression.&lt;init&gt;(Expression.java:4)
	at asg06.Expression.&lt;init&gt;(Expression.java:4)
	at asg06.Expression.&lt;init&gt;(Expression.java:4)
	at asg06.Expression.&lt;init&gt;(Expression.java:4)
	at asg06.Expression.&lt;init&gt;(Expression.java:4)
	at asg06.Expression.&lt;init&gt;(Expression.java:4)
	at asg06.Expression.&lt;init&gt;(Expression.java:4)
	at asg06.Expression.&lt;init&gt;(Expression.java:4)
	at asg06.Expression.&lt;init&gt;(Expression.java:4)
	at asg06.Expression.&lt;init&gt;(Expression.java:4)
	at asg06.Expression.&lt;init&gt;(Expression.java:4)
	at asg06.Expression.&lt;init&gt;(Expression.java:4)
	at asg06.Expression.&lt;init&gt;(Expression.java:4)
	at asg06.Expression.&lt;init&gt;(Expression.java:4)
	at asg06.Expression.&lt;init&gt;(Expression.java:4)
	at asg06.Expression.&lt;init&gt;(Expression.java:4)
	at asg06.Expression.&lt;init&gt;(Expression.java:4)
	at asg06.Expression.&lt;init&gt;(Expression.java:4)
	at asg06.Expression.&lt;init&gt;(Expression.java:4)
	at asg06.Expression.&lt;init&gt;(Expression.java:4)
	at asg06.Expression.&lt;init&gt;(Expression.java:4)
	at asg06.Expression.&lt;init&gt;(Expression.java:4)
	at asg06.Expression.&lt;init&gt;(Expression.java:4)
	at asg06.Expression.&lt;init&gt;(Expression.java:4)
	at asg06.Expression.&lt;init&gt;(Expression.java:4)
	at asg06.Expression.&lt;init&gt;(Expression.java:4)
	at asg06.Expression.&lt;init&gt;(Expression.java:4)
	at asg06.Expression.&lt;init&gt;(Expression.java:4)
	at asg06.Expression.&lt;init&gt;(Expression.java:4)
	at asg06.Expression.&lt;init&gt;(Expression.java:4)
	at asg06.Expression.&lt;init&gt;(Expression.java:4)
	at asg06.Expression.&lt;init&gt;(Expression.java:4)
	at asg06.Expression.&lt;init&gt;(Expression.java:4)
	at asg06.Expression.&lt;init&gt;(Expression.java:4)
	at asg06.Expression.&lt;init&gt;(Expression.java:4)
	at asg06.Expression.&lt;init&gt;(Expression.java:4)
	at asg06.Expression.&lt;init&gt;(Expression.java:4)
	at asg06.Expression.&lt;init&gt;(Expression.java:4)
	at asg06.Expression.&lt;init&gt;(Expression.java:4)
	at asg06.Expression.&lt;init&gt;(Expression.java:4)
	at asg06.Expression.&lt;init&gt;(Expression.java:4)
	at asg06.Expression.&lt;init&gt;(Expression.java:4)
	at asg06.Expression.&lt;init&gt;(Expression.java:4)
	at asg06.Expression.&lt;init&gt;(Expression.java:4)
	at asg06.Expression.&lt;init&gt;(Expression.java:4)
	at asg06.Expression.&lt;init&gt;(Expression.java:4)
	at asg06.Expression.&lt;init&gt;(Expression.java:4)
	at asg06.Expression.&lt;init&gt;(Expression.java:4)
	at asg06.Expression.&lt;init&gt;(Expression.java:4)
	at asg06.Expression.&lt;init&gt;(Expression.java:4)
	at asg06.Expression.&lt;init&gt;(Expression.java:4)
	at asg06.Expression.&lt;init&gt;(Expression.java:4)
	at asg06.Expression.&lt;init&gt;(Expression.java:4)
	at asg06.Expression.&lt;init&gt;(Expression.java:4)
	at asg06.Expression.&lt;init&gt;(Expression.java:4)
	at asg06.Expression.&lt;init&gt;(Expression.java:4)
	at asg06.Expression.&lt;init&gt;(Expression.java:4)
	at asg06.Expression.&lt;init&gt;(Expression.java:4)
	at asg06.Expression.&lt;init&gt;(Expression.java:4)
	at asg06.Expression.&lt;init&gt;(Expression.java:4)
	at asg06.Expression.&lt;init&gt;(Expression.java:4)
	at asg06.Expression.&lt;init&gt;(Expression.java:4)
	at asg06.Expression.&lt;init&gt;(Expression.java:4)
	at asg06.Expression.&lt;init&gt;(Expression.java:4)
	at asg06.Expression.&lt;init&gt;(Expression.java:4)
	at asg06.Expression.&lt;init&gt;(Expression.java:4)
	at asg06.Expression.&lt;init&gt;(Expression.java:4)
	at asg06.Expression.&lt;init&gt;(Expression.java:4)
	at asg06.Expression.&lt;init&gt;(Expression.java:4)
	at asg06.Expression.&lt;init&gt;(Expression.java:4)
	at asg06.Expression.&lt;init&gt;(Expression.java:4)
	at asg06.Expression.&lt;init&gt;(Expression.java:4)
	at asg06.Expression.&lt;init&gt;(Expression.java:4)
	at asg06.Expression.&lt;init&gt;(Expression.java:4)
	at asg06.Expression.&lt;init&gt;(Expression.java:4)
	at asg06.Expression.&lt;init&gt;(Expression.java:4)
	at asg06.Expression.&lt;init&gt;(Expression.java:4)
	at asg06.Expression.&lt;init&gt;(Expression.java:4)
	at asg06.Expression.&lt;init&gt;(Expression.java:4)
	at asg06.Expression.&lt;init&gt;(Expression.java:4)
	at asg06.Expression.&lt;init&gt;(Expression.java:4)
	at asg06.Expression.&lt;init&gt;(Expression.java:4)
	at asg06.Expression.&lt;init&gt;(Expression.java:4)
	at asg06.Expression.&lt;init&gt;(Expression.java:4)
	at asg06.Expression.&lt;init&gt;(Expression.java:4)
	at asg06.Expression.&lt;init&gt;(Expression.java:4)
	at asg06.Expression.&lt;init&gt;(Expression.java:4)
	at asg06.Expression.&lt;init&gt;(Expression.java:4)
	at asg06.Expression.&lt;init&gt;(Expression.java:4)
	at asg06.Expression.&lt;init&gt;(Expression.java:4)
	at asg06.Expression.&lt;init&gt;(Expression.java:4)
	at asg06.Expression.&lt;init&gt;(Expression.java:4)
	at asg06.Expression.&lt;init&gt;(Expression.java:4)
	at asg06.Expression.&lt;init&gt;(Expression.java:4)
	at asg06.Expression.&lt;init&gt;(Expression.java:4)
	at asg06.Expression.&lt;init&gt;(Expression.java:4)
	at asg06.Expression.&lt;init&gt;(Expression.java:4)
	at asg06.Expression.&lt;init&gt;(Expression.java:4)
	at asg06.Expression.&lt;init&gt;(Expression.java:4)
	at asg06.Expression.&lt;init&gt;(Expression.java:4)
	at asg06.Expression.&lt;init&gt;(Expression.java:4)
	at asg06.Expression.&lt;init&gt;(Expression.java:4)
	at asg06.Expression.&lt;init&gt;(Expression.java:4)
	at asg06.Expression.&lt;init&gt;(Expression.java:4)
	at asg06.Expression.&lt;init&gt;(Expression.java:4)
	at asg06.Expression.&lt;init&gt;(Expression.java:4)
	at asg06.Expression.&lt;init&gt;(Expression.java:4)
	at asg06.Expression.&lt;init&gt;(Expression.java:4)
	at asg06.Expression.&lt;init&gt;(Expression.java:4)
	at asg06.Expression.&lt;init&gt;(Expression.java:4)
	at asg06.Expression.&lt;init&gt;(Expression.java:4)
	at asg06.Expression.&lt;init&gt;(Expression.java:4)
	at asg06.Expression.&lt;init&gt;(Expression.java:4)
	at asg06.Expression.&lt;init&gt;(Expression.java:4)
	at asg06.Expression.&lt;init&gt;(Expression.java:4)
	at asg06.Expression.&lt;init&gt;(Expression.java:4)
	at asg06.Expression.&lt;init&gt;(Expression.java:4)
	at asg06.Expression.&lt;init&gt;(Expression.java:4)
	at asg06.Expression.&lt;init&gt;(Expression.java:4)
	at asg06.Expression.&lt;init&gt;(Expression.java:4)
	at asg06.Expression.&lt;init&gt;(Expression.java:4)
	at asg06.Expression.&lt;init&gt;(Expression.java:4)
	at asg06.Expression.&lt;init&gt;(Expression.java:4)
	at asg06.Expression.&lt;init&gt;(Expression.java:4)
	at asg06.Expression.&lt;init&gt;(Expression.java:4)
	at asg06.Expression.&lt;init&gt;(Expression.java:4)
	at asg06.Expression.&lt;init&gt;(Expression.java:4)
	at asg06.Expression.&lt;init&gt;(Expression.java:4)
	at asg06.Expression.&lt;init&gt;(Expression.java:4)
	at asg06.Expression.&lt;init&gt;(Expression.java:4)
	at asg06.Expression.&lt;init&gt;(Expression.java:4)
	at asg06.Expression.&lt;init&gt;(Expression.java:4)
	at asg06.Expression.&lt;init&gt;(Expression.java:4)
	at asg06.Expression.&lt;init&gt;(Expression.java:4)
	at asg06.Expression.&lt;init&gt;(Expression.java:4)
	at asg06.Expression.&lt;init&gt;(Expression.java:4)
	at asg06.Expression.&lt;init&gt;(Expression.java:4)
	at asg06.Expression.&lt;init&gt;(Expression.java:4)
	at asg06.Expression.&lt;init&gt;(Expression.java:4)
	at asg06.Expression.&lt;init&gt;(Expression.java:4)
	at asg06.Expression.&lt;init&gt;(Expression.java:4)
	at asg06.Expression.&lt;init&gt;(Expression.java:4)
	at asg06.Expression.&lt;init&gt;(Expression.java:4)
	at asg06.Expression.&lt;init&gt;(Expression.java:4)
	at asg06.Expression.&lt;init&gt;(Expression.java:4)
	at asg06.Expression.&lt;init&gt;(Expression.java:4)
	at asg06.Expression.&lt;init&gt;(Expression.java:4)
	at asg06.Expression.&lt;init&gt;(Expression.java:4)
	at asg06.Expression.&lt;init&gt;(Expression.java:4)
	at asg06.Expression.&lt;init&gt;(Expression.java:4)
	at asg06.Expression.&lt;init&gt;(Expression.java:4)
	at asg06.Expression.&lt;init&gt;(Expression.java:4)
	at asg06.Expression.&lt;init&gt;(Expression.java:4)
	at asg06.Expression.&lt;init&gt;(Expression.java:4)
	at asg06.Expression.&lt;init&gt;(Expression.java:4)
	at asg06.Expression.&lt;init&gt;(Expression.java:4)
	at asg06.Expression.&lt;init&gt;(Expression.java:4)
	at asg06.Expression.&lt;init&gt;(Expression.java:4)
	at asg06.Expression.&lt;init&gt;(Expression.java:4)
	at asg06.Expression.&lt;init&gt;(Expression.java:4)
	at asg06.Expression.&lt;init&gt;(Expression.java:4)
	at asg06.Expression.&lt;init&gt;(Expression.java:4)
	at asg06.Expression.&lt;init&gt;(Expression.java:4)
	at asg06.Expression.&lt;init&gt;(Expression.java:4)
	at asg06.Expression.&lt;init&gt;(Expression.java:4)
	at asg06.Expression.&lt;init&gt;(Expression.java:4)
	at asg06.Expression.&lt;init&gt;(Expression.java:4)
	at asg06.Expression.&lt;init&gt;(Expression.java:4)
	at asg06.Expression.&lt;init&gt;(Expression.java:4)
	at asg06.Expression.&lt;init&gt;(Expression.java:4)
	at asg06.Expression.&lt;init&gt;(Expression.java:4)
	at asg06.Expression.&lt;init&gt;(Expression.java:4)
	at asg06.Expression.&lt;init&gt;(Expression.java:4)
	at asg06.Expression.&lt;init&gt;(Expression.java:4)
	at asg06.Expression.&lt;init&gt;(Expression.java:4)
	at asg06.Expression.&lt;init&gt;(Expression.java:4)
	at asg06.Expression.&lt;init&gt;(Expression.java:4)
	at asg06.Expression.&lt;init&gt;(Expression.java:4)
	at asg06.Expression.&lt;init&gt;(Expression.java:4)
	at asg06.Expression.&lt;init&gt;(Expression.java:4)
	at asg06.Expression.&lt;init&gt;(Expression.java:4)
	at asg06.Expression.&lt;init&gt;(Expression.java:4)
	at asg06.Expression.&lt;init&gt;(Expression.java:4)
	at asg06.Expression.&lt;init&gt;(Expression.java:4)
	at asg06.Expression.&lt;init&gt;(Expression.java:4)
	at asg06.Expression.&lt;init&gt;(Expression.java:4)
	at asg06.Expression.&lt;init&gt;(Expression.java:4)
	at asg06.Expression.&lt;init&gt;(Expression.java:4)
	at asg06.Expression.&lt;init&gt;(Expression.java:4)
	at asg06.Expression.&lt;init&gt;(Expression.java:4)
	at asg06.Expression.&lt;init&gt;(Expression.java:4)
	at asg06.Expression.&lt;init&gt;(Expression.java:4)
	at asg06.Expression.&lt;init&gt;(Expression.java:4)
	at asg06.Expression.&lt;init&gt;(Expression.java:4)
	at asg06.Expression.&lt;init&gt;(Expression.java:4)
	at asg06.Expression.&lt;init&gt;(Expression.java:4)
	at asg06.Expression.&lt;init&gt;(Expression.java:4)
	at asg06.Expression.&lt;init&gt;(Expression.java:4)
	at asg06.Expression.&lt;init&gt;(Expression.java:4)
	at asg06.Expression.&lt;init&gt;(Expression.java:4)
	at asg06.Expression.&lt;init&gt;(Expression.java:4)
	at asg06.Expression.&lt;init&gt;(Expression.java:4)
	at asg06.Expression.&lt;init&gt;(Expression.java:4)
	at asg06.Expression.&lt;init&gt;(Expression.java:4)
	at asg06.Expression.&lt;init&gt;(Expression.java:4)
	at asg06.Expression.&lt;init&gt;(Expression.java:4)
	at asg06.Expression.&lt;init&gt;(Expression.java:4)
	at asg06.Expression.&lt;init&gt;(Expression.java:4)
	at asg06.Expression.&lt;init&gt;(Expression.java:4)
	at asg06.Expression.&lt;init&gt;(Expression.java:4)
	at asg06.Expression.&lt;init&gt;(Expression.java:4)
	at asg06.Expression.&lt;init&gt;(Expression.java:4)
	at asg06.Expression.&lt;init&gt;(Expression.java:4)
	at asg06.Expression.&lt;init&gt;(Expression.java:4)
	at asg06.Expression.&lt;init&gt;(Expression.java:4)
	at asg06.Expression.&lt;init&gt;(Expression.java:4)
	at asg06.Expression.&lt;init&gt;(Expression.java:4)
	at asg06.Expression.&lt;init&gt;(Expression.java:4)
	at asg06.Expression.&lt;init&gt;(Expression.java:4)
	at asg06.Expression.&lt;init&gt;(Expression.java:4)
	at asg06.Expression.&lt;init&gt;(Expression.java:4)
	at asg06.Expression.&lt;init&gt;(Expression.java:4)
	at asg06.Expression.&lt;init&gt;(Expression.java:4)
	at asg06.Expression.&lt;init&gt;(Expression.java:4)
	at asg06.Expression.&lt;init&gt;(Expression.java:4)
	at asg06.Expression.&lt;init&gt;(Expression.java:4)
	at asg06.Expression.&lt;init&gt;(Expression.java:4)
	at asg06.Expression.&lt;init&gt;(Expression.java:4)
	at asg06.Expression.&lt;init&gt;(Expression.java:4)
	at asg06.Expression.&lt;init&gt;(Expression.java:4)
	at asg06.Expression.&lt;init&gt;(Expression.java:4)
	at asg06.Expression.&lt;init&gt;(Expression.java:4)
	at asg06.Expression.&lt;init&gt;(Expression.java:4)
	at asg06.Expression.&lt;init&gt;(Expression.java:4)
	at asg06.Expression.&lt;init&gt;(Expression.java:4)
	at asg06.Expression.&lt;init&gt;(Expression.java:4)
	at asg06.Expression.&lt;init&gt;(Expression.java:4)
	at asg06.Expression.&lt;init&gt;(Expression.java:4)
	at asg06.Expression.&lt;init&gt;(Expression.java:4)
	at asg06.Expression.&lt;init&gt;(Expression.java:4)
	at asg06.Expression.&lt;init&gt;(Expression.java:4)
	at asg06.Expression.&lt;init&gt;(Expression.java:4)
	at asg06.Expression.&lt;init&gt;(Expression.java:4)
	at asg06.Expression.&lt;init&gt;(Expression.java:4)
	at asg06.Expression.&lt;init&gt;(Expression.java:4)
	at asg06.Expression.&lt;init&gt;(Expression.java:4)
	at asg06.Expression.&lt;init&gt;(Expression.java:4)
	at asg06.Expression.&lt;init&gt;(Expression.java:4)
	at asg06.Expression.&lt;init&gt;(Expression.java:4)
	at asg06.Expression.&lt;init&gt;(Expression.java:4)
	at asg06.Expression.&lt;init&gt;(Expression.java:4)
	at asg06.Expression.&lt;init&gt;(Expression.java:4)
	at asg06.Expression.&lt;init&gt;(Expression.java:4)
	at asg06.Expression.&lt;init&gt;(Expression.java:4)
	at asg06.Expression.&lt;init&gt;(Expression.java:4)
	at asg06.Expression.&lt;init&gt;(Expression.java:4)
	at asg06.Expression.&lt;init&gt;(Expression.java:4)
	at asg06.Expression.&lt;init&gt;(Expression.java:4)
	at asg06.Expression.&lt;init&gt;(Expression.java:4)
	at asg06.Expression.&lt;init&gt;(Expression.java:4)
	at asg06.Expression.&lt;init&gt;(Expression.java:4)
	at asg06.Expression.&lt;init&gt;(Expression.java:4)
	at asg06.Expression.&lt;init&gt;(Expression.java:4)
	at asg06.Expression.&lt;init&gt;(Expression.java:4)
	at asg06.Expression.&lt;init&gt;(Expression.java:4)
	at asg06.Expression.&lt;init&gt;(Expression.java:4)
	at asg06.Expression.&lt;init&gt;(Expression.java:4)
	at asg06.Expression.&lt;init&gt;(Expression.java:4)
	at asg06.Expression.&lt;init&gt;(Expression.java:4)
	at asg06.Expression.&lt;init&gt;(Expression.java:4)
	at asg06.Expression.&lt;init&gt;(Expression.java:4)
	at asg06.Expression.&lt;init&gt;(Expression.java:4)
	at asg06.Expression.&lt;init&gt;(Expression.java:4)
	at asg06.Expression.&lt;init&gt;(Expression.java:4)
	at asg06.Expression.&lt;init&gt;(Expression.java:4)
	at asg06.Expression.&lt;init&gt;(Expression.java:4)
	at asg06.Expression.&lt;init&gt;(Expression.java:4)
	at asg06.Expression.&lt;init&gt;(Expression.java:4)
	at asg06.Expression.&lt;init&gt;(Expression.java:4)
	at asg06.Expression.&lt;init&gt;(Expression.java:4)
	at asg06.Expression.&lt;init&gt;(Expression.java:4)
	at asg06.Expression.&lt;init&gt;(Expression.java:4)
	at asg06.Expression.&lt;init&gt;(Expression.java:4)
	at asg06.Expression.&lt;init&gt;(Expression.java:4)
	at asg06.Expression.&lt;init&gt;(Expression.java:4)
	at asg06.Expression.&lt;init&gt;(Expression.java:4)
[...]
	at asg06.Expression.&lt;init&gt;(Expression.java:4)
	at asg06.Expression.&lt;init&gt;(Expression.java:4)
	at asg06.Expression.&lt;init&gt;(Expression.java:4)
	at asg06.Expression.&lt;init&gt;(Expression.java:4)
	at asg06.Expression.&lt;init&gt;(Expression.java:4)
	at asg06.Expression.&lt;init&gt;(Expression.java:4)
	at asg06.Expression.&lt;init&gt;(Expression.java:4)
	at asg06.Expression.&lt;init&gt;(Expression.java:4)
	at asg06.Expression.&lt;init&gt;(Expression.java:4)
	at asg06.Expression.&lt;init&gt;(Expression.java:4)
	at asg06.Expression.&lt;init&gt;(Expression.java:4)
	at asg06.Expression.&lt;init&gt;(Expression.java:4)
	at asg06.Expression.&lt;init&gt;(Expression.java:4)
	at asg06.Expression.&lt;init&gt;(Expression.java:4)
	at asg06.Expression.&lt;init&gt;(Expression.java:4)
	at asg06.Expression.&lt;init&gt;(Expression.java:4)
	at asg06.Expression.&lt;init&gt;(Expression.java:4)
	at asg06.Expression.&lt;init&gt;(Expression.java:4)
	at asg06.Expression.&lt;init&gt;(Expression.java:4)
	at asg06.Expression.&lt;init&gt;(Expression.java:4)
	at asg06.Expression.&lt;init&gt;(Expression.java:4)
	at asg06.Expression.&lt;init&gt;(Expression.java:4)
	at asg06.Expression.&lt;init&gt;(Expression.java:4)
	at asg06.Expression.&lt;init&gt;(Expression.java:4)
	at asg06.Expression.&lt;init&gt;(Expression.java:4)
	at asg06.Expression.&lt;init&gt;(Expression.java:4)
	at asg06.Expression.&lt;init&gt;(Expression.java:4)
	at asg06.Expression.&lt;init&gt;(Expression.java:4)
	at asg06.Expression.&lt;init&gt;(Expression.java:4)
	at asg06.Expression.&lt;init&gt;(Expression.java:4)
	at asg06.Expression.&lt;init&gt;(Expression.java:4)
	at asg06.Expression.&lt;init&gt;(Expression.java:4)
	at asg06.Expression.&lt;init&gt;(Expression.java:4)
	at asg06.Expression.&lt;init&gt;(Expression.java:4)
	at asg06.Expression.&lt;init&gt;(Expression.java:4)
	at asg06.Expression.&lt;init&gt;(Expression.java:4)
	at asg06.Expression.&lt;init&gt;(Expression.java:4)
	at asg06.Expression.&lt;init&gt;(Expression.java:4)
	at asg06.Expression.&lt;init&gt;(Expression.java:4)
	at asg06.Expression.&lt;init&gt;(Expression.java:4)
	at asg06.Expression.&lt;init&gt;(Expression.java:4)
	at asg06.Expression.&lt;init&gt;(Expression.java:4)
	at asg06.Expression.&lt;init&gt;(Expression.java:4)
	at asg06.Expression.&lt;init&gt;(Expression.java:4)
	at asg06.Expression.&lt;init&gt;(Expression.java:4)
	at asg06.Expression.&lt;init&gt;(Expression.java:4)
	at asg06.Expression.&lt;init&gt;(Expression.java:4)
	at asg06.Expression.&lt;init&gt;(Expression.java:4)
	at asg06.Expression.&lt;init&gt;(Expression.java:4)
	at asg06.Expression.&lt;init&gt;(Expression.java:4)
	at asg06.Expression.&lt;init&gt;(Expression.java:4)
	at asg06.Expression.&lt;init&gt;(Expression.java:4)
	at asg06.Expression.&lt;init&gt;(Expression.java:4)
	at asg06.Expression.&lt;init&gt;(Expression.java:4)
	at asg06.Expression.&lt;init&gt;(Expression.java:4)
	at asg06.Expression.&lt;init&gt;(Expression.java:4)
	at asg06.Expression.&lt;init&gt;(Expression.java:4)
	at asg06.Expression.&lt;init&gt;(Expression.java:4)
	at asg06.Expression.&lt;init&gt;(Expression.java:4)
	at asg06.Expression.&lt;init&gt;(Expression.java:4)
	at asg06.Expression.&lt;init&gt;(Expression.java:4)
	at asg06.Expression.&lt;init&gt;(Expression.java:4)
	at asg06.Expression.&lt;init&gt;(Expression.java:4)
	at asg06.Expression.&lt;init&gt;(Expression.java:4)
	at asg06.Expression.&lt;init&gt;(Expression.java:4)
	at asg06.Expression.&lt;init&gt;(Expression.java:4)
	at asg06.Expression.&lt;init&gt;(Expression.java:4)
	at asg06.Expression.&lt;init&gt;(Expression.java:4)
	at asg06.Expression.&lt;init&gt;(Expression.java:4)
	at asg06.Expression.&lt;init&gt;(Expression.java:4)
	at asg06.Expression.&lt;init&gt;(Expression.java:4)
	at asg06.Expression.&lt;init&gt;(Expression.java:4)
	at asg06.Expression.&lt;init&gt;(Expression.java:4)
	at asg06.Expression.&lt;init&gt;(Expression.java:4)
	at asg06.Expression.&lt;init&gt;(Expression.java:4)
	at asg06.Expression.&lt;init&gt;(Expression.java:4)
	at asg06.Expression.&lt;init&gt;(Expression.java:4)
	at asg06.Expression.&lt;init&gt;(Expression.java:4)
	at asg06.Expression.&lt;init&gt;(Expression.java:4)
	at asg06.Expression.&lt;init&gt;(Expression.java:4)
	at asg06.Expression.&lt;init&gt;(Expression.java:4)
	at asg06.Expression.&lt;init&gt;(Expression.java:4)
	at asg06.Expression.&lt;init&gt;(Expression.java:4)
	at asg06.Expression.&lt;init&gt;(Expression.java:4)
	at asg06.Expression.&lt;init&gt;(Expression.java:4)
	at asg06.Expression.&lt;init&gt;(Expression.java:4)
	at asg06.Expression.&lt;init&gt;(Expression.java:4)
	at asg06.Expression.&lt;init&gt;(Expression.java:4)
	at asg06.Expression.&lt;init&gt;(Expression.java:4)
	at asg06.Expression.&lt;init&gt;(Expression.java:4)
	at asg06.Expression.&lt;init&gt;(Expression.java:4)
	at asg06.Expression.&lt;init&gt;(Expression.java:4)
	at asg06.Expression.&lt;init&gt;(Expression.java:4)
	at asg06.Expression.&lt;init&gt;(Expression.java:4)
	at asg06.Expression.&lt;init&gt;(Expression.java:4)
	at asg06.Expression.&lt;init&gt;(Expression.java:4)
	at asg06.Expression.&lt;init&gt;(Expression.java:4)
	at asg06.Expression.&lt;init&gt;(Expression.java:4)
	at asg06.Expression.&lt;init&gt;(Expression.java:4)
	at asg06.Expression.&lt;init&gt;(Expression.java:4)
	at asg06.Expression.&lt;init&gt;(Expression.java:4)
	at asg06.Expression.&lt;init&gt;(Expression.java:4)
	at asg06.Expression.&lt;init&gt;(Expression.java:4)
	at asg06.Expression.&lt;init&gt;(Expression.java:4)
	at asg06.Expression.&lt;init&gt;(Expression.java:4)
	at asg06.Expression.&lt;init&gt;(Expression.java:4)
	at asg06.Expression.&lt;init&gt;(Expression.java:4)
	at asg06.Expression.&lt;init&gt;(Expression.java:4)
	at asg06.Expression.&lt;init&gt;(Expression.java:4)
	at asg06.Expression.&lt;init&gt;(Expression.java:4)
	at asg06.Expression.&lt;init&gt;(Expression.java:4)
	at asg06.Expression.&lt;init&gt;(Expression.java:4)
	at asg06.Expression.&lt;init&gt;(Expression.java:4)
	at asg06.Expression.&lt;init&gt;(Expression.java:4)
	at asg06.Expression.&lt;init&gt;(Expression.java:4)
	at asg06.Expression.&lt;init&gt;(Expression.java:4)
	at asg06.Expression.&lt;init&gt;(Expression.java:4)
	at asg06.Expression.&lt;init&gt;(Expression.java:4)
	at asg06.Expression.&lt;init&gt;(Expression.java:4)
	at asg06.Expression.&lt;init&gt;(Expression.java:4)
	at asg06.Expression.&lt;init&gt;(Expression.java:4)
	at asg06.Expression.&lt;init&gt;(Expression.java:4)
	at asg06.Expression.&lt;init&gt;(Expression.java:4)
	at asg06.Expression.&lt;init&gt;(Expression.java:4)
	at asg06.Expression.&lt;init&gt;(Expression.java:4)
	at asg06.Expression.&lt;init&gt;(Expression.java:4)
	at asg06.Expression.&lt;init&gt;(Expression.java:4)
	at asg06.Expression.&lt;init&gt;(Expression.java:4)
	at asg06.Expression.&lt;init&gt;(Expression.java:4)
	at asg06.Expression.&lt;init&gt;(Expression.java:4)
	at asg06.Expression.&lt;init&gt;(Expression.java:4)
	at asg06.Expression.&lt;init&gt;(Expression.java:4)
	at asg06.Expression.&lt;init&gt;(Expression.java:4)
	at asg06.Expression.&lt;init&gt;(Expression.java:4)
	at asg06.Expression.&lt;init&gt;(Expression.java:4)
	at asg06.Expression.&lt;init&gt;(Expression.java:4)
	at asg06.Expression.&lt;init&gt;(Expression.java:4)
	at asg06.Expression.&lt;init&gt;(Expression.java:4)
	at asg06.Expression.&lt;init&gt;(Expression.java:4)
	at asg06.Expression.&lt;init&gt;(Expression.java:4)
	at asg06.Expression.&lt;init&gt;(Expression.java:4)
	at asg06.Expression.&lt;init&gt;(Expression.java:4)
	at asg06.Expression.&lt;init&gt;(Expression.java:4)
	at asg06.Expression.&lt;init&gt;(Expression.java:4)
	at asg06.Expression.&lt;init&gt;(Expression.java:4)
	at asg06.Expression.&lt;init&gt;(Expression.java:4)
	at asg06.Expression.&lt;init&gt;(Expression.java:4)
	at asg06.Expression.&lt;init&gt;(Expression.java:4)
	at asg06.Expression.&lt;init&gt;(Expression.java:4)
	at asg06.Expression.&lt;init&gt;(Expression.java:4)
	at asg06.Expression.&lt;init&gt;(Expression.java:4)
	at asg06.Expression.&lt;init&gt;(Expression.java:4)
	at asg06.Expression.&lt;init&gt;(Expression.java:4)
	at asg06.Expression.&lt;init&gt;(Expression.java:4)
	at asg06.Expression.&lt;init&gt;(Expression.java:4)
	at asg06.Expression.&lt;init&gt;(Expression.java:4)
	at asg06.Expression.&lt;init&gt;(Expression.java:4)
	at asg06.Expression.&lt;init&gt;(Expression.java:4)
	at asg06.Expression.&lt;init&gt;(Expression.java:4)
	at asg06.Expression.&lt;init&gt;(Expression.java:4)
	at asg06.Expression.&lt;init&gt;(Expression.java:4)
	at asg06.Expression.&lt;init&gt;(Expression.java:4)
	at asg06.Expression.&lt;init&gt;(Expression.java:4)
	at asg06.Expression.&lt;init&gt;(Expression.java:4)
	at asg06.Expression.&lt;init&gt;(Expression.java:4)
	at asg06.Expression.&lt;init&gt;(Expression.java:4)
	at asg06.Expression.&lt;init&gt;(Expression.java:4)
	at asg06.Expression.&lt;init&gt;(Expression.java:4)
	at asg06.Expression.&lt;init&gt;(Expression.java:4)
	at asg06.Expression.&lt;init&gt;(Expression.java:4)
	at asg06.Expression.&lt;init&gt;(Expression.java:4)
	at asg06.Expression.&lt;init&gt;(Expression.java:4)
	at asg06.Expression.&lt;init&gt;(Expression.java:4)
	at asg06.Expression.&lt;init&gt;(Expression.java:4)
	at asg06.Expression.&lt;init&gt;(Expression.java:4)
	at asg06.Expression.&lt;init&gt;(Expression.java:4)
	at asg06.Expression.&lt;init&gt;(Expression.java:4)
	at asg06.Expression.&lt;init&gt;(Expression.java:4)
	at asg06.Expression.&lt;init&gt;(Expression.java:4)
	at asg06.Expression.&lt;init&gt;(Expression.java:4)
	at asg06.Expression.&lt;init&gt;(Expression.java:4)
	at asg06.Expression.&lt;init&gt;(Expression.java:4)
	at asg06.Expression.&lt;init&gt;(Expression.java:4)
	at asg06.Expression.&lt;init&gt;(Expression.java:4)
	at asg06.Expression.&lt;init&gt;(Expression.java:4)
	at asg06.Expression.&lt;init&gt;(Expression.java:4)
	at asg06.Expression.&lt;init&gt;(Expression.java:4)
	at asg06.Expression.&lt;init&gt;(Expression.java:4)
	at asg06.Expression.&lt;init&gt;(Expression.java:4)
	at asg06.Expression.&lt;init&gt;(Expression.java:4)
	at asg06.Expression.&lt;init&gt;(Expression.java:4)
	at asg06.Expression.&lt;init&gt;(Expression.java:4)
	at asg06.Expression.&lt;init&gt;(Expression.java:4)
	at asg06.Expression.&lt;init&gt;(Expression.java:4)
	at asg06.Expression.&lt;init&gt;(Expression.java:4)
	at asg06.Expression.&lt;init&gt;(Expression.java:4)
	at asg06.Expression.&lt;init&gt;(Expression.java:4)
	at asg06.Expression.&lt;init&gt;(Expression.java:4)
	at asg06.Expression.&lt;init&gt;(Expression.java:4)
	at asg06.Expression.&lt;init&gt;(Expression.java:4)
	at asg06.Expression.&lt;init&gt;(Expression.java:4)
	at asg06.Expression.&lt;init&gt;(Expression.java:4)
	at asg06.Expression.&lt;init&gt;(Expression.java:4)
	at asg06.Expression.&lt;init&gt;(Expression.java:4)
	at asg06.Expression.&lt;init&gt;(Expression.java:4)
	at asg06.Expression.&lt;init&gt;(Expression.java:4)
	at asg06.Expression.&lt;init&gt;(Expression.java:4)
	at asg06.Expression.&lt;init&gt;(Expression.java:4)
	at asg06.Expression.&lt;init&gt;(Expression.java:4)
	at asg06.Expression.&lt;init&gt;(Expression.java:4)
	at asg06.Expression.&lt;init&gt;(Expression.java:4)
	at asg06.Expression.&lt;init&gt;(Expression.java:4)
	at asg06.Expression.&lt;init&gt;(Expression.java:4)
	at asg06.Expression.&lt;init&gt;(Expression.java:4)
	at asg06.Expression.&lt;init&gt;(Expression.java:4)
	at asg06.Expression.&lt;init&gt;(Expression.java:4)
	at asg06.Expression.&lt;init&gt;(Expression.java:4)
	at asg06.Expression.&lt;init&gt;(Expression.java:4)
	at asg06.Expression.&lt;init&gt;(Expression.java:4)
	at asg06.Expression.&lt;init&gt;(Expression.java:4)
	at asg06.Expression.&lt;init&gt;(Expression.java:4)
	at asg06.Expression.&lt;init&gt;(Expression.java:4)
	at asg06.Expression.&lt;init&gt;(Expression.java:4)
	at asg06.Expression.&lt;init&gt;(Expression.java:4)
	at asg06.Expression.&lt;init&gt;(Expression.java:4)
	at asg06.Expression.&lt;init&gt;(Expression.java:4)
	at asg06.Expression.&lt;init&gt;(Expression.java:4)
	at asg06.Expression.&lt;init&gt;(Expression.java:4)
	at asg06.Expression.&lt;init&gt;(Expression.java:4)
	at asg06.Expression.&lt;init&gt;(Expression.java:4)
	at asg06.Expression.&lt;init&gt;(Expression.java:4)
	at asg06.Expression.&lt;init&gt;(Expression.java:4)
	at asg06.Expression.&lt;init&gt;(Expression.java:4)
	at asg06.Expression.&lt;init&gt;(Expression.java:4)
	at asg06.Expression.&lt;init&gt;(Expression.java:4)
	at asg06.Expression.&lt;init&gt;(Expression.java:4)
	at asg06.Expression.&lt;init&gt;(Expression.java:4)
	at asg06.Expression.&lt;init&gt;(Expression.java:4)
	at asg06.Expression.&lt;init&gt;(Expression.java:4)
	at asg06.Expression.&lt;init&gt;(Expression.java:4)
	at asg06.Expression.&lt;init&gt;(Expression.java:4)
	at asg06.Expression.&lt;init&gt;(Expression.java:4)
	at asg06.Expression.&lt;init&gt;(Expression.java:4)
	at asg06.Expression.&lt;init&gt;(Expression.java:4)
	at asg06.Expression.&lt;init&gt;(Expression.java:4)
	at asg06.Expression.&lt;init&gt;(Expression.java:4)
	at asg06.Expression.&lt;init&gt;(Expression.java:4)
	at asg06.Expression.&lt;init&gt;(Expression.java:4)
	at asg06.Expression.&lt;init&gt;(Expression.java:4)
	at asg06.Expression.&lt;init&gt;(Expression.java:4)
	at asg06.Expression.&lt;init&gt;(Expression.java:4)
	at asg06.Expression.&lt;init&gt;(Expression.java:4)
	at asg06.Expression.&lt;init&gt;(Expression.java:4)
	at asg06.Expression.&lt;init&gt;(Expression.java:4)
	at asg06.Expression.&lt;init&gt;(Expression.java:4)
	at asg06.Expression.&lt;init&gt;(Expression.java:4)
	at asg06.Expression.&lt;init&gt;(Expression.java:4)
	at asg06.Expression.&lt;init&gt;(Expression.java:4)
	at asg06.Expression.&lt;init&gt;(Expression.java:4)
	at asg06.Expression.&lt;init&gt;(Expression.java:4)
	at asg06.Expression.&lt;init&gt;(Expression.java:4)
	at asg06.Expression.&lt;init&gt;(Expression.java:4)
	at asg06.Expression.&lt;init&gt;(Expression.java:4)
	at asg06.Expression.&lt;init&gt;(Expression.java:4)
	at asg06.Expression.&lt;init&gt;(Expression.java:4)
	at asg06.Expression.&lt;init&gt;(Expression.java:4)
	at asg06.Expression.&lt;init&gt;(Expression.java:4)
	at asg06.Expression.&lt;init&gt;(Expression.java:4)
	at asg06.Expression.&lt;init&gt;(Expression.java:4)
	at asg06.Expression.&lt;init&gt;(Expression.java:4)
	at asg06.Expression.&lt;init&gt;(Expression.java:4)
	at asg06.Expression.&lt;init&gt;(Expression.java:4)
	at asg06.Expression.&lt;init&gt;(Expression.java:4)
	at asg06.Expression.&lt;init&gt;(Expression.java:4)
	at asg06.Expression.&lt;init&gt;(Expression.java:4)
	at asg06.Expression.&lt;init&gt;(Expression.java:4)
	at asg06.Expression.&lt;init&gt;(Expression.java:4)
	at asg06.Expression.&lt;init&gt;(Expression.java:4)
	at asg06.Expression.&lt;init&gt;(Expression.java:4)
	at asg06.Expression.&lt;init&gt;(Expression.java:4)
	at asg06.Expression.&lt;init&gt;(Expression.java:4)
	at asg06.Expression.&lt;init&gt;(Expression.java:4)
	at asg06.Expression.&lt;init&gt;(Expression.java:4)
	at asg06.Expression.&lt;init&gt;(Expression.java:4)
	at asg06.Expression.&lt;init&gt;(Expression.java:4)
	at asg06.Expression.&lt;init&gt;(Expression.java:4)
	at asg06.Expression.&lt;init&gt;(Expression.java:4)
	at asg06.Expression.&lt;init&gt;(Expression.java:4)
	at asg06.Expression.&lt;init&gt;(Expression.java:4)
	at asg06.Expression.&lt;init&gt;(Expression.java:4)
	at asg06.Expression.&lt;init&gt;(Expression.java:4)
	at asg06.Expression.&lt;init&gt;(Expression.java:4)
	at asg06.Expression.&lt;init&gt;(Expression.java:4)
	at asg06.Expression.&lt;init&gt;(Expression.java:4)
	at asg06.Expression.&lt;init&gt;(Expression.java:4)
	at asg06.Expression.&lt;init&gt;(Expression.java:4)
	at asg06.Expression.&lt;init&gt;(Expression.java:4)
	at asg06.Expression.&lt;init&gt;(Expression.java:4)
	at asg06.Expression.&lt;init&gt;(Expression.java:4)
	at asg06.Expression.&lt;init&gt;(Expression.java:4)
	at asg06.Expression.&lt;init&gt;(Expression.java:4)
	at asg06.Expression.&lt;init&gt;(Expression.java:4)
	at asg06.Expression.&lt;init&gt;(Expression.java:4)
	at asg06.Expression.&lt;init&gt;(Expression.java:4)
	at asg06.Expression.&lt;init&gt;(Expression.java:4)
	at asg06.Expression.&lt;init&gt;(Expression.java:4)
	at asg06.Expression.&lt;init&gt;(Expression.java:4)
	at asg06.Expression.&lt;init&gt;(Expression.java:4)
	at asg06.Expression.&lt;init&gt;(Expression.java:4)
	at asg06.Expression.&lt;init&gt;(Expression.java:4)
	at asg06.Expression.&lt;init&gt;(Expression.java:4)
	at asg06.Expression.&lt;init&gt;(Expression.java:4)
	at asg06.Expression.&lt;init&gt;(Expression.java:4)
	at asg06.Expression.&lt;init&gt;(Expression.java:4)
	at asg06.Expression.&lt;init&gt;(Expression.java:4)
	at asg06.Expression.&lt;init&gt;(Expression.java:4)
	at asg06.Expression.&lt;init&gt;(Expression.java:4)
	at asg06.Expression.&lt;init&gt;(Expression.java:4)
	at asg06.Expression.&lt;init&gt;(Expression.java:4)
	at asg06.Expression.&lt;init&gt;(Expression.java:4)
	at asg06.Expression.&lt;init&gt;(Expression.java:4)
	at asg06.Expression.&lt;init&gt;(Expression.java:4)
	at asg06.Expression.&lt;init&gt;(Expression.java:4)
	at asg06.Expression.&lt;init&gt;(Expression.java:4)
	at asg06.Expression.&lt;init&gt;(Expression.java:4)
	at asg06.Expression.&lt;init&gt;(Expression.java:4)
	at asg06.Expression.&lt;init&gt;(Expression.java:4)
	at asg06.Expression.&lt;init&gt;(Expression.java:4)
	at asg06.Expression.&lt;init&gt;(Expression.java:4)
	at asg06.Expression.&lt;init&gt;(Expression.java:4)
	at asg06.Expression.&lt;init&gt;(Expression.java:4)
	at asg06.Expression.&lt;init&gt;(Expression.java:4)
	at asg06.Expression.&lt;init&gt;(Expression.java:4)
	at asg06.Expression.&lt;init&gt;(Expression.java:4)
	at asg06.Expression.&lt;init&gt;(Expression.java:4)
	at asg06.Expression.&lt;init&gt;(Expression.java:4)
	at asg06.Expression.&lt;init&gt;(Expression.java:4)
	at asg06.Expression.&lt;init&gt;(Expression.java:4)
	at asg06.Expression.&lt;init&gt;(Expression.java:4)
	at asg06.Expression.&lt;init&gt;(Expression.java:4)
	at asg06.Expression.&lt;init&gt;(Expression.java:4)
	at asg06.Expression.&lt;init&gt;(Expression.java:4)
	at asg06.Expression.&lt;init&gt;(Expression.java:4)
	at asg06.Expression.&lt;init&gt;(Expression.java:4)
	at asg06.Expression.&lt;init&gt;(Expression.java:4)
	at asg06.Expression.&lt;init&gt;(Expression.java:4)
	at asg06.Expression.&lt;init&gt;(Expression.java:4)
	at asg06.Expression.&lt;init&gt;(Expression.java:4)
	at asg06.Expression.&lt;init&gt;(Expression.java:4)
	at asg06.Expression.&lt;init&gt;(Expression.java:4)
	at asg06.Expression.&lt;init&gt;(Expression.java:4)
	at asg06.Expression.&lt;init&gt;(Expression.java:4)
	at asg06.Expression.&lt;init&gt;(Expression.java:4)
	at asg06.Expression.&lt;init&gt;(Expression.java:4)
	at asg06.Expression.&lt;init&gt;(Expression.java:4)
	at asg06.Expression.&lt;init&gt;(Expression.java:4)
	at asg06.Expression.&lt;init&gt;(Expression.java:4)
	at asg06.Expression.&lt;init&gt;(Expression.java:4)
	at asg06.Expression.&lt;init&gt;(Expression.java:4)
	at asg06.Expression.&lt;init&gt;(Expression.java:4)
	at asg06.Expression.&lt;init&gt;(Expression.java:4)
	at asg06.Expression.&lt;init&gt;(Expression.java:4)
	at asg06.Expression.&lt;init&gt;(Expression.java:4)
	at asg06.Expression.&lt;init&gt;(Expression.java:4)
	at asg06.Expression.&lt;init&gt;(Expression.java:4)
	at asg06.Expression.&lt;init&gt;(Expression.java:4)
	at asg06.Expression.&lt;init&gt;(Expression.java:4)
	at asg06.Expression.&lt;init&gt;(Expression.java:4)
	at asg06.Expression.&lt;init&gt;(Expression.java:4)
	at asg06.Expression.&lt;init&gt;(Expression.java:4)
	at asg06.Expression.&lt;init&gt;(Expression.java:4)
	at asg06.Expression.&lt;init&gt;(Expression.java:4)
	at asg06.Expression.&lt;init&gt;(Expression.java:4)
	at asg06.Expression.&lt;init&gt;(Expression.java:4)
	at asg06.Expression.&lt;init&gt;(Expression.java:4)
	at asg06.Expression.&lt;init&gt;(Expression.java:4)
</error>
  </testcase>
</testsuite>